[I 2026-01-17 10:22:14,813] Trial 1655 finished with value: 1.0739050680152373 and parameters: {'thresholds.entry_conf_overall': 0.27, 'thresholds.regime_proba.balanced': 0.56, 'thresholds.regime_proba.bull': 0.48000000000000004, 'thresholds.regime_proba.bear': 0.42000000000000004, 'thresholds.regime_proba.ranging': 0.48000000000000004, 'thresholds.signal_adaptation.zones.low.entry_conf_overall': 0.3, 'thresholds.signal_adaptation.zones.low.regime_proba': 0.41, 'thresholds.signal_adaptation.zones.mid.entry_conf_overall': 0.27, 'thresholds.signal_adaptation.zones.mid.regime_proba': 0.43, 'thresholds.signal_adaptation.zones.high.entry_conf_overall': 0.4, 'thresholds.signal_adaptation.zones.high.regime_proba': 0.46, 'exit.exit_conf_threshold': 0.4, 'exit.max_hold_bars': 20, 'exit.trailing_stop_pct': 0.015, 'multi_timeframe.ltf_override_threshold': 0.38, 'htf_fib.entry.tolerance_atr': 3.0, 'ltf_fib.entry.tolerance_atr': 2.5, 'htf_exit_config.partial_1_pct': 0.61, 'htf_exit_config.partial_2_pct': 0.35, 'htf_exit_config.fib_threshold_atr': 0.6, 'htf_exit_config.trail_atr_multiplier': 2.5}. Best is trial 12 with value: 1.2623464777026068.
[I 2026-01-17 10:22:55,334] Trial 1656 pruned. 
[I 2026-01-17 10:23:35,447] Trial 1657 pruned. 
[I 2026-01-17 10:24:48,718] Trial 1658 pruned. 
[I 2026-01-17 10:25:28,241] Trial 1659 pruned. 
[I 2026-01-17 10:26:08,209] Trial 1660 pruned. 
[I 2026-01-17 10:26:48,393] Trial 1661 pruned. 
[I 2026-01-17 10:27:27,867] Trial 1662 pruned. 
[I 2026-01-17 10:28:11,411] Trial 1663 pruned. 
[I 2026-01-17 10:29:07,710] Trial 1664 finished with value: 1.0739050680152373 and parameters: {'thresholds.entry_conf_overall': 0.31, 'thresholds.regime_proba.balanced': 0.5, 'thresholds.regime_proba.bull': 0.48000000000000004, 'thresholds.regime_proba.bear': 0.42000000000000004, 'thresholds.regime_proba.ranging': 0.44, 'thresholds.signal_adaptation.zones.low.entry_conf_overall': 0.22, 'thresholds.signal_adaptation.zones.low.regime_proba': 0.33999999999999997, 'thresholds.signal_adaptation.zones.mid.entry_conf_overall': 0.28, 'thresholds.signal_adaptation.zones.mid.regime_proba': 0.44, 'thresholds.signal_adaptation.zones.high.entry_conf_overall': 0.43, 'thresholds.signal_adaptation.zones.high.regime_proba': 0.48, 'exit.exit_conf_threshold': 0.4, 'exit.max_hold_bars': 23, 'exit.trailing_stop_pct': 0.014, 'multi_timeframe.ltf_override_threshold': 0.52, 'htf_fib.entry.tolerance_atr': 2.0, 'ltf_fib.entry.tolerance_atr': 2.25, 'htf_exit_config.partial_1_pct': 0.55, 'htf_exit_config.partial_2_pct': 0.35, 'htf_exit_config.fib_threshold_atr': 0.6, 'htf_exit_config.trail_atr_multiplier': 3.5}. Best is trial 12 with value: 1.2623464777026068.
[I 2026-01-17 10:29:49,045] Trial 1665 pruned. 
[I 2026-01-17 10:30:28,588] Trial 1666 pruned. 
[I 2026-01-17 10:31:09,472] Trial 1667 pruned. 
[I 2026-01-17 10:31:49,511] Trial 1668 pruned. 
[I 2026-01-17 10:32:29,059] Trial 1669 pruned. 
[I 2026-01-17 10:33:43,958] Trial 1670 pruned. 
[I 2026-01-17 10:34:23,588] Trial 1671 pruned. 
[I 2026-01-17 10:35:03,778] Trial 1672 pruned. 
[I 2026-01-17 10:35:43,751] Trial 1673 pruned. 
[I 2026-01-17 10:36:58,257] Trial 1674 pruned. 
[I 2026-01-17 10:38:04,764] Trial 1675 pruned. 
[I 2026-01-17 10:38:44,878] Trial 1676 pruned. 
[I 2026-01-17 10:39:24,476] Trial 1677 pruned. 
[I 2026-01-17 10:40:05,731] Trial 1678 pruned. 
[I 2026-01-17 10:40:46,645] Trial 1679 pruned. 
[I 2026-01-17 10:41:26,509] Trial 1680 pruned. 
[I 2026-01-17 10:42:22,465] Trial 1681 finished with value: 1.0739050680152373 and parameters: {'thresholds.entry_conf_overall': 0.19, 'thresholds.regime_proba.balanced': 0.48000000000000004, 'thresholds.regime_proba.bull': 0.54, 'thresholds.regime_proba.bear': 0.5800000000000001, 'thresholds.regime_proba.ranging': 0.54, 'thresholds.signal_adaptation.zones.low.entry_conf_overall': 0.27, 'thresholds.signal_adaptation.zones.low.regime_proba': 0.31, 'thresholds.signal_adaptation.zones.mid.entry_conf_overall': 0.36, 'thresholds.signal_adaptation.zones.mid.regime_proba': 0.39999999999999997, 'thresholds.signal_adaptation.zones.high.entry_conf_overall': 0.35, 'thresholds.signal_adaptation.zones.high.regime_proba': 0.44, 'exit.exit_conf_threshold': 0.4, 'exit.max_hold_bars': 11, 'exit.trailing_stop_pct': 0.012, 'multi_timeframe.ltf_override_threshold': 0.3, 'htf_fib.entry.tolerance_atr': 6.0, 'ltf_fib.entry.tolerance_atr': 1.5, 'htf_exit_config.partial_1_pct': 0.53, 'htf_exit_config.partial_2_pct': 0.5, 'htf_exit_config.fib_threshold_atr': 0.8, 'htf_exit_config.trail_atr_multiplier': 3.4000000000000004}. Best is trial 12 with value: 1.2623464777026068.
[I 2026-01-17 10:43:02,686] Trial 1682 pruned. 
[I 2026-01-17 10:43:43,990] Trial 1683 pruned. 
[I 2026-01-17 10:44:24,836] Trial 1684 pruned. 
[I 2026-01-17 10:45:06,417] Trial 1685 pruned. 
[I 2026-01-17 10:45:46,828] Trial 1686 pruned. 
[I 2026-01-17 10:46:42,975] Trial 1687 finished with value: 1.2623464777026068 and parameters: {'thresholds.entry_conf_overall': 0.32, 'thresholds.regime_proba.balanced': 0.54, 'thresholds.regime_proba.bull': 0.56, 'thresholds.regime_proba.bear': 0.48000000000000004, 'thresholds.regime_proba.ranging': 0.4, 'thresholds.signal_adaptation.zones.low.entry_conf_overall': 0.3, 'thresholds.signal_adaptation.zones.low.regime_proba': 0.44, 'thresholds.signal_adaptation.zones.mid.entry_conf_overall': 0.31, 'thresholds.signal_adaptation.zones.mid.regime_proba': 0.42, 'thresholds.signal_adaptation.zones.high.entry_conf_overall': 0.39, 'thresholds.signal_adaptation.zones.high.regime_proba': 0.48, 'exit.exit_conf_threshold': 0.42000000000000004, 'exit.max_hold_bars': 14, 'exit.trailing_stop_pct': 0.018000000000000002, 'multi_timeframe.ltf_override_threshold': 0.33999999999999997, 'htf_fib.entry.tolerance_atr': 2.0, 'ltf_fib.entry.tolerance_atr': 1.5, 'htf_exit_config.partial_1_pct': 0.53, 'htf_exit_config.partial_2_pct': 0.35, 'htf_exit_config.fib_threshold_atr': 0.65, 'htf_exit_config.trail_atr_multiplier': 3.2}. Best is trial 12 with value: 1.2623464777026068.
[I 2026-01-17 10:47:39,169] Trial 1688 finished with value: 1.2623464777026068 and parameters: {'thresholds.entry_conf_overall': 0.26, 'thresholds.regime_proba.balanced': 0.5, 'thresholds.regime_proba.bull': 0.54, 'thresholds.regime_proba.bear': 0.42000000000000004, 'thresholds.regime_proba.ranging': 0.48000000000000004, 'thresholds.signal_adaptation.zones.low.entry_conf_overall': 0.24000000000000002, 'thresholds.signal_adaptation.zones.low.regime_proba': 0.35, 'thresholds.signal_adaptation.zones.mid.entry_conf_overall': 0.32, 'thresholds.signal_adaptation.zones.mid.regime_proba': 0.44999999999999996, 'thresholds.signal_adaptation.zones.high.entry_conf_overall': 0.33, 'thresholds.signal_adaptation.zones.high.regime_proba': 0.5, 'exit.exit_conf_threshold': 0.42000000000000004, 'exit.max_hold_bars': 20, 'exit.trailing_stop_pct': 0.01, 'multi_timeframe.ltf_override_threshold': 0.33999999999999997, 'htf_fib.entry.tolerance_atr': 2.0, 'ltf_fib.entry.tolerance_atr': 1.75, 'htf_exit_config.partial_1_pct': 0.5700000000000001, 'htf_exit_config.partial_2_pct': 0.5, 'htf_exit_config.fib_threshold_atr': 0.6, 'htf_exit_config.trail_atr_multiplier': 2.9000000000000004}. Best is trial 12 with value: 1.2623464777026068.
[I 2026-01-17 10:48:19,142] Trial 1689 pruned. 
[I 2026-01-17 10:49:00,221] Trial 1690 pruned. 
[I 2026-01-17 10:49:40,541] Trial 1691 pruned. 
[I 2026-01-17 10:50:20,120] Trial 1692 pruned. 
[I 2026-01-17 10:51:00,047] Trial 1693 pruned. 
[I 2026-01-17 10:51:40,021] Trial 1694 pruned. 
[I 2026-01-17 10:52:36,003] Trial 1695 finished with value: 1.2623464777026068 and parameters: {'thresholds.entry_conf_overall': 0.29, 'thresholds.regime_proba.balanced': 0.5, 'thresholds.regime_proba.bull': 0.5800000000000001, 'thresholds.regime_proba.bear': 0.48000000000000004, 'thresholds.regime_proba.ranging': 0.4, 'thresholds.signal_adaptation.zones.low.entry_conf_overall': 0.23, 'thresholds.signal_adaptation.zones.low.regime_proba': 0.35, 'thresholds.signal_adaptation.zones.mid.entry_conf_overall': 0.26, 'thresholds.signal_adaptation.zones.mid.regime_proba': 0.49, 'thresholds.signal_adaptation.zones.high.entry_conf_overall': 0.44, 'thresholds.signal_adaptation.zones.high.regime_proba': 0.48, 'exit.exit_conf_threshold': 0.42000000000000004, 'exit.max_hold_bars': 22, 'exit.trailing_stop_pct': 0.015, 'multi_timeframe.ltf_override_threshold': 0.52, 'htf_fib.entry.tolerance_atr': 4.5, 'ltf_fib.entry.tolerance_atr': 2.0, 'htf_exit_config.partial_1_pct': 0.5900000000000001, 'htf_exit_config.partial_2_pct': 0.35, 'htf_exit_config.fib_threshold_atr': 0.65, 'htf_exit_config.trail_atr_multiplier': 3.4000000000000004}. Best is trial 12 with value: 1.2623464777026068.
[I 2026-01-17 10:53:31,328] Trial 1696 finished with value: 1.2623464777026068 and parameters: {'thresholds.entry_conf_overall': 0.29, 'thresholds.regime_proba.balanced': 0.4, 'thresholds.regime_proba.bull': 0.4, 'thresholds.regime_proba.bear': 0.54, 'thresholds.regime_proba.ranging': 0.5800000000000001, 'thresholds.signal_adaptation.zones.low.entry_conf_overall': 0.23, 'thresholds.signal_adaptation.zones.low.regime_proba': 0.44999999999999996, 'thresholds.signal_adaptation.zones.mid.entry_conf_overall': 0.26, 'thresholds.signal_adaptation.zones.mid.regime_proba': 0.44999999999999996, 'thresholds.signal_adaptation.zones.high.entry_conf_overall': 0.43, 'thresholds.signal_adaptation.zones.high.regime_proba': 0.49, 'exit.exit_conf_threshold': 0.42000000000000004, 'exit.max_hold_bars': 20, 'exit.trailing_stop_pct': 0.019000000000000003, 'multi_timeframe.ltf_override_threshold': 0.4, 'htf_fib.entry.tolerance_atr': 5.0, 'ltf_fib.entry.tolerance_atr': 1.5, 'htf_exit_config.partial_1_pct': 0.55, 'htf_exit_config.partial_2_pct': 0.5, 'htf_exit_config.fib_threshold_atr': 1.05, 'htf_exit_config.trail_atr_multiplier': 3.6}. Best is trial 12 with value: 1.2623464777026068.
[I 2026-01-17 10:54:46,104] Trial 1697 pruned. 
[I 2026-01-17 10:55:26,139] Trial 1698 pruned. 
[I 2026-01-17 10:56:06,659] Trial 1699 pruned. 
[I 2026-01-17 10:57:13,883] Trial 1700 pruned. 
[I 2026-01-17 10:57:58,605] Trial 1701 pruned. 
[I 2026-01-17 10:58:38,705] Trial 1702 pruned. 
[I 2026-01-17 10:59:18,879] Trial 1703 pruned. 
[I 2026-01-17 11:00:14,978] Trial 1704 finished with value: 1.0739050680152373 and parameters: {'thresholds.entry_conf_overall': 0.3, 'thresholds.regime_proba.balanced': 0.46, 'thresholds.regime_proba.bull': 0.42000000000000004, 'thresholds.regime_proba.bear': 0.52, 'thresholds.regime_proba.ranging': 0.6, 'thresholds.signal_adaptation.zones.low.entry_conf_overall': 0.25, 'thresholds.signal_adaptation.zones.low.regime_proba': 0.39, 'thresholds.signal_adaptation.zones.mid.entry_conf_overall': 0.28, 'thresholds.signal_adaptation.zones.mid.regime_proba': 0.48, 'thresholds.signal_adaptation.zones.high.entry_conf_overall': 0.44, 'thresholds.signal_adaptation.zones.high.regime_proba': 0.44, 'exit.exit_conf_threshold': 0.4, 'exit.max_hold_bars': 23, 'exit.trailing_stop_pct': 0.018000000000000002, 'multi_timeframe.ltf_override_threshold': 0.48, 'htf_fib.entry.tolerance_atr': 4.0, 'ltf_fib.entry.tolerance_atr': 1.75, 'htf_exit_config.partial_1_pct': 0.47000000000000003, 'htf_exit_config.partial_2_pct': 0.55, 'htf_exit_config.fib_threshold_atr': 1.1, 'htf_exit_config.trail_atr_multiplier': 3.5}. Best is trial 12 with value: 1.2623464777026068.
[I 2026-01-17 11:00:55,778] Trial 1705 pruned. 
[I 2026-01-17 11:01:36,743] Trial 1706 pruned. 
[I 2026-01-17 11:02:50,818] Trial 1707 pruned. 
[I 2026-01-17 11:03:31,481] Trial 1708 pruned. 
[I 2026-01-17 11:04:11,668] Trial 1709 pruned. 
[I 2026-01-17 11:04:52,000] Trial 1710 pruned. 
[I 2026-01-17 11:06:06,524] Trial 1711 pruned. 
[I 2026-01-17 11:06:48,171] Trial 1712 pruned. 
[I 2026-01-17 11:07:28,722] Trial 1713 pruned. 
[I 2026-01-17 11:08:43,539] Trial 1714 pruned. 
[I 2026-01-17 11:09:27,266] Trial 1715 pruned. 
[I 2026-01-17 11:10:41,776] Trial 1716 pruned. 
[I 2026-01-17 11:11:22,287] Trial 1717 pruned. 
[I 2026-01-17 11:12:05,341] Trial 1718 pruned. 
[I 2026-01-17 11:13:19,578] Trial 1719 pruned. 
[I 2026-01-17 11:14:01,409] Trial 1720 pruned. 
[I 2026-01-17 11:14:42,607] Trial 1721 pruned. 
[I 2026-01-17 11:15:27,981] Trial 1722 pruned. 
[I 2026-01-17 11:16:09,046] Trial 1723 pruned. 
[I 2026-01-17 11:16:49,725] Trial 1724 pruned. 
[I 2026-01-17 11:18:30,688] Trial 1725 pruned. 
[I 2026-01-17 11:19:15,554] Trial 1726 pruned. 
[I 2026-01-17 11:19:55,651] Trial 1727 pruned. 
[I 2026-01-17 11:20:51,781] Trial 1728 finished with value: 1.2623464777026068 and parameters: {'thresholds.entry_conf_overall': 0.32, 'thresholds.regime_proba.balanced': 0.5800000000000001, 'thresholds.regime_proba.bull': 0.56, 'thresholds.regime_proba.bear': 0.4, 'thresholds.regime_proba.ranging': 0.4, 'thresholds.signal_adaptation.zones.low.entry_conf_overall': 0.3, 'thresholds.signal_adaptation.zones.low.regime_proba': 0.42, 'thresholds.signal_adaptation.zones.mid.entry_conf_overall': 0.26, 'thresholds.signal_adaptation.zones.mid.regime_proba': 0.47, 'thresholds.signal_adaptation.zones.high.entry_conf_overall': 0.36, 'thresholds.signal_adaptation.zones.high.regime_proba': 0.48, 'exit.exit_conf_threshold': 0.42000000000000004, 'exit.max_hold_bars': 16, 'exit.trailing_stop_pct': 0.015, 'multi_timeframe.ltf_override_threshold': 0.45999999999999996, 'htf_fib.entry.tolerance_atr': 2.0, 'ltf_fib.entry.tolerance_atr': 1.0, 'htf_exit_config.partial_1_pct': 0.49, 'htf_exit_config.partial_2_pct': 0.5, 'htf_exit_config.fib_threshold_atr': 0.65, 'htf_exit_config.trail_atr_multiplier': 3.3}. Best is trial 12 with value: 1.2623464777026068.
[I 2026-01-17 11:21:48,502] Trial 1729 finished with value: 1.0739050680152373 and parameters: {'thresholds.entry_conf_overall': 0.27, 'thresholds.regime_proba.balanced': 0.48000000000000004, 'thresholds.regime_proba.bull': 0.5, 'thresholds.regime_proba.bear': 0.48000000000000004, 'thresholds.regime_proba.ranging': 0.46, 'thresholds.signal_adaptation.zones.low.entry_conf_overall': 0.21000000000000002, 'thresholds.signal_adaptation.zones.low.regime_proba': 0.4, 'thresholds.signal_adaptation.zones.mid.entry_conf_overall': 0.27, 'thresholds.signal_adaptation.zones.mid.regime_proba': 0.45999999999999996, 'thresholds.signal_adaptation.zones.high.entry_conf_overall': 0.34, 'thresholds.signal_adaptation.zones.high.regime_proba': 0.44, 'exit.exit_conf_threshold': 0.4, 'exit.max_hold_bars': 24, 'exit.trailing_stop_pct': 0.01, 'multi_timeframe.ltf_override_threshold': 0.33999999999999997, 'htf_fib.entry.tolerance_atr': 2.5, 'ltf_fib.entry.tolerance_atr': 1.75, 'htf_exit_config.partial_1_pct': 0.61, 'htf_exit_config.partial_2_pct': 0.55, 'htf_exit_config.fib_threshold_atr': 0.75, 'htf_exit_config.trail_atr_multiplier': 3.1}. Best is trial 12 with value: 1.2623464777026068.
[I 2026-01-17 11:22:29,749] Trial 1730 pruned. 
[I 2026-01-17 11:23:10,270] Trial 1731 pruned. 
[I 2026-01-17 11:23:50,335] Trial 1732 pruned. 
[I 2026-01-17 11:24:30,761] Trial 1733 pruned. 
[I 2026-01-17 11:25:13,452] Trial 1734 pruned. 
[I 2026-01-17 11:25:53,855] Trial 1735 pruned. 
[I 2026-01-17 11:26:34,695] Trial 1736 pruned. 
[I 2026-01-17 11:27:17,208] Trial 1737 pruned. 
[I 2026-01-17 11:27:59,214] Trial 1738 pruned. 
[I 2026-01-17 11:28:39,945] Trial 1739 pruned. 
[I 2026-01-17 11:29:20,332] Trial 1740 pruned. 
[I 2026-01-17 11:30:04,959] Trial 1741 pruned. 
[I 2026-01-17 11:30:47,105] Trial 1742 pruned. 
[I 2026-01-17 11:31:28,592] Trial 1743 pruned. 
[I 2026-01-17 11:32:09,315] Trial 1744 pruned. 
[I 2026-01-17 11:32:50,882] Trial 1745 pruned. 
[I 2026-01-17 11:33:31,024] Trial 1746 pruned. 
[I 2026-01-17 11:34:28,219] Trial 1747 finished with value: 1.2623464777026068 and parameters: {'thresholds.entry_conf_overall': 0.29, 'thresholds.regime_proba.balanced': 0.4, 'thresholds.regime_proba.bull': 0.44, 'thresholds.regime_proba.bear': 0.48000000000000004, 'thresholds.regime_proba.ranging': 0.6, 'thresholds.signal_adaptation.zones.low.entry_conf_overall': 0.27, 'thresholds.signal_adaptation.zones.low.regime_proba': 0.41, 'thresholds.signal_adaptation.zones.mid.entry_conf_overall': 0.27, 'thresholds.signal_adaptation.zones.mid.regime_proba': 0.43, 'thresholds.signal_adaptation.zones.high.entry_conf_overall': 0.37, 'thresholds.signal_adaptation.zones.high.regime_proba': 0.46, 'exit.exit_conf_threshold': 0.42000000000000004, 'exit.max_hold_bars': 18, 'exit.trailing_stop_pct': 0.018000000000000002, 'multi_timeframe.ltf_override_threshold': 0.52, 'htf_fib.entry.tolerance_atr': 4.0, 'ltf_fib.entry.tolerance_atr': 2.0, 'htf_exit_config.partial_1_pct': 0.55, 'htf_exit_config.partial_2_pct': 0.39999999999999997, 'htf_exit_config.fib_threshold_atr': 0.95, 'htf_exit_config.trail_atr_multiplier': 3.5}. Best is trial 12 with value: 1.2623464777026068.
[I 2026-01-17 11:35:10,160] Trial 1748 pruned. 
[I 2026-01-17 11:35:50,616] Trial 1749 pruned. 
[I 2026-01-17 11:36:59,969] Trial 1750 pruned. 
[I 2026-01-17 11:37:40,722] Trial 1751 pruned. 
[I 2026-01-17 11:38:21,164] Trial 1752 pruned. 
[I 2026-01-17 11:39:35,842] Trial 1753 pruned. 
[I 2026-01-17 11:40:16,834] Trial 1754 pruned. 
[I 2026-01-17 11:41:13,853] Trial 1755 finished with value: 1.0739050680152373 and parameters: {'thresholds.entry_conf_overall': 0.21, 'thresholds.regime_proba.balanced': 0.5800000000000001, 'thresholds.regime_proba.bull': 0.52, 'thresholds.regime_proba.bear': 0.46, 'thresholds.regime_proba.ranging': 0.4, 'thresholds.signal_adaptation.zones.low.entry_conf_overall': 0.23, 'thresholds.signal_adaptation.zones.low.regime_proba': 0.31, 'thresholds.signal_adaptation.zones.mid.entry_conf_overall': 0.29000000000000004, 'thresholds.signal_adaptation.zones.mid.regime_proba': 0.44999999999999996, 'thresholds.signal_adaptation.zones.high.entry_conf_overall': 0.43, 'thresholds.signal_adaptation.zones.high.regime_proba': 0.49, 'exit.exit_conf_threshold': 0.4, 'exit.max_hold_bars': 20, 'exit.trailing_stop_pct': 0.013000000000000001, 'multi_timeframe.ltf_override_threshold': 0.42, 'htf_fib.entry.tolerance_atr': 3.5, 'ltf_fib.entry.tolerance_atr': 1.75, 'htf_exit_config.partial_1_pct': 0.5700000000000001, 'htf_exit_config.partial_2_pct': 0.35, 'htf_exit_config.fib_threshold_atr': 0.75, 'htf_exit_config.trail_atr_multiplier': 3.0}. Best is trial 12 with value: 1.2623464777026068.
[I 2026-01-17 11:41:56,104] Trial 1756 pruned. 
[I 2026-01-17 11:42:37,719] Trial 1757 pruned. 
[I 2026-01-17 11:43:18,410] Trial 1758 pruned. 
[I 2026-01-17 11:44:34,231] Trial 1759 pruned. 
[I 2026-01-17 11:45:16,356] Trial 1760 pruned. 
[I 2026-01-17 11:46:30,270] Trial 1761 pruned. 
[I 2026-01-17 11:47:45,053] Trial 1762 pruned. 
[I 2026-01-17 11:48:25,242] Trial 1763 pruned. 
[I 2026-01-17 11:49:06,324] Trial 1764 pruned. 
[I 2026-01-17 11:49:48,221] Trial 1765 pruned. 
[I 2026-01-17 11:51:02,619] Trial 1766 pruned. 
[I 2026-01-17 11:51:43,140] Trial 1767 pruned. 
[I 2026-01-17 11:52:41,068] Trial 1768 finished with value: 1.0739050680152373 and parameters: {'thresholds.entry_conf_overall': 0.25, 'thresholds.regime_proba.balanced': 0.48000000000000004, 'thresholds.regime_proba.bull': 0.42000000000000004, 'thresholds.regime_proba.bear': 0.4, 'thresholds.regime_proba.ranging': 0.44, 'thresholds.signal_adaptation.zones.low.entry_conf_overall': 0.24000000000000002, 'thresholds.signal_adaptation.zones.low.regime_proba': 0.31, 'thresholds.signal_adaptation.zones.mid.entry_conf_overall': 0.36, 'thresholds.signal_adaptation.zones.mid.regime_proba': 0.41, 'thresholds.signal_adaptation.zones.high.entry_conf_overall': 0.43, 'thresholds.signal_adaptation.zones.high.regime_proba': 0.44, 'exit.exit_conf_threshold': 0.4, 'exit.max_hold_bars': 15, 'exit.trailing_stop_pct': 0.017, 'multi_timeframe.ltf_override_threshold': 0.48, 'htf_fib.entry.tolerance_atr': 3.0, 'ltf_fib.entry.tolerance_atr': 2.0, 'htf_exit_config.partial_1_pct': 0.67, 'htf_exit_config.partial_2_pct': 0.44999999999999996, 'htf_exit_config.fib_threshold_atr': 0.7, 'htf_exit_config.trail_atr_multiplier': 2.1}. Best is trial 12 with value: 1.2623464777026068.
[I 2026-01-17 11:53:21,883] Trial 1769 pruned. 
[I 2026-01-17 11:54:04,294] Trial 1770 pruned. 
[I 2026-01-17 11:55:01,002] Trial 1771 finished with value: 1.0739050680152373 and parameters: {'thresholds.entry_conf_overall': 0.22999999999999998, 'thresholds.regime_proba.balanced': 0.52, 'thresholds.regime_proba.bull': 0.4, 'thresholds.regime_proba.bear': 0.42000000000000004, 'thresholds.regime_proba.ranging': 0.44, 'thresholds.signal_adaptation.zones.low.entry_conf_overall': 0.2, 'thresholds.signal_adaptation.zones.low.regime_proba': 0.37, 'thresholds.signal_adaptation.zones.mid.entry_conf_overall': 0.34, 'thresholds.signal_adaptation.zones.mid.regime_proba': 0.44, 'thresholds.signal_adaptation.zones.high.entry_conf_overall': 0.43, 'thresholds.signal_adaptation.zones.high.regime_proba': 0.49, 'exit.exit_conf_threshold': 0.4, 'exit.max_hold_bars': 24, 'exit.trailing_stop_pct': 0.011, 'multi_timeframe.ltf_override_threshold': 0.45999999999999996, 'htf_fib.entry.tolerance_atr': 2.5, 'ltf_fib.entry.tolerance_atr': 2.0, 'htf_exit_config.partial_1_pct': 0.49, 'htf_exit_config.partial_2_pct': 0.35, 'htf_exit_config.fib_threshold_atr': 0.8, 'htf_exit_config.trail_atr_multiplier': 2.8}. Best is trial 12 with value: 1.2623464777026068.
