[I 2026-01-17 07:53:30,973] Trial 1466 finished with value: 1.2623464777026068 and parameters: {'thresholds.entry_conf_overall': 0.32, 'thresholds.regime_proba.balanced': 0.48000000000000004, 'thresholds.regime_proba.bull': 0.42000000000000004, 'thresholds.regime_proba.bear': 0.44, 'thresholds.regime_proba.ranging': 0.4, 'thresholds.signal_adaptation.zones.low.entry_conf_overall': 0.23, 'thresholds.signal_adaptation.zones.low.regime_proba': 0.32, 'thresholds.signal_adaptation.zones.mid.entry_conf_overall': 0.36, 'thresholds.signal_adaptation.zones.mid.regime_proba': 0.42, 'thresholds.signal_adaptation.zones.high.entry_conf_overall': 0.44, 'thresholds.signal_adaptation.zones.high.regime_proba': 0.46, 'exit.exit_conf_threshold': 0.42000000000000004, 'exit.max_hold_bars': 17, 'exit.trailing_stop_pct': 0.02, 'multi_timeframe.ltf_override_threshold': 0.52, 'htf_fib.entry.tolerance_atr': 3.0, 'ltf_fib.entry.tolerance_atr': 1.75, 'htf_exit_config.partial_1_pct': 0.5900000000000001, 'htf_exit_config.partial_2_pct': 0.44999999999999996, 'htf_exit_config.fib_threshold_atr': 0.6, 'htf_exit_config.trail_atr_multiplier': 2.0}. Best is trial 12 with value: 1.2623464777026068.
[I 2026-01-17 07:54:09,665] Trial 1467 pruned. 
[I 2026-01-17 07:54:47,980] Trial 1468 pruned. 
[I 2026-01-17 07:55:26,398] Trial 1469 pruned. 
[I 2026-01-17 07:56:21,024] Trial 1470 finished with value: 1.0739050680152373 and parameters: {'thresholds.entry_conf_overall': 0.25, 'thresholds.regime_proba.balanced': 0.46, 'thresholds.regime_proba.bull': 0.5800000000000001, 'thresholds.regime_proba.bear': 0.4, 'thresholds.regime_proba.ranging': 0.44, 'thresholds.signal_adaptation.zones.low.entry_conf_overall': 0.27, 'thresholds.signal_adaptation.zones.low.regime_proba': 0.43, 'thresholds.signal_adaptation.zones.mid.entry_conf_overall': 0.3, 'thresholds.signal_adaptation.zones.mid.regime_proba': 0.43, 'thresholds.signal_adaptation.zones.high.entry_conf_overall': 0.35, 'thresholds.signal_adaptation.zones.high.regime_proba': 0.47, 'exit.exit_conf_threshold': 0.4, 'exit.max_hold_bars': 14, 'exit.trailing_stop_pct': 0.014, 'multi_timeframe.ltf_override_threshold': 0.4, 'htf_fib.entry.tolerance_atr': 6.0, 'ltf_fib.entry.tolerance_atr': 2.5, 'htf_exit_config.partial_1_pct': 0.5900000000000001, 'htf_exit_config.partial_2_pct': 0.5, 'htf_exit_config.fib_threshold_atr': 0.75, 'htf_exit_config.trail_atr_multiplier': 2.8}. Best is trial 12 with value: 1.2623464777026068.
[I 2026-01-17 07:57:16,084] Trial 1471 finished with value: 1.0739050680152373 and parameters: {'thresholds.entry_conf_overall': 0.3, 'thresholds.regime_proba.balanced': 0.52, 'thresholds.regime_proba.bull': 0.54, 'thresholds.regime_proba.bear': 0.4, 'thresholds.regime_proba.ranging': 0.4, 'thresholds.signal_adaptation.zones.low.entry_conf_overall': 0.3, 'thresholds.signal_adaptation.zones.low.regime_proba': 0.42, 'thresholds.signal_adaptation.zones.mid.entry_conf_overall': 0.26, 'thresholds.signal_adaptation.zones.mid.regime_proba': 0.44999999999999996, 'thresholds.signal_adaptation.zones.high.entry_conf_overall': 0.39, 'thresholds.signal_adaptation.zones.high.regime_proba': 0.5, 'exit.exit_conf_threshold': 0.4, 'exit.max_hold_bars': 15, 'exit.trailing_stop_pct': 0.016, 'multi_timeframe.ltf_override_threshold': 0.42, 'htf_fib.entry.tolerance_atr': 3.0, 'ltf_fib.entry.tolerance_atr': 1.5, 'htf_exit_config.partial_1_pct': 0.53, 'htf_exit_config.partial_2_pct': 0.5, 'htf_exit_config.fib_threshold_atr': 0.7, 'htf_exit_config.trail_atr_multiplier': 2.9000000000000004}. Best is trial 12 with value: 1.2623464777026068.
[I 2026-01-17 07:57:56,245] Trial 1472 pruned. 
[I 2026-01-17 07:58:36,391] Trial 1473 pruned. 
[I 2026-01-17 07:59:15,348] Trial 1474 pruned. 
[I 2026-01-17 08:00:19,195] Trial 1475 pruned. 
[I 2026-01-17 08:01:14,387] Trial 1476 finished with value: 1.2623464777026068 and parameters: {'thresholds.entry_conf_overall': 0.3, 'thresholds.regime_proba.balanced': 0.54, 'thresholds.regime_proba.bull': 0.54, 'thresholds.regime_proba.bear': 0.52, 'thresholds.regime_proba.ranging': 0.5, 'thresholds.signal_adaptation.zones.low.entry_conf_overall': 0.26, 'thresholds.signal_adaptation.zones.low.regime_proba': 0.35, 'thresholds.signal_adaptation.zones.mid.entry_conf_overall': 0.26, 'thresholds.signal_adaptation.zones.mid.regime_proba': 0.41, 'thresholds.signal_adaptation.zones.high.entry_conf_overall': 0.38, 'thresholds.signal_adaptation.zones.high.regime_proba': 0.5, 'exit.exit_conf_threshold': 0.42000000000000004, 'exit.max_hold_bars': 21, 'exit.trailing_stop_pct': 0.01, 'multi_timeframe.ltf_override_threshold': 0.32, 'htf_fib.entry.tolerance_atr': 4.0, 'ltf_fib.entry.tolerance_atr': 1.5, 'htf_exit_config.partial_1_pct': 0.47000000000000003, 'htf_exit_config.partial_2_pct': 0.5, 'htf_exit_config.fib_threshold_atr': 0.75, 'htf_exit_config.trail_atr_multiplier': 2.7}. Best is trial 12 with value: 1.2623464777026068.
[I 2026-01-17 08:02:10,624] Trial 1477 finished with value: 1.2623464777026068 and parameters: {'thresholds.entry_conf_overall': 0.32, 'thresholds.regime_proba.balanced': 0.52, 'thresholds.regime_proba.bull': 0.5, 'thresholds.regime_proba.bear': 0.42000000000000004, 'thresholds.regime_proba.ranging': 0.4, 'thresholds.signal_adaptation.zones.low.entry_conf_overall': 0.24000000000000002, 'thresholds.signal_adaptation.zones.low.regime_proba': 0.43, 'thresholds.signal_adaptation.zones.mid.entry_conf_overall': 0.26, 'thresholds.signal_adaptation.zones.mid.regime_proba': 0.48, 'thresholds.signal_adaptation.zones.high.entry_conf_overall': 0.43, 'thresholds.signal_adaptation.zones.high.regime_proba': 0.47, 'exit.exit_conf_threshold': 0.42000000000000004, 'exit.max_hold_bars': 17, 'exit.trailing_stop_pct': 0.011, 'multi_timeframe.ltf_override_threshold': 0.45999999999999996, 'htf_fib.entry.tolerance_atr': 3.5, 'ltf_fib.entry.tolerance_atr': 1.0, 'htf_exit_config.partial_1_pct': 0.53, 'htf_exit_config.partial_2_pct': 0.39999999999999997, 'htf_exit_config.fib_threshold_atr': 0.65, 'htf_exit_config.trail_atr_multiplier': 2.4000000000000004}. Best is trial 12 with value: 1.2623464777026068.
[I 2026-01-17 08:02:49,097] Trial 1478 pruned. 
[I 2026-01-17 08:03:28,732] Trial 1479 pruned. 
[I 2026-01-17 08:04:08,247] Trial 1480 pruned. 
[I 2026-01-17 08:04:47,689] Trial 1481 pruned. 
[I 2026-01-17 08:05:25,755] Trial 1482 pruned. 
[I 2026-01-17 08:06:04,415] Trial 1483 pruned. 
[I 2026-01-17 08:06:42,979] Trial 1484 pruned. 
[I 2026-01-17 08:07:21,123] Trial 1485 pruned. 
[I 2026-01-17 08:08:34,309] Trial 1486 pruned. 
[I 2026-01-17 08:09:12,526] Trial 1487 pruned. 
[I 2026-01-17 08:10:07,841] Trial 1488 finished with value: 1.2623464777026068 and parameters: {'thresholds.entry_conf_overall': 0.19, 'thresholds.regime_proba.balanced': 0.52, 'thresholds.regime_proba.bull': 0.42000000000000004, 'thresholds.regime_proba.bear': 0.42000000000000004, 'thresholds.regime_proba.ranging': 0.4, 'thresholds.signal_adaptation.zones.low.entry_conf_overall': 0.23, 'thresholds.signal_adaptation.zones.low.regime_proba': 0.33999999999999997, 'thresholds.signal_adaptation.zones.mid.entry_conf_overall': 0.32, 'thresholds.signal_adaptation.zones.mid.regime_proba': 0.39999999999999997, 'thresholds.signal_adaptation.zones.high.entry_conf_overall': 0.44, 'thresholds.signal_adaptation.zones.high.regime_proba': 0.48, 'exit.exit_conf_threshold': 0.42000000000000004, 'exit.max_hold_bars': 24, 'exit.trailing_stop_pct': 0.01, 'multi_timeframe.ltf_override_threshold': 0.5, 'htf_fib.entry.tolerance_atr': 2.0, 'ltf_fib.entry.tolerance_atr': 1.5, 'htf_exit_config.partial_1_pct': 0.55, 'htf_exit_config.partial_2_pct': 0.35, 'htf_exit_config.fib_threshold_atr': 0.75, 'htf_exit_config.trail_atr_multiplier': 2.8}. Best is trial 12 with value: 1.2623464777026068.
[I 2026-01-17 08:10:47,517] Trial 1489 pruned. 
[I 2026-01-17 08:11:59,900] Trial 1490 pruned. 
[I 2026-01-17 08:12:39,974] Trial 1491 pruned. 
[I 2026-01-17 08:13:20,423] Trial 1492 pruned. 
[I 2026-01-17 08:14:33,959] Trial 1493 pruned. 
[I 2026-01-17 08:15:12,164] Trial 1494 pruned. 
[I 2026-01-17 08:15:52,309] Trial 1495 pruned. 
[I 2026-01-17 08:16:30,204] Trial 1496 pruned. 
[I 2026-01-17 08:17:08,911] Trial 1497 pruned. 
[I 2026-01-17 08:17:51,569] Trial 1498 pruned. 
[I 2026-01-17 08:18:29,635] Trial 1499 pruned. 
[I 2026-01-17 08:19:34,445] Trial 1500 pruned. 
[I 2026-01-17 08:20:14,099] Trial 1501 pruned. 
[I 2026-01-17 08:20:53,167] Trial 1502 pruned. 
[I 2026-01-17 08:21:32,654] Trial 1503 pruned. 
[I 2026-01-17 08:22:46,257] Trial 1504 pruned. 
[I 2026-01-17 08:23:25,321] Trial 1505 pruned. 
[I 2026-01-17 08:24:20,404] Trial 1506 finished with value: 1.2623464777026068 and parameters: {'thresholds.entry_conf_overall': 0.27, 'thresholds.regime_proba.balanced': 0.52, 'thresholds.regime_proba.bull': 0.52, 'thresholds.regime_proba.bear': 0.5800000000000001, 'thresholds.regime_proba.ranging': 0.46, 'thresholds.signal_adaptation.zones.low.entry_conf_overall': 0.24000000000000002, 'thresholds.signal_adaptation.zones.low.regime_proba': 0.36, 'thresholds.signal_adaptation.zones.mid.entry_conf_overall': 0.33, 'thresholds.signal_adaptation.zones.mid.regime_proba': 0.36, 'thresholds.signal_adaptation.zones.high.entry_conf_overall': 0.34, 'thresholds.signal_adaptation.zones.high.regime_proba': 0.44, 'exit.exit_conf_threshold': 0.42000000000000004, 'exit.max_hold_bars': 11, 'exit.trailing_stop_pct': 0.01, 'multi_timeframe.ltf_override_threshold': 0.54, 'htf_fib.entry.tolerance_atr': 2.5, 'ltf_fib.entry.tolerance_atr': 1.5, 'htf_exit_config.partial_1_pct': 0.47000000000000003, 'htf_exit_config.partial_2_pct': 0.6, 'htf_exit_config.fib_threshold_atr': 1.1, 'htf_exit_config.trail_atr_multiplier': 2.0}. Best is trial 12 with value: 1.2623464777026068.
[I 2026-01-17 08:25:15,549] Trial 1507 finished with value: 1.2623464777026068 and parameters: {'thresholds.entry_conf_overall': 0.22999999999999998, 'thresholds.regime_proba.balanced': 0.54, 'thresholds.regime_proba.bull': 0.6, 'thresholds.regime_proba.bear': 0.4, 'thresholds.regime_proba.ranging': 0.48000000000000004, 'thresholds.signal_adaptation.zones.low.entry_conf_overall': 0.3, 'thresholds.signal_adaptation.zones.low.regime_proba': 0.43, 'thresholds.signal_adaptation.zones.mid.entry_conf_overall': 0.29000000000000004, 'thresholds.signal_adaptation.zones.mid.regime_proba': 0.42, 'thresholds.signal_adaptation.zones.high.entry_conf_overall': 0.35, 'thresholds.signal_adaptation.zones.high.regime_proba': 0.46, 'exit.exit_conf_threshold': 0.42000000000000004, 'exit.max_hold_bars': 18, 'exit.trailing_stop_pct': 0.015, 'multi_timeframe.ltf_override_threshold': 0.3, 'htf_fib.entry.tolerance_atr': 5.5, 'ltf_fib.entry.tolerance_atr': 2.5, 'htf_exit_config.partial_1_pct': 0.5900000000000001, 'htf_exit_config.partial_2_pct': 0.44999999999999996, 'htf_exit_config.fib_threshold_atr': 0.9, 'htf_exit_config.trail_atr_multiplier': 3.6}. Best is trial 12 with value: 1.2623464777026068.
[I 2026-01-17 08:25:55,774] Trial 1508 pruned. 
[I 2026-01-17 08:26:35,011] Trial 1509 pruned. 
[I 2026-01-17 08:27:14,126] Trial 1510 pruned. 
[I 2026-01-17 08:28:09,364] Trial 1511 finished with value: 1.0739050680152373 and parameters: {'thresholds.entry_conf_overall': 0.32, 'thresholds.regime_proba.balanced': 0.6, 'thresholds.regime_proba.bull': 0.56, 'thresholds.regime_proba.bear': 0.4, 'thresholds.regime_proba.ranging': 0.42000000000000004, 'thresholds.signal_adaptation.zones.low.entry_conf_overall': 0.26, 'thresholds.signal_adaptation.zones.low.regime_proba': 0.44, 'thresholds.signal_adaptation.zones.mid.entry_conf_overall': 0.27, 'thresholds.signal_adaptation.zones.mid.regime_proba': 0.43, 'thresholds.signal_adaptation.zones.high.entry_conf_overall': 0.41000000000000003, 'thresholds.signal_adaptation.zones.high.regime_proba': 0.44, 'exit.exit_conf_threshold': 0.4, 'exit.max_hold_bars': 20, 'exit.trailing_stop_pct': 0.015, 'multi_timeframe.ltf_override_threshold': 0.33999999999999997, 'htf_fib.entry.tolerance_atr': 2.5, 'ltf_fib.entry.tolerance_atr': 1.0, 'htf_exit_config.partial_1_pct': 0.55, 'htf_exit_config.partial_2_pct': 0.39999999999999997, 'htf_exit_config.fib_threshold_atr': 0.6, 'htf_exit_config.trail_atr_multiplier': 2.3}. Best is trial 12 with value: 1.2623464777026068.
[I 2026-01-17 08:28:49,430] Trial 1512 pruned. 
[I 2026-01-17 08:29:29,605] Trial 1513 pruned. 
[I 2026-01-17 08:30:09,094] Trial 1514 pruned. 
[I 2026-01-17 08:31:21,761] Trial 1515 pruned. 
[I 2026-01-17 08:32:16,830] Trial 1516 finished with value: 1.0739050680152373 and parameters: {'thresholds.entry_conf_overall': 0.31, 'thresholds.regime_proba.balanced': 0.52, 'thresholds.regime_proba.bull': 0.56, 'thresholds.regime_proba.bear': 0.4, 'thresholds.regime_proba.ranging': 0.46, 'thresholds.signal_adaptation.zones.low.entry_conf_overall': 0.3, 'thresholds.signal_adaptation.zones.low.regime_proba': 0.4, 'thresholds.signal_adaptation.zones.mid.entry_conf_overall': 0.29000000000000004, 'thresholds.signal_adaptation.zones.mid.regime_proba': 0.47, 'thresholds.signal_adaptation.zones.high.entry_conf_overall': 0.35, 'thresholds.signal_adaptation.zones.high.regime_proba': 0.47, 'exit.exit_conf_threshold': 0.4, 'exit.max_hold_bars': 18, 'exit.trailing_stop_pct': 0.016, 'multi_timeframe.ltf_override_threshold': 0.3, 'htf_fib.entry.tolerance_atr': 6.0, 'ltf_fib.entry.tolerance_atr': 2.5, 'htf_exit_config.partial_1_pct': 0.61, 'htf_exit_config.partial_2_pct': 0.55, 'htf_exit_config.fib_threshold_atr': 0.85, 'htf_exit_config.trail_atr_multiplier': 3.2}. Best is trial 12 with value: 1.2623464777026068.
[I 2026-01-17 08:33:00,050] Trial 1517 pruned. 
[I 2026-01-17 08:33:46,684] Trial 1518 pruned. 
[I 2026-01-17 08:34:25,232] Trial 1519 pruned. 
[I 2026-01-17 08:35:04,283] Trial 1520 pruned. 
[I 2026-01-17 08:35:59,339] Trial 1521 finished with value: 1.0739050680152373 and parameters: {'thresholds.entry_conf_overall': 0.29, 'thresholds.regime_proba.balanced': 0.46, 'thresholds.regime_proba.bull': 0.52, 'thresholds.regime_proba.bear': 0.54, 'thresholds.regime_proba.ranging': 0.52, 'thresholds.signal_adaptation.zones.low.entry_conf_overall': 0.26, 'thresholds.signal_adaptation.zones.low.regime_proba': 0.44, 'thresholds.signal_adaptation.zones.mid.entry_conf_overall': 0.28, 'thresholds.signal_adaptation.zones.mid.regime_proba': 0.41, 'thresholds.signal_adaptation.zones.high.entry_conf_overall': 0.4, 'thresholds.signal_adaptation.zones.high.regime_proba': 0.45, 'exit.exit_conf_threshold': 0.4, 'exit.max_hold_bars': 15, 'exit.trailing_stop_pct': 0.017, 'multi_timeframe.ltf_override_threshold': 0.5, 'htf_fib.entry.tolerance_atr': 6.0, 'ltf_fib.entry.tolerance_atr': 1.25, 'htf_exit_config.partial_1_pct': 0.5700000000000001, 'htf_exit_config.partial_2_pct': 0.39999999999999997, 'htf_exit_config.fib_threshold_atr': 0.7, 'htf_exit_config.trail_atr_multiplier': 3.5}. Best is trial 12 with value: 1.2623464777026068.
[I 2026-01-17 08:36:39,806] Trial 1522 pruned. 
[I 2026-01-17 08:37:18,680] Trial 1523 pruned. 
[I 2026-01-17 08:38:15,026] Trial 1524 finished with value: 1.2623464777026068 and parameters: {'thresholds.entry_conf_overall': 0.26, 'thresholds.regime_proba.balanced': 0.5, 'thresholds.regime_proba.bull': 0.56, 'thresholds.regime_proba.bear': 0.4, 'thresholds.regime_proba.ranging': 0.4, 'thresholds.signal_adaptation.zones.low.entry_conf_overall': 0.29000000000000004, 'thresholds.signal_adaptation.zones.low.regime_proba': 0.39, 'thresholds.signal_adaptation.zones.mid.entry_conf_overall': 0.33, 'thresholds.signal_adaptation.zones.mid.regime_proba': 0.43, 'thresholds.signal_adaptation.zones.high.entry_conf_overall': 0.35, 'thresholds.signal_adaptation.zones.high.regime_proba': 0.45, 'exit.exit_conf_threshold': 0.42000000000000004, 'exit.max_hold_bars': 15, 'exit.trailing_stop_pct': 0.017, 'multi_timeframe.ltf_override_threshold': 0.3, 'htf_fib.entry.tolerance_atr': 5.5, 'ltf_fib.entry.tolerance_atr': 2.5, 'htf_exit_config.partial_1_pct': 0.63, 'htf_exit_config.partial_2_pct': 0.55, 'htf_exit_config.fib_threshold_atr': 0.7, 'htf_exit_config.trail_atr_multiplier': 3.3}. Best is trial 12 with value: 1.2623464777026068.
[I 2026-01-17 08:39:20,583] Trial 1525 pruned. 
[I 2026-01-17 08:40:33,435] Trial 1526 pruned. 
[I 2026-01-17 08:41:12,691] Trial 1527 pruned. 
[I 2026-01-17 08:41:52,335] Trial 1528 pruned. 
[I 2026-01-17 08:42:48,043] Trial 1529 finished with value: 1.0739050680152373 and parameters: {'thresholds.entry_conf_overall': 0.26, 'thresholds.regime_proba.balanced': 0.52, 'thresholds.regime_proba.bull': 0.48000000000000004, 'thresholds.regime_proba.bear': 0.4, 'thresholds.regime_proba.ranging': 0.4, 'thresholds.signal_adaptation.zones.low.entry_conf_overall': 0.2, 'thresholds.signal_adaptation.zones.low.regime_proba': 0.35, 'thresholds.signal_adaptation.zones.mid.entry_conf_overall': 0.3, 'thresholds.signal_adaptation.zones.mid.regime_proba': 0.41, 'thresholds.signal_adaptation.zones.high.entry_conf_overall': 0.39, 'thresholds.signal_adaptation.zones.high.regime_proba': 0.5, 'exit.exit_conf_threshold': 0.4, 'exit.max_hold_bars': 23, 'exit.trailing_stop_pct': 0.011, 'multi_timeframe.ltf_override_threshold': 0.48, 'htf_fib.entry.tolerance_atr': 2.0, 'ltf_fib.entry.tolerance_atr': 1.5, 'htf_exit_config.partial_1_pct': 0.53, 'htf_exit_config.partial_2_pct': 0.35, 'htf_exit_config.fib_threshold_atr': 0.7, 'htf_exit_config.trail_atr_multiplier': 3.0}. Best is trial 12 with value: 1.2623464777026068.
[I 2026-01-17 08:44:01,004] Trial 1530 pruned. 
[I 2026-01-17 08:44:40,759] Trial 1531 pruned. 
[I 2026-01-17 08:45:20,296] Trial 1532 pruned. 
[I 2026-01-17 08:46:33,069] Trial 1533 pruned. 
[I 2026-01-17 08:47:12,605] Trial 1534 pruned. 
[I 2026-01-17 08:48:08,537] Trial 1535 finished with value: 1.2623464777026068 and parameters: {'thresholds.entry_conf_overall': 0.27, 'thresholds.regime_proba.balanced': 0.5, 'thresholds.regime_proba.bull': 0.52, 'thresholds.regime_proba.bear': 0.42000000000000004, 'thresholds.regime_proba.ranging': 0.46, 'thresholds.signal_adaptation.zones.low.entry_conf_overall': 0.2, 'thresholds.signal_adaptation.zones.low.regime_proba': 0.33999999999999997, 'thresholds.signal_adaptation.zones.mid.entry_conf_overall': 0.28, 'thresholds.signal_adaptation.zones.mid.regime_proba': 0.43, 'thresholds.signal_adaptation.zones.high.entry_conf_overall': 0.43, 'thresholds.signal_adaptation.zones.high.regime_proba': 0.45, 'exit.exit_conf_threshold': 0.42000000000000004, 'exit.max_hold_bars': 17, 'exit.trailing_stop_pct': 0.01, 'multi_timeframe.ltf_override_threshold': 0.56, 'htf_fib.entry.tolerance_atr': 2.0, 'ltf_fib.entry.tolerance_atr': 2.25, 'htf_exit_config.partial_1_pct': 0.5900000000000001, 'htf_exit_config.partial_2_pct': 0.44999999999999996, 'htf_exit_config.fib_threshold_atr': 0.6, 'htf_exit_config.trail_atr_multiplier': 3.2}. Best is trial 12 with value: 1.2623464777026068.
[I 2026-01-17 08:49:03,928] Trial 1536 finished with value: 1.2623464777026068 and parameters: {'thresholds.entry_conf_overall': 0.28, 'thresholds.regime_proba.balanced': 0.54, 'thresholds.regime_proba.bull': 0.48000000000000004, 'thresholds.regime_proba.bear': 0.52, 'thresholds.regime_proba.ranging': 0.46, 'thresholds.signal_adaptation.zones.low.entry_conf_overall': 0.23, 'thresholds.signal_adaptation.zones.low.regime_proba': 0.36, 'thresholds.signal_adaptation.zones.mid.entry_conf_overall': 0.27, 'thresholds.signal_adaptation.zones.mid.regime_proba': 0.39, 'thresholds.signal_adaptation.zones.high.entry_conf_overall': 0.36, 'thresholds.signal_adaptation.zones.high.regime_proba': 0.5, 'exit.exit_conf_threshold': 0.42000000000000004, 'exit.max_hold_bars': 22, 'exit.trailing_stop_pct': 0.012, 'multi_timeframe.ltf_override_threshold': 0.36, 'htf_fib.entry.tolerance_atr': 2.5, 'ltf_fib.entry.tolerance_atr': 1.5, 'htf_exit_config.partial_1_pct': 0.5900000000000001, 'htf_exit_config.partial_2_pct': 0.39999999999999997, 'htf_exit_config.fib_threshold_atr': 0.7, 'htf_exit_config.trail_atr_multiplier': 3.2}. Best is trial 12 with value: 1.2623464777026068.
[I 2026-01-17 08:49:42,954] Trial 1537 pruned. 
[I 2026-01-17 08:50:22,927] Trial 1538 pruned. 
[I 2026-01-17 08:51:02,464] Trial 1539 pruned. 
[I 2026-01-17 08:51:41,997] Trial 1540 pruned. 
[I 2026-01-17 08:52:20,581] Trial 1541 pruned. 
[I 2026-01-17 08:52:59,897] Trial 1542 pruned. 
[I 2026-01-17 08:53:38,997] Trial 1543 pruned. 
[I 2026-01-17 08:54:17,718] Trial 1544 pruned. 
[I 2026-01-17 08:54:58,036] Trial 1545 pruned. 
[I 2026-01-17 08:55:53,621] Trial 1546 finished with value: 1.0739050680152373 and parameters: {'thresholds.entry_conf_overall': 0.25, 'thresholds.regime_proba.balanced': 0.4, 'thresholds.regime_proba.bull': 0.48000000000000004, 'thresholds.regime_proba.bear': 0.56, 'thresholds.regime_proba.ranging': 0.42000000000000004, 'thresholds.signal_adaptation.zones.low.entry_conf_overall': 0.23, 'thresholds.signal_adaptation.zones.low.regime_proba': 0.39, 'thresholds.signal_adaptation.zones.mid.entry_conf_overall': 0.26, 'thresholds.signal_adaptation.zones.mid.regime_proba': 0.38, 'thresholds.signal_adaptation.zones.high.entry_conf_overall': 0.36, 'thresholds.signal_adaptation.zones.high.regime_proba': 0.5, 'exit.exit_conf_threshold': 0.4, 'exit.max_hold_bars': 8, 'exit.trailing_stop_pct': 0.02, 'multi_timeframe.ltf_override_threshold': 0.45999999999999996, 'htf_fib.entry.tolerance_atr': 3.5, 'ltf_fib.entry.tolerance_atr': 2.5, 'htf_exit_config.partial_1_pct': 0.5900000000000001, 'htf_exit_config.partial_2_pct': 0.6, 'htf_exit_config.fib_threshold_atr': 1.0, 'htf_exit_config.trail_atr_multiplier': 3.4000000000000004}. Best is trial 12 with value: 1.2623464777026068.
[I 2026-01-17 08:56:32,890] Trial 1547 pruned. 
[I 2026-01-17 08:57:12,067] Trial 1548 pruned. 
[I 2026-01-17 08:57:51,602] Trial 1549 pruned. 
[I 2026-01-17 08:58:58,720] Trial 1550 pruned. 
[I 2026-01-17 09:00:11,929] Trial 1551 pruned. 
[I 2026-01-17 09:00:50,762] Trial 1552 pruned. 
