[I 2026-01-19 01:55:13,499] Trial 3919 finished with value: 1.0739050680152373 and parameters: {'thresholds.entry_conf_overall': 0.31, 'thresholds.regime_proba.balanced': 0.52, 'thresholds.regime_proba.bull': 0.56, 'thresholds.regime_proba.bear': 0.4, 'thresholds.regime_proba.ranging': 0.42000000000000004, 'thresholds.signal_adaptation.zones.low.entry_conf_overall': 0.3, 'thresholds.signal_adaptation.zones.low.regime_proba': 0.44999999999999996, 'thresholds.signal_adaptation.zones.mid.entry_conf_overall': 0.29000000000000004, 'thresholds.signal_adaptation.zones.mid.regime_proba': 0.45999999999999996, 'thresholds.signal_adaptation.zones.high.entry_conf_overall': 0.37, 'thresholds.signal_adaptation.zones.high.regime_proba': 0.46, 'exit.exit_conf_threshold': 0.4, 'exit.max_hold_bars': 21, 'exit.trailing_stop_pct': 0.02, 'multi_timeframe.ltf_override_threshold': 0.44, 'htf_fib.entry.tolerance_atr': 2.0, 'ltf_fib.entry.tolerance_atr': 1.0, 'htf_exit_config.partial_1_pct': 0.51, 'htf_exit_config.partial_2_pct': 0.44999999999999996, 'htf_exit_config.fib_threshold_atr': 0.65, 'htf_exit_config.trail_atr_multiplier': 2.7}. Best is trial 12 with value: 1.2623464777026068.
[I 2026-01-19 01:56:29,459] Trial 3920 pruned. 
[I 2026-01-19 01:57:46,531] Trial 3921 pruned. 
[I 2026-01-19 01:59:01,646] Trial 3922 pruned. 
[I 2026-01-19 02:00:17,426] Trial 3923 pruned. 
[I 2026-01-19 02:01:31,324] Trial 3924 pruned. 
[I 2026-01-19 02:03:32,177] Trial 3925 pruned. 
[I 2026-01-19 02:05:22,301] Trial 3926 pruned. 
[I 2026-01-19 02:06:37,846] Trial 3927 pruned. 
[I 2026-01-19 02:07:52,433] Trial 3928 pruned. 
[I 2026-01-19 02:09:09,527] Trial 3929 finished with value: 1.2623464777026068 and parameters: {'thresholds.entry_conf_overall': 0.29, 'thresholds.regime_proba.balanced': 0.5, 'thresholds.regime_proba.bull': 0.44, 'thresholds.regime_proba.bear': 0.44, 'thresholds.regime_proba.ranging': 0.42000000000000004, 'thresholds.signal_adaptation.zones.low.entry_conf_overall': 0.28, 'thresholds.signal_adaptation.zones.low.regime_proba': 0.36, 'thresholds.signal_adaptation.zones.mid.entry_conf_overall': 0.27, 'thresholds.signal_adaptation.zones.mid.regime_proba': 0.42, 'thresholds.signal_adaptation.zones.high.entry_conf_overall': 0.44, 'thresholds.signal_adaptation.zones.high.regime_proba': 0.5, 'exit.exit_conf_threshold': 0.42000000000000004, 'exit.max_hold_bars': 21, 'exit.trailing_stop_pct': 0.019000000000000003, 'multi_timeframe.ltf_override_threshold': 0.44, 'htf_fib.entry.tolerance_atr': 2.0, 'ltf_fib.entry.tolerance_atr': 1.75, 'htf_exit_config.partial_1_pct': 0.63, 'htf_exit_config.partial_2_pct': 0.35, 'htf_exit_config.fib_threshold_atr': 0.8, 'htf_exit_config.trail_atr_multiplier': 2.3}. Best is trial 12 with value: 1.2623464777026068.
[I 2026-01-19 02:11:00,285] Trial 3930 pruned. 
[I 2026-01-19 02:12:50,049] Trial 3931 pruned. 
[I 2026-01-19 02:14:05,650] Trial 3932 pruned. 
[I 2026-01-19 02:15:20,564] Trial 3933 pruned. 
[I 2026-01-19 02:17:14,849] Trial 3934 pruned. 
[I 2026-01-19 02:18:31,030] Trial 3935 finished with value: 1.2623464777026068 and parameters: {'thresholds.entry_conf_overall': 0.32, 'thresholds.regime_proba.balanced': 0.44, 'thresholds.regime_proba.bull': 0.4, 'thresholds.regime_proba.bear': 0.4, 'thresholds.regime_proba.ranging': 0.42000000000000004, 'thresholds.signal_adaptation.zones.low.entry_conf_overall': 0.22, 'thresholds.signal_adaptation.zones.low.regime_proba': 0.32999999999999996, 'thresholds.signal_adaptation.zones.mid.entry_conf_overall': 0.36, 'thresholds.signal_adaptation.zones.mid.regime_proba': 0.45999999999999996, 'thresholds.signal_adaptation.zones.high.entry_conf_overall': 0.44, 'thresholds.signal_adaptation.zones.high.regime_proba': 0.46, 'exit.exit_conf_threshold': 0.42000000000000004, 'exit.max_hold_bars': 18, 'exit.trailing_stop_pct': 0.018000000000000002, 'multi_timeframe.ltf_override_threshold': 0.52, 'htf_fib.entry.tolerance_atr': 2.0, 'ltf_fib.entry.tolerance_atr': 1.75, 'htf_exit_config.partial_1_pct': 0.67, 'htf_exit_config.partial_2_pct': 0.35, 'htf_exit_config.fib_threshold_atr': 0.9, 'htf_exit_config.trail_atr_multiplier': 1.8}. Best is trial 12 with value: 1.2623464777026068.
[I 2026-01-19 02:19:44,334] Trial 3936 pruned. 
[I 2026-01-19 02:21:00,871] Trial 3937 pruned. 
[I 2026-01-19 02:22:16,349] Trial 3938 pruned. 
[I 2026-01-19 02:23:33,106] Trial 3939 pruned. 
[I 2026-01-19 02:24:48,911] Trial 3940 pruned. 
[I 2026-01-19 02:26:07,546] Trial 3941 pruned. 
[I 2026-01-19 02:27:24,854] Trial 3942 pruned. 
[I 2026-01-19 02:28:40,930] Trial 3943 finished with value: 1.0739050680152373 and parameters: {'thresholds.entry_conf_overall': 0.28, 'thresholds.regime_proba.balanced': 0.4, 'thresholds.regime_proba.bull': 0.52, 'thresholds.regime_proba.bear': 0.46, 'thresholds.regime_proba.ranging': 0.52, 'thresholds.signal_adaptation.zones.low.entry_conf_overall': 0.26, 'thresholds.signal_adaptation.zones.low.regime_proba': 0.41, 'thresholds.signal_adaptation.zones.mid.entry_conf_overall': 0.3, 'thresholds.signal_adaptation.zones.mid.regime_proba': 0.44999999999999996, 'thresholds.signal_adaptation.zones.high.entry_conf_overall': 0.39, 'thresholds.signal_adaptation.zones.high.regime_proba': 0.44, 'exit.exit_conf_threshold': 0.4, 'exit.max_hold_bars': 17, 'exit.trailing_stop_pct': 0.02, 'multi_timeframe.ltf_override_threshold': 0.48, 'htf_fib.entry.tolerance_atr': 5.5, 'ltf_fib.entry.tolerance_atr': 1.0, 'htf_exit_config.partial_1_pct': 0.5700000000000001, 'htf_exit_config.partial_2_pct': 0.5, 'htf_exit_config.fib_threshold_atr': 0.75, 'htf_exit_config.trail_atr_multiplier': 3.0}. Best is trial 12 with value: 1.2623464777026068.
[I 2026-01-19 02:29:57,156] Trial 3944 pruned. 
[I 2026-01-19 02:31:46,359] Trial 3945 pruned. 
[I 2026-01-19 02:33:02,006] Trial 3946 pruned. 
[I 2026-01-19 02:34:17,701] Trial 3947 pruned. 
[I 2026-01-19 02:36:07,583] Trial 3948 pruned. 
[I 2026-01-19 02:37:23,539] Trial 3949 finished with value: 1.2623464777026068 and parameters: {'thresholds.entry_conf_overall': 0.31, 'thresholds.regime_proba.balanced': 0.52, 'thresholds.regime_proba.bull': 0.6, 'thresholds.regime_proba.bear': 0.46, 'thresholds.regime_proba.ranging': 0.4, 'thresholds.signal_adaptation.zones.low.entry_conf_overall': 0.2, 'thresholds.signal_adaptation.zones.low.regime_proba': 0.43, 'thresholds.signal_adaptation.zones.mid.entry_conf_overall': 0.26, 'thresholds.signal_adaptation.zones.mid.regime_proba': 0.5, 'thresholds.signal_adaptation.zones.high.entry_conf_overall': 0.43, 'thresholds.signal_adaptation.zones.high.regime_proba': 0.49, 'exit.exit_conf_threshold': 0.42000000000000004, 'exit.max_hold_bars': 17, 'exit.trailing_stop_pct': 0.013000000000000001, 'multi_timeframe.ltf_override_threshold': 0.36, 'htf_fib.entry.tolerance_atr': 2.0, 'ltf_fib.entry.tolerance_atr': 2.25, 'htf_exit_config.partial_1_pct': 0.55, 'htf_exit_config.partial_2_pct': 0.35, 'htf_exit_config.fib_threshold_atr': 0.85, 'htf_exit_config.trail_atr_multiplier': 3.3}. Best is trial 12 with value: 1.2623464777026068.
[I 2026-01-19 02:39:26,597] Trial 3950 pruned. 
[I 2026-01-19 02:40:46,391] Trial 3951 pruned. 
[I 2026-01-19 02:42:38,482] Trial 3952 pruned. 
[I 2026-01-19 02:43:53,977] Trial 3953 finished with value: 1.2623464777026068 and parameters: {'thresholds.entry_conf_overall': 0.25, 'thresholds.regime_proba.balanced': 0.48000000000000004, 'thresholds.regime_proba.bull': 0.52, 'thresholds.regime_proba.bear': 0.4, 'thresholds.regime_proba.ranging': 0.46, 'thresholds.signal_adaptation.zones.low.entry_conf_overall': 0.25, 'thresholds.signal_adaptation.zones.low.regime_proba': 0.39, 'thresholds.signal_adaptation.zones.mid.entry_conf_overall': 0.26, 'thresholds.signal_adaptation.zones.mid.regime_proba': 0.44, 'thresholds.signal_adaptation.zones.high.entry_conf_overall': 0.43, 'thresholds.signal_adaptation.zones.high.regime_proba': 0.45, 'exit.exit_conf_threshold': 0.42000000000000004, 'exit.max_hold_bars': 24, 'exit.trailing_stop_pct': 0.013000000000000001, 'multi_timeframe.ltf_override_threshold': 0.45999999999999996, 'htf_fib.entry.tolerance_atr': 2.0, 'ltf_fib.entry.tolerance_atr': 1.5, 'htf_exit_config.partial_1_pct': 0.67, 'htf_exit_config.partial_2_pct': 0.39999999999999997, 'htf_exit_config.fib_threshold_atr': 0.65, 'htf_exit_config.trail_atr_multiplier': 2.2}. Best is trial 12 with value: 1.2623464777026068.
[I 2026-01-19 02:45:09,093] Trial 3954 finished with value: 1.2623464777026068 and parameters: {'thresholds.entry_conf_overall': 0.3, 'thresholds.regime_proba.balanced': 0.52, 'thresholds.regime_proba.bull': 0.46, 'thresholds.regime_proba.bear': 0.52, 'thresholds.regime_proba.ranging': 0.52, 'thresholds.signal_adaptation.zones.low.entry_conf_overall': 0.26, 'thresholds.signal_adaptation.zones.low.regime_proba': 0.42, 'thresholds.signal_adaptation.zones.mid.entry_conf_overall': 0.26, 'thresholds.signal_adaptation.zones.mid.regime_proba': 0.39999999999999997, 'thresholds.signal_adaptation.zones.high.entry_conf_overall': 0.44, 'thresholds.signal_adaptation.zones.high.regime_proba': 0.45, 'exit.exit_conf_threshold': 0.42000000000000004, 'exit.max_hold_bars': 23, 'exit.trailing_stop_pct': 0.019000000000000003, 'multi_timeframe.ltf_override_threshold': 0.44, 'htf_fib.entry.tolerance_atr': 5.5, 'ltf_fib.entry.tolerance_atr': 1.25, 'htf_exit_config.partial_1_pct': 0.51, 'htf_exit_config.partial_2_pct': 0.5, 'htf_exit_config.fib_threshold_atr': 1.2, 'htf_exit_config.trail_atr_multiplier': 3.6}. Best is trial 12 with value: 1.2623464777026068.
[I 2026-01-19 02:46:24,509] Trial 3955 pruned. 
[I 2026-01-19 02:47:44,145] Trial 3956 pruned. 
[I 2026-01-19 02:49:05,412] Trial 3957 pruned. 
[I 2026-01-19 02:50:23,806] Trial 3958 pruned. 
[I 2026-01-19 02:51:38,899] Trial 3959 pruned. 
[I 2026-01-19 02:52:52,760] Trial 3960 pruned. 
[I 2026-01-19 02:54:09,633] Trial 3961 pruned. 
[I 2026-01-19 02:55:59,496] Trial 3962 pruned. 
[I 2026-01-19 02:57:14,387] Trial 3963 pruned. 
[I 2026-01-19 02:58:29,989] Trial 3964 pruned. 
[I 2026-01-19 02:59:44,526] Trial 3965 pruned. 
[I 2026-01-19 03:01:01,884] Trial 3966 finished with value: 1.2623464777026068 and parameters: {'thresholds.entry_conf_overall': 0.32, 'thresholds.regime_proba.balanced': 0.44, 'thresholds.regime_proba.bull': 0.4, 'thresholds.regime_proba.bear': 0.52, 'thresholds.regime_proba.ranging': 0.6, 'thresholds.signal_adaptation.zones.low.entry_conf_overall': 0.27, 'thresholds.signal_adaptation.zones.low.regime_proba': 0.32999999999999996, 'thresholds.signal_adaptation.zones.mid.entry_conf_overall': 0.26, 'thresholds.signal_adaptation.zones.mid.regime_proba': 0.5, 'thresholds.signal_adaptation.zones.high.entry_conf_overall': 0.41000000000000003, 'thresholds.signal_adaptation.zones.high.regime_proba': 0.47, 'exit.exit_conf_threshold': 0.42000000000000004, 'exit.max_hold_bars': 20, 'exit.trailing_stop_pct': 0.018000000000000002, 'multi_timeframe.ltf_override_threshold': 0.54, 'htf_fib.entry.tolerance_atr': 5.5, 'ltf_fib.entry.tolerance_atr': 1.75, 'htf_exit_config.partial_1_pct': 0.45, 'htf_exit_config.partial_2_pct': 0.5, 'htf_exit_config.fib_threshold_atr': 1.2, 'htf_exit_config.trail_atr_multiplier': 2.9000000000000004}. Best is trial 12 with value: 1.2623464777026068.
[I 2026-01-19 03:02:19,157] Trial 3967 pruned. 
[I 2026-01-19 03:03:36,847] Trial 3968 finished with value: 1.0739050680152373 and parameters: {'thresholds.entry_conf_overall': 0.32, 'thresholds.regime_proba.balanced': 0.6, 'thresholds.regime_proba.bull': 0.5, 'thresholds.regime_proba.bear': 0.42000000000000004, 'thresholds.regime_proba.ranging': 0.5, 'thresholds.signal_adaptation.zones.low.entry_conf_overall': 0.27, 'thresholds.signal_adaptation.zones.low.regime_proba': 0.4, 'thresholds.signal_adaptation.zones.mid.entry_conf_overall': 0.27, 'thresholds.signal_adaptation.zones.mid.regime_proba': 0.44, 'thresholds.signal_adaptation.zones.high.entry_conf_overall': 0.38, 'thresholds.signal_adaptation.zones.high.regime_proba': 0.47, 'exit.exit_conf_threshold': 0.4, 'exit.max_hold_bars': 22, 'exit.trailing_stop_pct': 0.011, 'multi_timeframe.ltf_override_threshold': 0.44, 'htf_fib.entry.tolerance_atr': 2.5, 'ltf_fib.entry.tolerance_atr': 1.0, 'htf_exit_config.partial_1_pct': 0.5700000000000001, 'htf_exit_config.partial_2_pct': 0.35, 'htf_exit_config.fib_threshold_atr': 0.6, 'htf_exit_config.trail_atr_multiplier': 2.2}. Best is trial 12 with value: 1.2623464777026068.
[I 2026-01-19 03:04:53,644] Trial 3969 pruned. 
[I 2026-01-19 03:06:10,046] Trial 3970 pruned. 
[I 2026-01-19 03:07:24,268] Trial 3971 pruned. 
[I 2026-01-19 03:08:40,313] Trial 3972 finished with value: 1.2623464777026068 and parameters: {'thresholds.entry_conf_overall': 0.28, 'thresholds.regime_proba.balanced': 0.42000000000000004, 'thresholds.regime_proba.bull': 0.42000000000000004, 'thresholds.regime_proba.bear': 0.54, 'thresholds.regime_proba.ranging': 0.54, 'thresholds.signal_adaptation.zones.low.entry_conf_overall': 0.25, 'thresholds.signal_adaptation.zones.low.regime_proba': 0.42, 'thresholds.signal_adaptation.zones.mid.entry_conf_overall': 0.27, 'thresholds.signal_adaptation.zones.mid.regime_proba': 0.43, 'thresholds.signal_adaptation.zones.high.entry_conf_overall': 0.38, 'thresholds.signal_adaptation.zones.high.regime_proba': 0.44, 'exit.exit_conf_threshold': 0.42000000000000004, 'exit.max_hold_bars': 15, 'exit.trailing_stop_pct': 0.019000000000000003, 'multi_timeframe.ltf_override_threshold': 0.56, 'htf_fib.entry.tolerance_atr': 6.0, 'ltf_fib.entry.tolerance_atr': 1.25, 'htf_exit_config.partial_1_pct': 0.55, 'htf_exit_config.partial_2_pct': 0.35, 'htf_exit_config.fib_threshold_atr': 0.8, 'htf_exit_config.trail_atr_multiplier': 3.4000000000000004}. Best is trial 12 with value: 1.2623464777026068.
[I 2026-01-19 03:10:03,992] Trial 3973 finished with value: 1.0739050680152373 and parameters: {'thresholds.entry_conf_overall': 0.24, 'thresholds.regime_proba.balanced': 0.42000000000000004, 'thresholds.regime_proba.bull': 0.6, 'thresholds.regime_proba.bear': 0.48000000000000004, 'thresholds.regime_proba.ranging': 0.54, 'thresholds.signal_adaptation.zones.low.entry_conf_overall': 0.25, 'thresholds.signal_adaptation.zones.low.regime_proba': 0.37, 'thresholds.signal_adaptation.zones.mid.entry_conf_overall': 0.26, 'thresholds.signal_adaptation.zones.mid.regime_proba': 0.37, 'thresholds.signal_adaptation.zones.high.entry_conf_overall': 0.44, 'thresholds.signal_adaptation.zones.high.regime_proba': 0.49, 'exit.exit_conf_threshold': 0.4, 'exit.max_hold_bars': 13, 'exit.trailing_stop_pct': 0.015, 'multi_timeframe.ltf_override_threshold': 0.33999999999999997, 'htf_fib.entry.tolerance_atr': 6.0, 'ltf_fib.entry.tolerance_atr': 2.0, 'htf_exit_config.partial_1_pct': 0.51, 'htf_exit_config.partial_2_pct': 0.44999999999999996, 'htf_exit_config.fib_threshold_atr': 0.8, 'htf_exit_config.trail_atr_multiplier': 1.8}. Best is trial 12 with value: 1.2623464777026068.
[I 2026-01-19 03:11:22,545] Trial 3974 pruned. 
[I 2026-01-19 03:13:26,765] Trial 3975 pruned. 
[I 2026-01-19 03:14:43,135] Trial 3976 pruned. 
[I 2026-01-19 03:16:35,458] Trial 3977 pruned. 
[I 2026-01-19 03:17:52,002] Trial 3978 pruned. 
[I 2026-01-19 03:19:07,665] Trial 3979 pruned. 
[I 2026-01-19 03:20:22,830] Trial 3980 pruned. 
[I 2026-01-19 03:22:14,438] Trial 3981 pruned. 
[I 2026-01-19 03:23:28,346] Trial 3982 pruned. 
[I 2026-01-19 03:24:45,238] Trial 3983 finished with value: 1.2623464777026068 and parameters: {'thresholds.entry_conf_overall': 0.29, 'thresholds.regime_proba.balanced': 0.5, 'thresholds.regime_proba.bull': 0.56, 'thresholds.regime_proba.bear': 0.52, 'thresholds.regime_proba.ranging': 0.4, 'thresholds.signal_adaptation.zones.low.entry_conf_overall': 0.2, 'thresholds.signal_adaptation.zones.low.regime_proba': 0.36, 'thresholds.signal_adaptation.zones.mid.entry_conf_overall': 0.26, 'thresholds.signal_adaptation.zones.mid.regime_proba': 0.44999999999999996, 'thresholds.signal_adaptation.zones.high.entry_conf_overall': 0.44, 'thresholds.signal_adaptation.zones.high.regime_proba': 0.45, 'exit.exit_conf_threshold': 0.42000000000000004, 'exit.max_hold_bars': 24, 'exit.trailing_stop_pct': 0.012, 'multi_timeframe.ltf_override_threshold': 0.48, 'htf_fib.entry.tolerance_atr': 2.5, 'ltf_fib.entry.tolerance_atr': 2.5, 'htf_exit_config.partial_1_pct': 0.55, 'htf_exit_config.partial_2_pct': 0.39999999999999997, 'htf_exit_config.fib_threshold_atr': 0.7, 'htf_exit_config.trail_atr_multiplier': 3.4000000000000004}. Best is trial 12 with value: 1.2623464777026068.
[I 2026-01-19 03:25:59,089] Trial 3984 pruned. 
[I 2026-01-19 03:27:16,776] Trial 3985 pruned. 
[I 2026-01-19 03:28:34,173] Trial 3986 pruned. 
[I 2026-01-19 03:30:25,327] Trial 3987 pruned. 
[I 2026-01-19 03:32:15,870] Trial 3988 pruned. 
[I 2026-01-19 03:34:06,286] Trial 3989 pruned. 
[I 2026-01-19 03:35:20,690] Trial 3990 pruned. 
[I 2026-01-19 03:36:38,915] Trial 3991 pruned. 
[I 2026-01-19 03:37:54,175] Trial 3992 pruned. 
[I 2026-01-19 03:39:09,526] Trial 3993 pruned. 
[I 2026-01-19 03:40:26,583] Trial 3994 pruned. 
[I 2026-01-19 03:41:45,199] Trial 3995 pruned. 
[I 2026-01-19 03:43:01,918] Trial 3996 pruned. 
[I 2026-01-19 03:44:19,982] Trial 3997 pruned. 
[I 2026-01-19 03:45:36,397] Trial 3998 pruned. 
[I 2026-01-19 03:46:54,092] Trial 3999 pruned. 
[I 2026-01-19 03:49:33,261] Trial 4000 pruned. 
[I 2026-01-19 03:50:51,368] Trial 4001 pruned. 
[I 2026-01-19 03:52:07,310] Trial 4002 pruned. 
[I 2026-01-19 03:53:24,599] Trial 4003 finished with value: 1.2623464777026068 and parameters: {'thresholds.entry_conf_overall': 0.29, 'thresholds.regime_proba.balanced': 0.46, 'thresholds.regime_proba.bull': 0.42000000000000004, 'thresholds.regime_proba.bear': 0.48000000000000004, 'thresholds.regime_proba.ranging': 0.6, 'thresholds.signal_adaptation.zones.low.entry_conf_overall': 0.26, 'thresholds.signal_adaptation.zones.low.regime_proba': 0.38, 'thresholds.signal_adaptation.zones.mid.entry_conf_overall': 0.36, 'thresholds.signal_adaptation.zones.mid.regime_proba': 0.41, 'thresholds.signal_adaptation.zones.high.entry_conf_overall': 0.37, 'thresholds.signal_adaptation.zones.high.regime_proba': 0.48, 'exit.exit_conf_threshold': 0.42000000000000004, 'exit.max_hold_bars': 18, 'exit.trailing_stop_pct': 0.016, 'multi_timeframe.ltf_override_threshold': 0.45999999999999996, 'htf_fib.entry.tolerance_atr': 3.0, 'ltf_fib.entry.tolerance_atr': 1.25, 'htf_exit_config.partial_1_pct': 0.69, 'htf_exit_config.partial_2_pct': 0.55, 'htf_exit_config.fib_threshold_atr': 0.9, 'htf_exit_config.trail_atr_multiplier': 2.4000000000000004}. Best is trial 12 with value: 1.2623464777026068.
[I 2026-01-19 03:54:44,254] Trial 4004 pruned. 
[I 2026-01-19 03:56:05,015] Trial 4005 pruned. 
[I 2026-01-19 03:57:22,975] Trial 4006 pruned. 
[I 2026-01-19 03:58:39,627] Trial 4007 pruned. 
[I 2026-01-19 03:59:58,407] Trial 4008 finished with value: 1.0739050680152373 and parameters: {'thresholds.entry_conf_overall': 0.28, 'thresholds.regime_proba.balanced': 0.52, 'thresholds.regime_proba.bull': 0.6, 'thresholds.regime_proba.bear': 0.42000000000000004, 'thresholds.regime_proba.ranging': 0.46, 'thresholds.signal_adaptation.zones.low.entry_conf_overall': 0.28, 'thresholds.signal_adaptation.zones.low.regime_proba': 0.43, 'thresholds.signal_adaptation.zones.mid.entry_conf_overall': 0.34, 'thresholds.signal_adaptation.zones.mid.regime_proba': 0.49, 'thresholds.signal_adaptation.zones.high.entry_conf_overall': 0.38, 'thresholds.signal_adaptation.zones.high.regime_proba': 0.46, 'exit.exit_conf_threshold': 0.4, 'exit.max_hold_bars': 12, 'exit.trailing_stop_pct': 0.014, 'multi_timeframe.ltf_override_threshold': 0.3, 'htf_fib.entry.tolerance_atr': 6.0, 'ltf_fib.entry.tolerance_atr': 2.5, 'htf_exit_config.partial_1_pct': 0.67, 'htf_exit_config.partial_2_pct': 0.55, 'htf_exit_config.fib_threshold_atr': 0.65, 'htf_exit_config.trail_atr_multiplier': 3.5}. Best is trial 12 with value: 1.2623464777026068.
[I 2026-01-19 04:01:13,880] Trial 4009 pruned. 
[I 2026-01-19 04:02:31,120] Trial 4010 pruned. 
[I 2026-01-19 04:03:47,991] Trial 4011 pruned. 
[I 2026-01-19 04:05:38,750] Trial 4012 pruned. 
[I 2026-01-19 04:06:53,836] Trial 4013 pruned. 
[I 2026-01-19 04:08:10,747] Trial 4014 pruned. 
[I 2026-01-19 04:09:28,178] Trial 4015 pruned. 
[I 2026-01-19 04:10:44,611] Trial 4016 pruned. 
[I 2026-01-19 04:12:05,336] Trial 4017 finished with value: 1.0739050680152373 and parameters: {'thresholds.entry_conf_overall': 0.18, 'thresholds.regime_proba.balanced': 0.56, 'thresholds.regime_proba.bull': 0.52, 'thresholds.regime_proba.bear': 0.5800000000000001, 'thresholds.regime_proba.ranging': 0.44, 'thresholds.signal_adaptation.zones.low.entry_conf_overall': 0.24000000000000002, 'thresholds.signal_adaptation.zones.low.regime_proba': 0.42, 'thresholds.signal_adaptation.zones.mid.entry_conf_overall': 0.27, 'thresholds.signal_adaptation.zones.mid.regime_proba': 0.38, 'thresholds.signal_adaptation.zones.high.entry_conf_overall': 0.44, 'thresholds.signal_adaptation.zones.high.regime_proba': 0.45, 'exit.exit_conf_threshold': 0.4, 'exit.max_hold_bars': 15, 'exit.trailing_stop_pct': 0.011, 'multi_timeframe.ltf_override_threshold': 0.38, 'htf_fib.entry.tolerance_atr': 2.5, 'ltf_fib.entry.tolerance_atr': 1.25, 'htf_exit_config.partial_1_pct': 0.49, 'htf_exit_config.partial_2_pct': 0.39999999999999997, 'htf_exit_config.fib_threshold_atr': 0.65, 'htf_exit_config.trail_atr_multiplier': 1.8}. Best is trial 12 with value: 1.2623464777026068.
[I 2026-01-19 04:13:21,958] Trial 4018 pruned. 
[I 2026-01-19 04:14:39,890] Trial 4019 pruned. 
[I 2026-01-19 04:15:59,143] Trial 4020 pruned. 
[I 2026-01-19 04:17:18,353] Trial 4021 pruned. 
[I 2026-01-19 04:18:36,675] Trial 4022 pruned. 
[I 2026-01-19 04:19:54,821] Trial 4023 pruned. 
[I 2026-01-19 04:21:14,565] Trial 4024 pruned. 
[I 2026-01-19 04:23:19,624] Trial 4025 pruned. 
[I 2026-01-19 04:24:40,558] Trial 4026 pruned. 
[I 2026-01-19 04:25:55,502] Trial 4027 pruned. 
[I 2026-01-19 04:27:14,029] Trial 4028 pruned. 
