[I 2026-01-17 12:55:59,984] Trial 1842 finished with value: 1.0739050680152373 and parameters: {'thresholds.entry_conf_overall': 0.28, 'thresholds.regime_proba.balanced': 0.5800000000000001, 'thresholds.regime_proba.bull': 0.46, 'thresholds.regime_proba.bear': 0.44, 'thresholds.regime_proba.ranging': 0.52, 'thresholds.signal_adaptation.zones.low.entry_conf_overall': 0.21000000000000002, 'thresholds.signal_adaptation.zones.low.regime_proba': 0.35, 'thresholds.signal_adaptation.zones.mid.entry_conf_overall': 0.32, 'thresholds.signal_adaptation.zones.mid.regime_proba': 0.43, 'thresholds.signal_adaptation.zones.high.entry_conf_overall': 0.34, 'thresholds.signal_adaptation.zones.high.regime_proba': 0.49, 'exit.exit_conf_threshold': 0.4, 'exit.max_hold_bars': 22, 'exit.trailing_stop_pct': 0.01, 'multi_timeframe.ltf_override_threshold': 0.33999999999999997, 'htf_fib.entry.tolerance_atr': 4.0, 'ltf_fib.entry.tolerance_atr': 1.25, 'htf_exit_config.partial_1_pct': 0.47000000000000003, 'htf_exit_config.partial_2_pct': 0.5, 'htf_exit_config.fib_threshold_atr': 1.0, 'htf_exit_config.trail_atr_multiplier': 2.7}. Best is trial 12 with value: 1.2623464777026068.
[I 2026-01-17 12:56:57,481] Trial 1843 finished with value: 1.2623464777026068 and parameters: {'thresholds.entry_conf_overall': 0.22, 'thresholds.regime_proba.balanced': 0.42000000000000004, 'thresholds.regime_proba.bull': 0.52, 'thresholds.regime_proba.bear': 0.48000000000000004, 'thresholds.regime_proba.ranging': 0.42000000000000004, 'thresholds.signal_adaptation.zones.low.entry_conf_overall': 0.24000000000000002, 'thresholds.signal_adaptation.zones.low.regime_proba': 0.36, 'thresholds.signal_adaptation.zones.mid.entry_conf_overall': 0.29000000000000004, 'thresholds.signal_adaptation.zones.mid.regime_proba': 0.5, 'thresholds.signal_adaptation.zones.high.entry_conf_overall': 0.38, 'thresholds.signal_adaptation.zones.high.regime_proba': 0.45, 'exit.exit_conf_threshold': 0.42000000000000004, 'exit.max_hold_bars': 8, 'exit.trailing_stop_pct': 0.013000000000000001, 'multi_timeframe.ltf_override_threshold': 0.48, 'htf_fib.entry.tolerance_atr': 2.5, 'ltf_fib.entry.tolerance_atr': 2.5, 'htf_exit_config.partial_1_pct': 0.5700000000000001, 'htf_exit_config.partial_2_pct': 0.44999999999999996, 'htf_exit_config.fib_threshold_atr': 0.8, 'htf_exit_config.trail_atr_multiplier': 3.3}. Best is trial 12 with value: 1.2623464777026068.
[I 2026-01-17 12:57:39,812] Trial 1844 pruned. 
[I 2026-01-17 12:58:37,247] Trial 1845 finished with value: 1.0739050680152373 and parameters: {'thresholds.entry_conf_overall': 0.28, 'thresholds.regime_proba.balanced': 0.54, 'thresholds.regime_proba.bull': 0.44, 'thresholds.regime_proba.bear': 0.42000000000000004, 'thresholds.regime_proba.ranging': 0.44, 'thresholds.signal_adaptation.zones.low.entry_conf_overall': 0.25, 'thresholds.signal_adaptation.zones.low.regime_proba': 0.32999999999999996, 'thresholds.signal_adaptation.zones.mid.entry_conf_overall': 0.27, 'thresholds.signal_adaptation.zones.mid.regime_proba': 0.44, 'thresholds.signal_adaptation.zones.high.entry_conf_overall': 0.41000000000000003, 'thresholds.signal_adaptation.zones.high.regime_proba': 0.47, 'exit.exit_conf_threshold': 0.4, 'exit.max_hold_bars': 23, 'exit.trailing_stop_pct': 0.019000000000000003, 'multi_timeframe.ltf_override_threshold': 0.5, 'htf_fib.entry.tolerance_atr': 3.0, 'ltf_fib.entry.tolerance_atr': 2.0, 'htf_exit_config.partial_1_pct': 0.55, 'htf_exit_config.partial_2_pct': 0.35, 'htf_exit_config.fib_threshold_atr': 0.6, 'htf_exit_config.trail_atr_multiplier': 2.9000000000000004}. Best is trial 12 with value: 1.2623464777026068.
[I 2026-01-17 12:59:34,844] Trial 1846 finished with value: 1.2623464777026068 and parameters: {'thresholds.entry_conf_overall': 0.25, 'thresholds.regime_proba.balanced': 0.5, 'thresholds.regime_proba.bull': 0.46, 'thresholds.regime_proba.bear': 0.4, 'thresholds.regime_proba.ranging': 0.4, 'thresholds.signal_adaptation.zones.low.entry_conf_overall': 0.25, 'thresholds.signal_adaptation.zones.low.regime_proba': 0.36, 'thresholds.signal_adaptation.zones.mid.entry_conf_overall': 0.27, 'thresholds.signal_adaptation.zones.mid.regime_proba': 0.41, 'thresholds.signal_adaptation.zones.high.entry_conf_overall': 0.4, 'thresholds.signal_adaptation.zones.high.regime_proba': 0.47, 'exit.exit_conf_threshold': 0.42000000000000004, 'exit.max_hold_bars': 22, 'exit.trailing_stop_pct': 0.019000000000000003, 'multi_timeframe.ltf_override_threshold': 0.4, 'htf_fib.entry.tolerance_atr': 2.0, 'ltf_fib.entry.tolerance_atr': 2.25, 'htf_exit_config.partial_1_pct': 0.65, 'htf_exit_config.partial_2_pct': 0.39999999999999997, 'htf_exit_config.fib_threshold_atr': 0.7, 'htf_exit_config.trail_atr_multiplier': 2.4000000000000004}. Best is trial 12 with value: 1.2623464777026068.
[I 2026-01-17 13:00:17,266] Trial 1847 pruned. 
[I 2026-01-17 13:01:02,882] Trial 1848 pruned. 
[I 2026-01-17 13:01:44,933] Trial 1849 pruned. 
[I 2026-01-17 13:02:56,782] Trial 1850 pruned. 
[I 2026-01-17 13:03:38,994] Trial 1851 pruned. 
[I 2026-01-17 13:04:20,435] Trial 1852 pruned. 
[I 2026-01-17 13:05:03,096] Trial 1853 pruned. 
[I 2026-01-17 13:05:45,614] Trial 1854 pruned. 
[I 2026-01-17 13:06:28,368] Trial 1855 pruned. 
[I 2026-01-17 13:07:25,578] Trial 1856 finished with value: 1.2623464777026068 and parameters: {'thresholds.entry_conf_overall': 0.24, 'thresholds.regime_proba.balanced': 0.42000000000000004, 'thresholds.regime_proba.bull': 0.6, 'thresholds.regime_proba.bear': 0.52, 'thresholds.regime_proba.ranging': 0.48000000000000004, 'thresholds.signal_adaptation.zones.low.entry_conf_overall': 0.24000000000000002, 'thresholds.signal_adaptation.zones.low.regime_proba': 0.39, 'thresholds.signal_adaptation.zones.mid.entry_conf_overall': 0.31, 'thresholds.signal_adaptation.zones.mid.regime_proba': 0.41, 'thresholds.signal_adaptation.zones.high.entry_conf_overall': 0.42000000000000004, 'thresholds.signal_adaptation.zones.high.regime_proba': 0.45, 'exit.exit_conf_threshold': 0.42000000000000004, 'exit.max_hold_bars': 16, 'exit.trailing_stop_pct': 0.02, 'multi_timeframe.ltf_override_threshold': 0.36, 'htf_fib.entry.tolerance_atr': 3.5, 'ltf_fib.entry.tolerance_atr': 1.75, 'htf_exit_config.partial_1_pct': 0.67, 'htf_exit_config.partial_2_pct': 0.5, 'htf_exit_config.fib_threshold_atr': 0.6, 'htf_exit_config.trail_atr_multiplier': 3.1}. Best is trial 12 with value: 1.2623464777026068.
[I 2026-01-17 13:08:07,786] Trial 1857 pruned. 
[I 2026-01-17 13:08:49,855] Trial 1858 pruned. 
[I 2026-01-17 13:09:32,122] Trial 1859 pruned. 
[I 2026-01-17 13:10:14,428] Trial 1860 pruned. 
[I 2026-01-17 13:11:11,184] Trial 1861 finished with value: 1.2623464777026068 and parameters: {'thresholds.entry_conf_overall': 0.29, 'thresholds.regime_proba.balanced': 0.6, 'thresholds.regime_proba.bull': 0.52, 'thresholds.regime_proba.bear': 0.46, 'thresholds.regime_proba.ranging': 0.6, 'thresholds.signal_adaptation.zones.low.entry_conf_overall': 0.27, 'thresholds.signal_adaptation.zones.low.regime_proba': 0.37, 'thresholds.signal_adaptation.zones.mid.entry_conf_overall': 0.29000000000000004, 'thresholds.signal_adaptation.zones.mid.regime_proba': 0.44, 'thresholds.signal_adaptation.zones.high.entry_conf_overall': 0.35, 'thresholds.signal_adaptation.zones.high.regime_proba': 0.44, 'exit.exit_conf_threshold': 0.42000000000000004, 'exit.max_hold_bars': 15, 'exit.trailing_stop_pct': 0.015, 'multi_timeframe.ltf_override_threshold': 0.5, 'htf_fib.entry.tolerance_atr': 5.0, 'ltf_fib.entry.tolerance_atr': 0.75, 'htf_exit_config.partial_1_pct': 0.65, 'htf_exit_config.partial_2_pct': 0.6, 'htf_exit_config.fib_threshold_atr': 1.05, 'htf_exit_config.trail_atr_multiplier': 2.4000000000000004}. Best is trial 12 with value: 1.2623464777026068.
[I 2026-01-17 13:11:57,677] Trial 1862 pruned. 
[I 2026-01-17 13:12:43,899] Trial 1863 pruned. 
[I 2026-01-17 13:13:28,048] Trial 1864 pruned. 
[I 2026-01-17 13:14:12,365] Trial 1865 pruned. 
[I 2026-01-17 13:14:54,729] Trial 1866 pruned. 
[I 2026-01-17 13:15:37,456] Trial 1867 pruned. 
[I 2026-01-17 13:16:19,956] Trial 1868 pruned. 
[I 2026-01-17 13:17:03,006] Trial 1869 pruned. 
[I 2026-01-17 13:17:45,679] Trial 1870 pruned. 
[I 2026-01-17 13:18:28,585] Trial 1871 pruned. 
[I 2026-01-17 13:19:11,409] Trial 1872 pruned. 
[I 2026-01-17 13:20:09,308] Trial 1873 finished with value: 1.0739050680152373 and parameters: {'thresholds.entry_conf_overall': 0.22, 'thresholds.regime_proba.balanced': 0.44, 'thresholds.regime_proba.bull': 0.46, 'thresholds.regime_proba.bear': 0.44, 'thresholds.regime_proba.ranging': 0.4, 'thresholds.signal_adaptation.zones.low.entry_conf_overall': 0.21000000000000002, 'thresholds.signal_adaptation.zones.low.regime_proba': 0.33999999999999997, 'thresholds.signal_adaptation.zones.mid.entry_conf_overall': 0.3, 'thresholds.signal_adaptation.zones.mid.regime_proba': 0.47, 'thresholds.signal_adaptation.zones.high.entry_conf_overall': 0.41000000000000003, 'thresholds.signal_adaptation.zones.high.regime_proba': 0.5, 'exit.exit_conf_threshold': 0.4, 'exit.max_hold_bars': 24, 'exit.trailing_stop_pct': 0.011, 'multi_timeframe.ltf_override_threshold': 0.45999999999999996, 'htf_fib.entry.tolerance_atr': 3.0, 'ltf_fib.entry.tolerance_atr': 2.25, 'htf_exit_config.partial_1_pct': 0.49, 'htf_exit_config.partial_2_pct': 0.35, 'htf_exit_config.fib_threshold_atr': 0.8, 'htf_exit_config.trail_atr_multiplier': 2.7}. Best is trial 12 with value: 1.2623464777026068.
[I 2026-01-17 13:21:07,031] Trial 1874 finished with value: 1.2623464777026068 and parameters: {'thresholds.entry_conf_overall': 0.29, 'thresholds.regime_proba.balanced': 0.52, 'thresholds.regime_proba.bull': 0.44, 'thresholds.regime_proba.bear': 0.4, 'thresholds.regime_proba.ranging': 0.4, 'thresholds.signal_adaptation.zones.low.entry_conf_overall': 0.26, 'thresholds.signal_adaptation.zones.low.regime_proba': 0.37, 'thresholds.signal_adaptation.zones.mid.entry_conf_overall': 0.27, 'thresholds.signal_adaptation.zones.mid.regime_proba': 0.42, 'thresholds.signal_adaptation.zones.high.entry_conf_overall': 0.42000000000000004, 'thresholds.signal_adaptation.zones.high.regime_proba': 0.47, 'exit.exit_conf_threshold': 0.42000000000000004, 'exit.max_hold_bars': 19, 'exit.trailing_stop_pct': 0.016, 'multi_timeframe.ltf_override_threshold': 0.44, 'htf_fib.entry.tolerance_atr': 2.5, 'ltf_fib.entry.tolerance_atr': 2.0, 'htf_exit_config.partial_1_pct': 0.5700000000000001, 'htf_exit_config.partial_2_pct': 0.39999999999999997, 'htf_exit_config.fib_threshold_atr': 0.7, 'htf_exit_config.trail_atr_multiplier': 2.5}. Best is trial 12 with value: 1.2623464777026068.
[I 2026-01-17 13:22:18,304] Trial 1875 pruned. 
[I 2026-01-17 13:23:03,968] Trial 1876 pruned. 
[I 2026-01-17 13:24:20,632] Trial 1877 pruned. 
[I 2026-01-17 13:25:05,872] Trial 1878 pruned. 
[I 2026-01-17 13:25:51,830] Trial 1879 pruned. 
[I 2026-01-17 13:26:34,243] Trial 1880 pruned. 
[I 2026-01-17 13:27:31,623] Trial 1881 finished with value: 1.0739050680152373 and parameters: {'thresholds.entry_conf_overall': 0.27, 'thresholds.regime_proba.balanced': 0.48000000000000004, 'thresholds.regime_proba.bull': 0.42000000000000004, 'thresholds.regime_proba.bear': 0.42000000000000004, 'thresholds.regime_proba.ranging': 0.4, 'thresholds.signal_adaptation.zones.low.entry_conf_overall': 0.24000000000000002, 'thresholds.signal_adaptation.zones.low.regime_proba': 0.35, 'thresholds.signal_adaptation.zones.mid.entry_conf_overall': 0.26, 'thresholds.signal_adaptation.zones.mid.regime_proba': 0.45999999999999996, 'thresholds.signal_adaptation.zones.high.entry_conf_overall': 0.41000000000000003, 'thresholds.signal_adaptation.zones.high.regime_proba': 0.44, 'exit.exit_conf_threshold': 0.4, 'exit.max_hold_bars': 16, 'exit.trailing_stop_pct': 0.01, 'multi_timeframe.ltf_override_threshold': 0.48, 'htf_fib.entry.tolerance_atr': 4.0, 'ltf_fib.entry.tolerance_atr': 2.0, 'htf_exit_config.partial_1_pct': 0.49, 'htf_exit_config.partial_2_pct': 0.44999999999999996, 'htf_exit_config.fib_threshold_atr': 0.65, 'htf_exit_config.trail_atr_multiplier': 3.5}. Best is trial 12 with value: 1.2623464777026068.
[I 2026-01-17 13:28:14,442] Trial 1882 pruned. 
[I 2026-01-17 13:28:58,806] Trial 1883 pruned. 
[I 2026-01-17 13:29:41,657] Trial 1884 pruned. 
[I 2026-01-17 13:30:25,021] Trial 1885 pruned. 
[I 2026-01-17 13:31:08,743] Trial 1886 pruned. 
[I 2026-01-17 13:31:50,747] Trial 1887 pruned. 
[I 2026-01-17 13:32:33,298] Trial 1888 pruned. 
[I 2026-01-17 13:33:15,943] Trial 1889 pruned. 
[I 2026-01-17 13:33:59,213] Trial 1890 pruned. 
[I 2026-01-17 13:34:42,356] Trial 1891 pruned. 
[I 2026-01-17 13:35:24,222] Trial 1892 pruned. 
[I 2026-01-17 13:36:07,006] Trial 1893 pruned. 
[I 2026-01-17 13:36:49,510] Trial 1894 pruned. 
[I 2026-01-17 13:37:47,099] Trial 1895 finished with value: 1.0739050680152373 and parameters: {'thresholds.entry_conf_overall': 0.31, 'thresholds.regime_proba.balanced': 0.4, 'thresholds.regime_proba.bull': 0.42000000000000004, 'thresholds.regime_proba.bear': 0.5, 'thresholds.regime_proba.ranging': 0.6, 'thresholds.signal_adaptation.zones.low.entry_conf_overall': 0.28, 'thresholds.signal_adaptation.zones.low.regime_proba': 0.32999999999999996, 'thresholds.signal_adaptation.zones.mid.entry_conf_overall': 0.3, 'thresholds.signal_adaptation.zones.mid.regime_proba': 0.47, 'thresholds.signal_adaptation.zones.high.entry_conf_overall': 0.44, 'thresholds.signal_adaptation.zones.high.regime_proba': 0.5, 'exit.exit_conf_threshold': 0.4, 'exit.max_hold_bars': 18, 'exit.trailing_stop_pct': 0.019000000000000003, 'multi_timeframe.ltf_override_threshold': 0.5800000000000001, 'htf_fib.entry.tolerance_atr': 5.0, 'ltf_fib.entry.tolerance_atr': 1.5, 'htf_exit_config.partial_1_pct': 0.45, 'htf_exit_config.partial_2_pct': 0.55, 'htf_exit_config.fib_threshold_atr': 1.1, 'htf_exit_config.trail_atr_multiplier': 3.4000000000000004}. Best is trial 12 with value: 1.2623464777026068.
[I 2026-01-17 13:38:29,179] Trial 1896 pruned. 
[I 2026-01-17 13:39:11,914] Trial 1897 pruned. 
[I 2026-01-17 13:39:54,048] Trial 1898 pruned. 
[I 2026-01-17 13:40:51,837] Trial 1899 finished with value: 1.2623464777026068 and parameters: {'thresholds.entry_conf_overall': 0.28, 'thresholds.regime_proba.balanced': 0.5, 'thresholds.regime_proba.bull': 0.46, 'thresholds.regime_proba.bear': 0.48000000000000004, 'thresholds.regime_proba.ranging': 0.48000000000000004, 'thresholds.signal_adaptation.zones.low.entry_conf_overall': 0.28, 'thresholds.signal_adaptation.zones.low.regime_proba': 0.4, 'thresholds.signal_adaptation.zones.mid.entry_conf_overall': 0.29000000000000004, 'thresholds.signal_adaptation.zones.mid.regime_proba': 0.41, 'thresholds.signal_adaptation.zones.high.entry_conf_overall': 0.38, 'thresholds.signal_adaptation.zones.high.regime_proba': 0.47, 'exit.exit_conf_threshold': 0.42000000000000004, 'exit.max_hold_bars': 21, 'exit.trailing_stop_pct': 0.018000000000000002, 'multi_timeframe.ltf_override_threshold': 0.4, 'htf_fib.entry.tolerance_atr': 2.5, 'ltf_fib.entry.tolerance_atr': 1.75, 'htf_exit_config.partial_1_pct': 0.53, 'htf_exit_config.partial_2_pct': 0.35, 'htf_exit_config.fib_threshold_atr': 0.65, 'htf_exit_config.trail_atr_multiplier': 2.5}. Best is trial 12 with value: 1.2623464777026068.
[I 2026-01-17 13:42:04,455] Trial 1900 pruned. 
[I 2026-01-17 13:43:01,868] Trial 1901 finished with value: 1.2623464777026068 and parameters: {'thresholds.entry_conf_overall': 0.26, 'thresholds.regime_proba.balanced': 0.46, 'thresholds.regime_proba.bull': 0.6, 'thresholds.regime_proba.bear': 0.48000000000000004, 'thresholds.regime_proba.ranging': 0.4, 'thresholds.signal_adaptation.zones.low.entry_conf_overall': 0.22, 'thresholds.signal_adaptation.zones.low.regime_proba': 0.38, 'thresholds.signal_adaptation.zones.mid.entry_conf_overall': 0.26, 'thresholds.signal_adaptation.zones.mid.regime_proba': 0.47, 'thresholds.signal_adaptation.zones.high.entry_conf_overall': 0.43, 'thresholds.signal_adaptation.zones.high.regime_proba': 0.47, 'exit.exit_conf_threshold': 0.42000000000000004, 'exit.max_hold_bars': 22, 'exit.trailing_stop_pct': 0.014, 'multi_timeframe.ltf_override_threshold': 0.42, 'htf_fib.entry.tolerance_atr': 2.0, 'ltf_fib.entry.tolerance_atr': 1.75, 'htf_exit_config.partial_1_pct': 0.51, 'htf_exit_config.partial_2_pct': 0.35, 'htf_exit_config.fib_threshold_atr': 0.85, 'htf_exit_config.trail_atr_multiplier': 2.4000000000000004}. Best is trial 12 with value: 1.2623464777026068.
[I 2026-01-17 13:43:59,796] Trial 1902 finished with value: 1.0739050680152373 and parameters: {'thresholds.entry_conf_overall': 0.28, 'thresholds.regime_proba.balanced': 0.5, 'thresholds.regime_proba.bull': 0.52, 'thresholds.regime_proba.bear': 0.56, 'thresholds.regime_proba.ranging': 0.5800000000000001, 'thresholds.signal_adaptation.zones.low.entry_conf_overall': 0.2, 'thresholds.signal_adaptation.zones.low.regime_proba': 0.39, 'thresholds.signal_adaptation.zones.mid.entry_conf_overall': 0.29000000000000004, 'thresholds.signal_adaptation.zones.mid.regime_proba': 0.44, 'thresholds.signal_adaptation.zones.high.entry_conf_overall': 0.42000000000000004, 'thresholds.signal_adaptation.zones.high.regime_proba': 0.47, 'exit.exit_conf_threshold': 0.4, 'exit.max_hold_bars': 9, 'exit.trailing_stop_pct': 0.015, 'multi_timeframe.ltf_override_threshold': 0.48, 'htf_fib.entry.tolerance_atr': 3.5, 'ltf_fib.entry.tolerance_atr': 1.75, 'htf_exit_config.partial_1_pct': 0.69, 'htf_exit_config.partial_2_pct': 0.39999999999999997, 'htf_exit_config.fib_threshold_atr': 1.0, 'htf_exit_config.trail_atr_multiplier': 2.0}. Best is trial 12 with value: 1.2623464777026068.
[I 2026-01-17 13:45:17,854] Trial 1903 pruned. 
[I 2026-01-17 13:46:04,872] Trial 1904 pruned. 
[I 2026-01-17 13:46:47,565] Trial 1905 pruned. 
[I 2026-01-17 13:47:29,849] Trial 1906 pruned. 
[I 2026-01-17 13:48:12,369] Trial 1907 pruned. 
[I 2026-01-17 13:48:55,032] Trial 1908 pruned. 
[I 2026-01-17 13:49:38,790] Trial 1909 pruned. 
[I 2026-01-17 13:50:36,868] Trial 1910 finished with value: 1.2623464777026068 and parameters: {'thresholds.entry_conf_overall': 0.3, 'thresholds.regime_proba.balanced': 0.5, 'thresholds.regime_proba.bull': 0.48000000000000004, 'thresholds.regime_proba.bear': 0.5800000000000001, 'thresholds.regime_proba.ranging': 0.56, 'thresholds.signal_adaptation.zones.low.entry_conf_overall': 0.23, 'thresholds.signal_adaptation.zones.low.regime_proba': 0.37, 'thresholds.signal_adaptation.zones.mid.entry_conf_overall': 0.28, 'thresholds.signal_adaptation.zones.mid.regime_proba': 0.38, 'thresholds.signal_adaptation.zones.high.entry_conf_overall': 0.33, 'thresholds.signal_adaptation.zones.high.regime_proba': 0.48, 'exit.exit_conf_threshold': 0.42000000000000004, 'exit.max_hold_bars': 13, 'exit.trailing_stop_pct': 0.012, 'multi_timeframe.ltf_override_threshold': 0.52, 'htf_fib.entry.tolerance_atr': 2.0, 'ltf_fib.entry.tolerance_atr': 2.5, 'htf_exit_config.partial_1_pct': 0.49, 'htf_exit_config.partial_2_pct': 0.39999999999999997, 'htf_exit_config.fib_threshold_atr': 0.75, 'htf_exit_config.trail_atr_multiplier': 3.5}. Best is trial 12 with value: 1.2623464777026068.
[I 2026-01-17 13:51:22,735] Trial 1911 pruned. 
[I 2026-01-17 13:52:09,130] Trial 1912 pruned. 
[I 2026-01-17 13:53:28,533] Trial 1913 pruned. 
[I 2026-01-17 13:54:14,114] Trial 1914 pruned. 
[I 2026-01-17 13:55:00,059] Trial 1915 pruned. 
[I 2026-01-17 13:55:58,906] Trial 1916 finished with value: 1.2623464777026068 and parameters: {'thresholds.entry_conf_overall': 0.27, 'thresholds.regime_proba.balanced': 0.46, 'thresholds.regime_proba.bull': 0.5, 'thresholds.regime_proba.bear': 0.4, 'thresholds.regime_proba.ranging': 0.5, 'thresholds.signal_adaptation.zones.low.entry_conf_overall': 0.23, 'thresholds.signal_adaptation.zones.low.regime_proba': 0.37, 'thresholds.signal_adaptation.zones.mid.entry_conf_overall': 0.26, 'thresholds.signal_adaptation.zones.mid.regime_proba': 0.42, 'thresholds.signal_adaptation.zones.high.entry_conf_overall': 0.43, 'thresholds.signal_adaptation.zones.high.regime_proba': 0.44, 'exit.exit_conf_threshold': 0.42000000000000004, 'exit.max_hold_bars': 24, 'exit.trailing_stop_pct': 0.013000000000000001, 'multi_timeframe.ltf_override_threshold': 0.56, 'htf_fib.entry.tolerance_atr': 3.5, 'ltf_fib.entry.tolerance_atr': 1.25, 'htf_exit_config.partial_1_pct': 0.63, 'htf_exit_config.partial_2_pct': 0.35, 'htf_exit_config.fib_threshold_atr': 0.65, 'htf_exit_config.trail_atr_multiplier': 2.4000000000000004}. Best is trial 12 with value: 1.2623464777026068.
[I 2026-01-17 13:56:57,944] Trial 1917 finished with value: 1.0739050680152373 and parameters: {'thresholds.entry_conf_overall': 0.3, 'thresholds.regime_proba.balanced': 0.56, 'thresholds.regime_proba.bull': 0.6, 'thresholds.regime_proba.bear': 0.42000000000000004, 'thresholds.regime_proba.ranging': 0.44, 'thresholds.signal_adaptation.zones.low.entry_conf_overall': 0.25, 'thresholds.signal_adaptation.zones.low.regime_proba': 0.39, 'thresholds.signal_adaptation.zones.mid.entry_conf_overall': 0.26, 'thresholds.signal_adaptation.zones.mid.regime_proba': 0.48, 'thresholds.signal_adaptation.zones.high.entry_conf_overall': 0.36, 'thresholds.signal_adaptation.zones.high.regime_proba': 0.47, 'exit.exit_conf_threshold': 0.4, 'exit.max_hold_bars': 22, 'exit.trailing_stop_pct': 0.012, 'multi_timeframe.ltf_override_threshold': 0.44, 'htf_fib.entry.tolerance_atr': 2.5, 'ltf_fib.entry.tolerance_atr': 1.0, 'htf_exit_config.partial_1_pct': 0.51, 'htf_exit_config.partial_2_pct': 0.39999999999999997, 'htf_exit_config.fib_threshold_atr': 1.0, 'htf_exit_config.trail_atr_multiplier': 2.8}. Best is trial 12 with value: 1.2623464777026068.
[I 2026-01-17 13:57:47,185] Trial 1918 pruned. 
[I 2026-01-17 13:58:33,016] Trial 1919 pruned. 
[I 2026-01-17 13:59:20,348] Trial 1920 pruned. 
[I 2026-01-17 14:00:06,304] Trial 1921 pruned. 
[I 2026-01-17 14:00:49,841] Trial 1922 pruned. 
[I 2026-01-17 14:01:35,496] Trial 1923 pruned. 
[I 2026-01-17 14:02:21,293] Trial 1924 pruned. 
