[I 2026-01-18 22:17:23,511] Trial 3752 finished with value: 1.2623464777026068 and parameters: {'thresholds.entry_conf_overall': 0.31, 'thresholds.regime_proba.balanced': 0.56, 'thresholds.regime_proba.bull': 0.52, 'thresholds.regime_proba.bear': 0.4, 'thresholds.regime_proba.ranging': 0.42000000000000004, 'thresholds.signal_adaptation.zones.low.entry_conf_overall': 0.24000000000000002, 'thresholds.signal_adaptation.zones.low.regime_proba': 0.32999999999999996, 'thresholds.signal_adaptation.zones.mid.entry_conf_overall': 0.26, 'thresholds.signal_adaptation.zones.mid.regime_proba': 0.45999999999999996, 'thresholds.signal_adaptation.zones.high.entry_conf_overall': 0.44, 'thresholds.signal_adaptation.zones.high.regime_proba': 0.46, 'exit.exit_conf_threshold': 0.42000000000000004, 'exit.max_hold_bars': 21, 'exit.trailing_stop_pct': 0.013000000000000001, 'multi_timeframe.ltf_override_threshold': 0.5, 'htf_fib.entry.tolerance_atr': 2.0, 'ltf_fib.entry.tolerance_atr': 2.5, 'htf_exit_config.partial_1_pct': 0.69, 'htf_exit_config.partial_2_pct': 0.44999999999999996, 'htf_exit_config.fib_threshold_atr': 0.75, 'htf_exit_config.trail_atr_multiplier': 3.4000000000000004}. Best is trial 12 with value: 1.2623464777026068.
[I 2026-01-18 22:18:34,233] Trial 3753 pruned. 
[I 2026-01-18 22:19:48,008] Trial 3754 pruned. 
[I 2026-01-18 22:21:01,753] Trial 3755 pruned. 
[I 2026-01-18 22:22:16,932] Trial 3756 pruned. 
[I 2026-01-18 22:23:31,954] Trial 3757 pruned. 
[I 2026-01-18 22:24:44,211] Trial 3758 pruned. 
[I 2026-01-18 22:25:56,966] Trial 3759 pruned. 
[I 2026-01-18 22:27:11,443] Trial 3760 finished with value: 1.2623464777026068 and parameters: {'thresholds.entry_conf_overall': 0.31, 'thresholds.regime_proba.balanced': 0.6, 'thresholds.regime_proba.bull': 0.6, 'thresholds.regime_proba.bear': 0.42000000000000004, 'thresholds.regime_proba.ranging': 0.5, 'thresholds.signal_adaptation.zones.low.entry_conf_overall': 0.24000000000000002, 'thresholds.signal_adaptation.zones.low.regime_proba': 0.41, 'thresholds.signal_adaptation.zones.mid.entry_conf_overall': 0.27, 'thresholds.signal_adaptation.zones.mid.regime_proba': 0.49, 'thresholds.signal_adaptation.zones.high.entry_conf_overall': 0.35, 'thresholds.signal_adaptation.zones.high.regime_proba': 0.46, 'exit.exit_conf_threshold': 0.42000000000000004, 'exit.max_hold_bars': 24, 'exit.trailing_stop_pct': 0.011, 'multi_timeframe.ltf_override_threshold': 0.48, 'htf_fib.entry.tolerance_atr': 2.0, 'ltf_fib.entry.tolerance_atr': 1.5, 'htf_exit_config.partial_1_pct': 0.47000000000000003, 'htf_exit_config.partial_2_pct': 0.35, 'htf_exit_config.fib_threshold_atr': 0.6, 'htf_exit_config.trail_atr_multiplier': 3.1}. Best is trial 12 with value: 1.2623464777026068.
[I 2026-01-18 22:28:29,391] Trial 3761 pruned. 
[I 2026-01-18 22:29:43,304] Trial 3762 pruned. 
[I 2026-01-18 22:30:57,247] Trial 3763 pruned. 
[I 2026-01-18 22:32:16,757] Trial 3764 pruned. 
[I 2026-01-18 22:33:29,921] Trial 3765 finished with value: 1.2623464777026068 and parameters: {'thresholds.entry_conf_overall': 0.18, 'thresholds.regime_proba.balanced': 0.46, 'thresholds.regime_proba.bull': 0.42000000000000004, 'thresholds.regime_proba.bear': 0.44, 'thresholds.regime_proba.ranging': 0.42000000000000004, 'thresholds.signal_adaptation.zones.low.entry_conf_overall': 0.28, 'thresholds.signal_adaptation.zones.low.regime_proba': 0.33999999999999997, 'thresholds.signal_adaptation.zones.mid.entry_conf_overall': 0.33, 'thresholds.signal_adaptation.zones.mid.regime_proba': 0.45999999999999996, 'thresholds.signal_adaptation.zones.high.entry_conf_overall': 0.43, 'thresholds.signal_adaptation.zones.high.regime_proba': 0.45, 'exit.exit_conf_threshold': 0.42000000000000004, 'exit.max_hold_bars': 8, 'exit.trailing_stop_pct': 0.011, 'multi_timeframe.ltf_override_threshold': 0.5, 'htf_fib.entry.tolerance_atr': 5.5, 'ltf_fib.entry.tolerance_atr': 1.75, 'htf_exit_config.partial_1_pct': 0.51, 'htf_exit_config.partial_2_pct': 0.55, 'htf_exit_config.fib_threshold_atr': 0.85, 'htf_exit_config.trail_atr_multiplier': 2.9000000000000004}. Best is trial 12 with value: 1.2623464777026068.
[I 2026-01-18 22:34:40,411] Trial 3766 pruned. 
[I 2026-01-18 22:35:51,476] Trial 3767 pruned. 
[I 2026-01-18 22:37:04,532] Trial 3768 pruned. 
[I 2026-01-18 22:38:16,865] Trial 3769 pruned. 
[I 2026-01-18 22:40:01,814] Trial 3770 pruned. 
[I 2026-01-18 22:41:15,949] Trial 3771 pruned. 
[I 2026-01-18 22:42:27,377] Trial 3772 pruned. 
[I 2026-01-18 22:43:37,370] Trial 3773 pruned. 
[I 2026-01-18 22:44:50,564] Trial 3774 finished with value: 1.2623464777026068 and parameters: {'thresholds.entry_conf_overall': 0.32, 'thresholds.regime_proba.balanced': 0.6, 'thresholds.regime_proba.bull': 0.54, 'thresholds.regime_proba.bear': 0.56, 'thresholds.regime_proba.ranging': 0.6, 'thresholds.signal_adaptation.zones.low.entry_conf_overall': 0.26, 'thresholds.signal_adaptation.zones.low.regime_proba': 0.39, 'thresholds.signal_adaptation.zones.mid.entry_conf_overall': 0.29000000000000004, 'thresholds.signal_adaptation.zones.mid.regime_proba': 0.39999999999999997, 'thresholds.signal_adaptation.zones.high.entry_conf_overall': 0.43, 'thresholds.signal_adaptation.zones.high.regime_proba': 0.45, 'exit.exit_conf_threshold': 0.42000000000000004, 'exit.max_hold_bars': 20, 'exit.trailing_stop_pct': 0.01, 'multi_timeframe.ltf_override_threshold': 0.32, 'htf_fib.entry.tolerance_atr': 5.0, 'ltf_fib.entry.tolerance_atr': 2.0, 'htf_exit_config.partial_1_pct': 0.69, 'htf_exit_config.partial_2_pct': 0.6, 'htf_exit_config.fib_threshold_atr': 1.0, 'htf_exit_config.trail_atr_multiplier': 2.6}. Best is trial 12 with value: 1.2623464777026068.
[I 2026-01-18 22:46:46,790] Trial 3775 pruned. 
[I 2026-01-18 22:48:00,692] Trial 3776 pruned. 
[I 2026-01-18 22:49:14,416] Trial 3777 pruned. 
[I 2026-01-18 22:50:26,313] Trial 3778 pruned. 
[I 2026-01-18 22:51:37,005] Trial 3779 pruned. 
[I 2026-01-18 22:52:49,626] Trial 3780 finished with value: 1.0739050680152373 and parameters: {'thresholds.entry_conf_overall': 0.28, 'thresholds.regime_proba.balanced': 0.4, 'thresholds.regime_proba.bull': 0.46, 'thresholds.regime_proba.bear': 0.5800000000000001, 'thresholds.regime_proba.ranging': 0.54, 'thresholds.signal_adaptation.zones.low.entry_conf_overall': 0.22, 'thresholds.signal_adaptation.zones.low.regime_proba': 0.32, 'thresholds.signal_adaptation.zones.mid.entry_conf_overall': 0.36, 'thresholds.signal_adaptation.zones.mid.regime_proba': 0.37, 'thresholds.signal_adaptation.zones.high.entry_conf_overall': 0.37, 'thresholds.signal_adaptation.zones.high.regime_proba': 0.46, 'exit.exit_conf_threshold': 0.4, 'exit.max_hold_bars': 14, 'exit.trailing_stop_pct': 0.016, 'multi_timeframe.ltf_override_threshold': 0.5, 'htf_fib.entry.tolerance_atr': 5.5, 'ltf_fib.entry.tolerance_atr': 1.25, 'htf_exit_config.partial_1_pct': 0.49, 'htf_exit_config.partial_2_pct': 0.5, 'htf_exit_config.fib_threshold_atr': 0.95, 'htf_exit_config.trail_atr_multiplier': 2.5}. Best is trial 12 with value: 1.2623464777026068.
[I 2026-01-18 22:54:02,771] Trial 3781 pruned. 
[I 2026-01-18 22:55:17,061] Trial 3782 pruned. 
[I 2026-01-18 22:56:30,229] Trial 3783 pruned. 
[I 2026-01-18 22:57:40,805] Trial 3784 pruned. 
[I 2026-01-18 22:58:52,250] Trial 3785 pruned. 
[I 2026-01-18 23:00:06,270] Trial 3786 pruned. 
[I 2026-01-18 23:01:22,829] Trial 3787 pruned. 
[I 2026-01-18 23:02:33,792] Trial 3788 pruned. 
[I 2026-01-18 23:03:45,238] Trial 3789 pruned. 
[I 2026-01-18 23:04:59,851] Trial 3790 pruned. 
[I 2026-01-18 23:06:11,832] Trial 3791 pruned. 
[I 2026-01-18 23:07:23,071] Trial 3792 pruned. 
[I 2026-01-18 23:08:36,048] Trial 3793 pruned. 
[I 2026-01-18 23:09:47,446] Trial 3794 pruned. 
[I 2026-01-18 23:11:01,498] Trial 3795 finished with value: 1.2623464777026068 and parameters: {'thresholds.entry_conf_overall': 0.31, 'thresholds.regime_proba.balanced': 0.6, 'thresholds.regime_proba.bull': 0.5800000000000001, 'thresholds.regime_proba.bear': 0.48000000000000004, 'thresholds.regime_proba.ranging': 0.4, 'thresholds.signal_adaptation.zones.low.entry_conf_overall': 0.23, 'thresholds.signal_adaptation.zones.low.regime_proba': 0.41, 'thresholds.signal_adaptation.zones.mid.entry_conf_overall': 0.3, 'thresholds.signal_adaptation.zones.mid.regime_proba': 0.45999999999999996, 'thresholds.signal_adaptation.zones.high.entry_conf_overall': 0.41000000000000003, 'thresholds.signal_adaptation.zones.high.regime_proba': 0.5, 'exit.exit_conf_threshold': 0.42000000000000004, 'exit.max_hold_bars': 19, 'exit.trailing_stop_pct': 0.014, 'multi_timeframe.ltf_override_threshold': 0.44, 'htf_fib.entry.tolerance_atr': 2.5, 'ltf_fib.entry.tolerance_atr': 1.25, 'htf_exit_config.partial_1_pct': 0.55, 'htf_exit_config.partial_2_pct': 0.39999999999999997, 'htf_exit_config.fib_threshold_atr': 0.65, 'htf_exit_config.trail_atr_multiplier': 2.8}. Best is trial 12 with value: 1.2623464777026068.
[I 2026-01-18 23:12:12,972] Trial 3796 pruned. 
[I 2026-01-18 23:13:26,018] Trial 3797 finished with value: 1.2623464777026068 and parameters: {'thresholds.entry_conf_overall': 0.25, 'thresholds.regime_proba.balanced': 0.52, 'thresholds.regime_proba.bull': 0.5800000000000001, 'thresholds.regime_proba.bear': 0.46, 'thresholds.regime_proba.ranging': 0.44, 'thresholds.signal_adaptation.zones.low.entry_conf_overall': 0.3, 'thresholds.signal_adaptation.zones.low.regime_proba': 0.42, 'thresholds.signal_adaptation.zones.mid.entry_conf_overall': 0.3, 'thresholds.signal_adaptation.zones.mid.regime_proba': 0.49, 'thresholds.signal_adaptation.zones.high.entry_conf_overall': 0.34, 'thresholds.signal_adaptation.zones.high.regime_proba': 0.46, 'exit.exit_conf_threshold': 0.42000000000000004, 'exit.max_hold_bars': 8, 'exit.trailing_stop_pct': 0.017, 'multi_timeframe.ltf_override_threshold': 0.42, 'htf_fib.entry.tolerance_atr': 6.0, 'ltf_fib.entry.tolerance_atr': 2.5, 'htf_exit_config.partial_1_pct': 0.63, 'htf_exit_config.partial_2_pct': 0.5, 'htf_exit_config.fib_threshold_atr': 0.8, 'htf_exit_config.trail_atr_multiplier': 3.0}. Best is trial 12 with value: 1.2623464777026068.
[I 2026-01-18 23:14:39,199] Trial 3798 finished with value: 1.0739050680152373 and parameters: {'thresholds.entry_conf_overall': 0.31, 'thresholds.regime_proba.balanced': 0.4, 'thresholds.regime_proba.bull': 0.54, 'thresholds.regime_proba.bear': 0.52, 'thresholds.regime_proba.ranging': 0.6, 'thresholds.signal_adaptation.zones.low.entry_conf_overall': 0.25, 'thresholds.signal_adaptation.zones.low.regime_proba': 0.4, 'thresholds.signal_adaptation.zones.mid.entry_conf_overall': 0.27, 'thresholds.signal_adaptation.zones.mid.regime_proba': 0.39999999999999997, 'thresholds.signal_adaptation.zones.high.entry_conf_overall': 0.37, 'thresholds.signal_adaptation.zones.high.regime_proba': 0.44, 'exit.exit_conf_threshold': 0.4, 'exit.max_hold_bars': 16, 'exit.trailing_stop_pct': 0.018000000000000002, 'multi_timeframe.ltf_override_threshold': 0.56, 'htf_fib.entry.tolerance_atr': 5.0, 'ltf_fib.entry.tolerance_atr': 1.25, 'htf_exit_config.partial_1_pct': 0.67, 'htf_exit_config.partial_2_pct': 0.35, 'htf_exit_config.fib_threshold_atr': 0.95, 'htf_exit_config.trail_atr_multiplier': 3.5}. Best is trial 12 with value: 1.2623464777026068.
[I 2026-01-18 23:15:53,689] Trial 3799 finished with value: 1.2623464777026068 and parameters: {'thresholds.entry_conf_overall': 0.31, 'thresholds.regime_proba.balanced': 0.6, 'thresholds.regime_proba.bull': 0.42000000000000004, 'thresholds.regime_proba.bear': 0.42000000000000004, 'thresholds.regime_proba.ranging': 0.56, 'thresholds.signal_adaptation.zones.low.entry_conf_overall': 0.22, 'thresholds.signal_adaptation.zones.low.regime_proba': 0.32, 'thresholds.signal_adaptation.zones.mid.entry_conf_overall': 0.29000000000000004, 'thresholds.signal_adaptation.zones.mid.regime_proba': 0.37, 'thresholds.signal_adaptation.zones.high.entry_conf_overall': 0.39, 'thresholds.signal_adaptation.zones.high.regime_proba': 0.5, 'exit.exit_conf_threshold': 0.42000000000000004, 'exit.max_hold_bars': 12, 'exit.trailing_stop_pct': 0.02, 'multi_timeframe.ltf_override_threshold': 0.4, 'htf_fib.entry.tolerance_atr': 5.5, 'ltf_fib.entry.tolerance_atr': 1.25, 'htf_exit_config.partial_1_pct': 0.51, 'htf_exit_config.partial_2_pct': 0.5, 'htf_exit_config.fib_threshold_atr': 0.65, 'htf_exit_config.trail_atr_multiplier': 2.8}. Best is trial 12 with value: 1.2623464777026068.
[I 2026-01-18 23:18:25,303] Trial 3800 pruned. 
[I 2026-01-18 23:19:39,856] Trial 3801 finished with value: 1.2623464777026068 and parameters: {'thresholds.entry_conf_overall': 0.26, 'thresholds.regime_proba.balanced': 0.5, 'thresholds.regime_proba.bull': 0.46, 'thresholds.regime_proba.bear': 0.4, 'thresholds.regime_proba.ranging': 0.4, 'thresholds.signal_adaptation.zones.low.entry_conf_overall': 0.2, 'thresholds.signal_adaptation.zones.low.regime_proba': 0.35, 'thresholds.signal_adaptation.zones.mid.entry_conf_overall': 0.34, 'thresholds.signal_adaptation.zones.mid.regime_proba': 0.44, 'thresholds.signal_adaptation.zones.high.entry_conf_overall': 0.44, 'thresholds.signal_adaptation.zones.high.regime_proba': 0.45, 'exit.exit_conf_threshold': 0.42000000000000004, 'exit.max_hold_bars': 21, 'exit.trailing_stop_pct': 0.01, 'multi_timeframe.ltf_override_threshold': 0.5, 'htf_fib.entry.tolerance_atr': 3.0, 'ltf_fib.entry.tolerance_atr': 2.5, 'htf_exit_config.partial_1_pct': 0.5700000000000001, 'htf_exit_config.partial_2_pct': 0.35, 'htf_exit_config.fib_threshold_atr': 0.9, 'htf_exit_config.trail_atr_multiplier': 3.2}. Best is trial 12 with value: 1.2623464777026068.
[I 2026-01-18 23:20:52,340] Trial 3802 pruned. 
[I 2026-01-18 23:22:06,622] Trial 3803 finished with value: 1.0739050680152373 and parameters: {'thresholds.entry_conf_overall': 0.19999999999999998, 'thresholds.regime_proba.balanced': 0.5, 'thresholds.regime_proba.bull': 0.52, 'thresholds.regime_proba.bear': 0.54, 'thresholds.regime_proba.ranging': 0.42000000000000004, 'thresholds.signal_adaptation.zones.low.entry_conf_overall': 0.29000000000000004, 'thresholds.signal_adaptation.zones.low.regime_proba': 0.36, 'thresholds.signal_adaptation.zones.mid.entry_conf_overall': 0.32, 'thresholds.signal_adaptation.zones.mid.regime_proba': 0.39999999999999997, 'thresholds.signal_adaptation.zones.high.entry_conf_overall': 0.42000000000000004, 'thresholds.signal_adaptation.zones.high.regime_proba': 0.49, 'exit.exit_conf_threshold': 0.4, 'exit.max_hold_bars': 14, 'exit.trailing_stop_pct': 0.01, 'multi_timeframe.ltf_override_threshold': 0.52, 'htf_fib.entry.tolerance_atr': 5.5, 'ltf_fib.entry.tolerance_atr': 1.25, 'htf_exit_config.partial_1_pct': 0.45, 'htf_exit_config.partial_2_pct': 0.35, 'htf_exit_config.fib_threshold_atr': 0.8, 'htf_exit_config.trail_atr_multiplier': 1.9000000000000001}. Best is trial 12 with value: 1.2623464777026068.
[I 2026-01-18 23:23:17,423] Trial 3804 pruned. 
[I 2026-01-18 23:25:02,889] Trial 3805 pruned. 
[I 2026-01-18 23:26:17,333] Trial 3806 pruned. 
[I 2026-01-18 23:27:29,582] Trial 3807 pruned. 
[I 2026-01-18 23:28:41,337] Trial 3808 pruned. 
[I 2026-01-18 23:30:32,189] Trial 3809 pruned. 
[I 2026-01-18 23:31:46,399] Trial 3810 pruned. 
[I 2026-01-18 23:33:00,669] Trial 3811 finished with value: 1.2623464777026068 and parameters: {'thresholds.entry_conf_overall': 0.29, 'thresholds.regime_proba.balanced': 0.54, 'thresholds.regime_proba.bull': 0.48000000000000004, 'thresholds.regime_proba.bear': 0.4, 'thresholds.regime_proba.ranging': 0.46, 'thresholds.signal_adaptation.zones.low.entry_conf_overall': 0.23, 'thresholds.signal_adaptation.zones.low.regime_proba': 0.3, 'thresholds.signal_adaptation.zones.mid.entry_conf_overall': 0.32, 'thresholds.signal_adaptation.zones.mid.regime_proba': 0.37, 'thresholds.signal_adaptation.zones.high.entry_conf_overall': 0.4, 'thresholds.signal_adaptation.zones.high.regime_proba': 0.45, 'exit.exit_conf_threshold': 0.42000000000000004, 'exit.max_hold_bars': 13, 'exit.trailing_stop_pct': 0.011, 'multi_timeframe.ltf_override_threshold': 0.56, 'htf_fib.entry.tolerance_atr': 2.5, 'ltf_fib.entry.tolerance_atr': 1.5, 'htf_exit_config.partial_1_pct': 0.5900000000000001, 'htf_exit_config.partial_2_pct': 0.35, 'htf_exit_config.fib_threshold_atr': 0.6, 'htf_exit_config.trail_atr_multiplier': 2.2}. Best is trial 12 with value: 1.2623464777026068.
[I 2026-01-18 23:34:12,539] Trial 3812 pruned. 
[I 2026-01-18 23:35:26,046] Trial 3813 pruned. 
[I 2026-01-18 23:36:39,040] Trial 3814 pruned. 
[I 2026-01-18 23:37:49,201] Trial 3815 pruned. 
[I 2026-01-18 23:39:01,974] Trial 3816 pruned. 
[I 2026-01-18 23:40:16,791] Trial 3817 pruned. 
[I 2026-01-18 23:41:26,937] Trial 3818 pruned. 
[I 2026-01-18 23:42:37,883] Trial 3819 pruned. 
[I 2026-01-18 23:43:49,175] Trial 3820 pruned. 
[I 2026-01-18 23:45:03,056] Trial 3821 pruned. 
[I 2026-01-18 23:46:16,998] Trial 3822 pruned. 
[I 2026-01-18 23:47:30,713] Trial 3823 finished with value: 1.0739050680152373 and parameters: {'thresholds.entry_conf_overall': 0.26, 'thresholds.regime_proba.balanced': 0.4, 'thresholds.regime_proba.bull': 0.4, 'thresholds.regime_proba.bear': 0.6, 'thresholds.regime_proba.ranging': 0.54, 'thresholds.signal_adaptation.zones.low.entry_conf_overall': 0.21000000000000002, 'thresholds.signal_adaptation.zones.low.regime_proba': 0.42, 'thresholds.signal_adaptation.zones.mid.entry_conf_overall': 0.27, 'thresholds.signal_adaptation.zones.mid.regime_proba': 0.44, 'thresholds.signal_adaptation.zones.high.entry_conf_overall': 0.4, 'thresholds.signal_adaptation.zones.high.regime_proba': 0.49, 'exit.exit_conf_threshold': 0.4, 'exit.max_hold_bars': 21, 'exit.trailing_stop_pct': 0.019000000000000003, 'multi_timeframe.ltf_override_threshold': 0.6, 'htf_fib.entry.tolerance_atr': 6.0, 'ltf_fib.entry.tolerance_atr': 1.25, 'htf_exit_config.partial_1_pct': 0.55, 'htf_exit_config.partial_2_pct': 0.6, 'htf_exit_config.fib_threshold_atr': 1.0, 'htf_exit_config.trail_atr_multiplier': 3.0}. Best is trial 12 with value: 1.2623464777026068.
[I 2026-01-18 23:48:43,928] Trial 3824 pruned. 
[I 2026-01-18 23:50:42,676] Trial 3825 pruned. 
[I 2026-01-18 23:51:54,278] Trial 3826 pruned. 
[I 2026-01-18 23:53:40,648] Trial 3827 pruned. 
[I 2026-01-18 23:54:52,017] Trial 3828 pruned. 
[I 2026-01-18 23:56:05,133] Trial 3829 finished with value: 1.2623464777026068 and parameters: {'thresholds.entry_conf_overall': 0.21, 'thresholds.regime_proba.balanced': 0.5, 'thresholds.regime_proba.bull': 0.5, 'thresholds.regime_proba.bear': 0.46, 'thresholds.regime_proba.ranging': 0.4, 'thresholds.signal_adaptation.zones.low.entry_conf_overall': 0.2, 'thresholds.signal_adaptation.zones.low.regime_proba': 0.32, 'thresholds.signal_adaptation.zones.mid.entry_conf_overall': 0.34, 'thresholds.signal_adaptation.zones.mid.regime_proba': 0.39, 'thresholds.signal_adaptation.zones.high.entry_conf_overall': 0.44, 'thresholds.signal_adaptation.zones.high.regime_proba': 0.44, 'exit.exit_conf_threshold': 0.42000000000000004, 'exit.max_hold_bars': 24, 'exit.trailing_stop_pct': 0.013000000000000001, 'multi_timeframe.ltf_override_threshold': 0.5800000000000001, 'htf_fib.entry.tolerance_atr': 2.5, 'ltf_fib.entry.tolerance_atr': 2.0, 'htf_exit_config.partial_1_pct': 0.65, 'htf_exit_config.partial_2_pct': 0.35, 'htf_exit_config.fib_threshold_atr': 0.75, 'htf_exit_config.trail_atr_multiplier': 3.2}. Best is trial 12 with value: 1.2623464777026068.
[I 2026-01-18 23:57:17,780] Trial 3830 finished with value: 1.2623464777026068 and parameters: {'thresholds.entry_conf_overall': 0.22, 'thresholds.regime_proba.balanced': 0.5, 'thresholds.regime_proba.bull': 0.42000000000000004, 'thresholds.regime_proba.bear': 0.4, 'thresholds.regime_proba.ranging': 0.4, 'thresholds.signal_adaptation.zones.low.entry_conf_overall': 0.22, 'thresholds.signal_adaptation.zones.low.regime_proba': 0.38, 'thresholds.signal_adaptation.zones.mid.entry_conf_overall': 0.34, 'thresholds.signal_adaptation.zones.mid.regime_proba': 0.36, 'thresholds.signal_adaptation.zones.high.entry_conf_overall': 0.44, 'thresholds.signal_adaptation.zones.high.regime_proba': 0.49, 'exit.exit_conf_threshold': 0.42000000000000004, 'exit.max_hold_bars': 24, 'exit.trailing_stop_pct': 0.012, 'multi_timeframe.ltf_override_threshold': 0.6, 'htf_fib.entry.tolerance_atr': 2.0, 'ltf_fib.entry.tolerance_atr': 2.0, 'htf_exit_config.partial_1_pct': 0.49, 'htf_exit_config.partial_2_pct': 0.35, 'htf_exit_config.fib_threshold_atr': 0.85, 'htf_exit_config.trail_atr_multiplier': 2.5}. Best is trial 12 with value: 1.2623464777026068.
[I 2026-01-18 23:58:29,247] Trial 3831 pruned. 
[I 2026-01-18 23:59:43,568] Trial 3832 finished with value: 1.0739050680152373 and parameters: {'thresholds.entry_conf_overall': 0.28, 'thresholds.regime_proba.balanced': 0.4, 'thresholds.regime_proba.bull': 0.44, 'thresholds.regime_proba.bear': 0.56, 'thresholds.regime_proba.ranging': 0.56, 'thresholds.signal_adaptation.zones.low.entry_conf_overall': 0.24000000000000002, 'thresholds.signal_adaptation.zones.low.regime_proba': 0.39, 'thresholds.signal_adaptation.zones.mid.entry_conf_overall': 0.27, 'thresholds.signal_adaptation.zones.mid.regime_proba': 0.44999999999999996, 'thresholds.signal_adaptation.zones.high.entry_conf_overall': 0.44, 'thresholds.signal_adaptation.zones.high.regime_proba': 0.49, 'exit.exit_conf_threshold': 0.4, 'exit.max_hold_bars': 17, 'exit.trailing_stop_pct': 0.02, 'multi_timeframe.ltf_override_threshold': 0.52, 'htf_fib.entry.tolerance_atr': 6.0, 'ltf_fib.entry.tolerance_atr': 0.75, 'htf_exit_config.partial_1_pct': 0.51, 'htf_exit_config.partial_2_pct': 0.6, 'htf_exit_config.fib_threshold_atr': 0.85, 'htf_exit_config.trail_atr_multiplier': 3.4000000000000004}. Best is trial 12 with value: 1.2623464777026068.
[I 2026-01-19 00:01:31,571] Trial 3833 pruned. 
[I 2026-01-19 00:02:43,623] Trial 3834 pruned. 
[I 2026-01-19 00:03:58,306] Trial 3835 pruned. 
[I 2026-01-19 00:05:10,329] Trial 3836 pruned. 
[I 2026-01-19 00:06:24,371] Trial 3837 pruned. 
[I 2026-01-19 00:07:37,818] Trial 3838 pruned. 
[I 2026-01-19 00:08:51,844] Trial 3839 pruned. 
