[I 2026-01-19 06:47:13,892] Trial 4128 finished with value: 1.2623464777026068 and parameters: {'thresholds.entry_conf_overall': 0.3, 'thresholds.regime_proba.balanced': 0.5, 'thresholds.regime_proba.bull': 0.46, 'thresholds.regime_proba.bear': 0.44, 'thresholds.regime_proba.ranging': 0.42000000000000004, 'thresholds.signal_adaptation.zones.low.entry_conf_overall': 0.23, 'thresholds.signal_adaptation.zones.low.regime_proba': 0.36, 'thresholds.signal_adaptation.zones.mid.entry_conf_overall': 0.32, 'thresholds.signal_adaptation.zones.mid.regime_proba': 0.44, 'thresholds.signal_adaptation.zones.high.entry_conf_overall': 0.44, 'thresholds.signal_adaptation.zones.high.regime_proba': 0.49, 'exit.exit_conf_threshold': 0.42000000000000004, 'exit.max_hold_bars': 21, 'exit.trailing_stop_pct': 0.013000000000000001, 'multi_timeframe.ltf_override_threshold': 0.44, 'htf_fib.entry.tolerance_atr': 4.0, 'ltf_fib.entry.tolerance_atr': 1.75, 'htf_exit_config.partial_1_pct': 0.63, 'htf_exit_config.partial_2_pct': 0.35, 'htf_exit_config.fib_threshold_atr': 0.6, 'htf_exit_config.trail_atr_multiplier': 3.4000000000000004}. Best is trial 12 with value: 1.2623464777026068.
[I 2026-01-19 06:48:32,792] Trial 4129 pruned. 
[I 2026-01-19 06:49:55,661] Trial 4130 pruned. 
[I 2026-01-19 06:51:14,385] Trial 4131 pruned. 
[I 2026-01-19 06:52:34,330] Trial 4132 pruned. 
[I 2026-01-19 06:53:51,884] Trial 4133 pruned. 
[I 2026-01-19 06:55:44,098] Trial 4134 pruned. 
[I 2026-01-19 06:57:05,933] Trial 4135 pruned. 
[I 2026-01-19 06:58:22,871] Trial 4136 finished with value: 1.0739050680152373 and parameters: {'thresholds.entry_conf_overall': 0.24, 'thresholds.regime_proba.balanced': 0.48000000000000004, 'thresholds.regime_proba.bull': 0.5, 'thresholds.regime_proba.bear': 0.6, 'thresholds.regime_proba.ranging': 0.4, 'thresholds.signal_adaptation.zones.low.entry_conf_overall': 0.26, 'thresholds.signal_adaptation.zones.low.regime_proba': 0.32, 'thresholds.signal_adaptation.zones.mid.entry_conf_overall': 0.27, 'thresholds.signal_adaptation.zones.mid.regime_proba': 0.49, 'thresholds.signal_adaptation.zones.high.entry_conf_overall': 0.42000000000000004, 'thresholds.signal_adaptation.zones.high.regime_proba': 0.45, 'exit.exit_conf_threshold': 0.4, 'exit.max_hold_bars': 15, 'exit.trailing_stop_pct': 0.018000000000000002, 'multi_timeframe.ltf_override_threshold': 0.6, 'htf_fib.entry.tolerance_atr': 2.5, 'ltf_fib.entry.tolerance_atr': 2.5, 'htf_exit_config.partial_1_pct': 0.69, 'htf_exit_config.partial_2_pct': 0.35, 'htf_exit_config.fib_threshold_atr': 0.7, 'htf_exit_config.trail_atr_multiplier': 2.4000000000000004}. Best is trial 12 with value: 1.2623464777026068.
[I 2026-01-19 06:59:42,718] Trial 4137 pruned. 
[I 2026-01-19 07:01:02,099] Trial 4138 pruned. 
[I 2026-01-19 07:02:22,007] Trial 4139 pruned. 
[I 2026-01-19 07:03:38,656] Trial 4140 pruned. 
[I 2026-01-19 07:04:55,119] Trial 4141 finished with value: 1.2623464777026068 and parameters: {'thresholds.entry_conf_overall': 0.21, 'thresholds.regime_proba.balanced': 0.46, 'thresholds.regime_proba.bull': 0.52, 'thresholds.regime_proba.bear': 0.56, 'thresholds.regime_proba.ranging': 0.56, 'thresholds.signal_adaptation.zones.low.entry_conf_overall': 0.3, 'thresholds.signal_adaptation.zones.low.regime_proba': 0.32999999999999996, 'thresholds.signal_adaptation.zones.mid.entry_conf_overall': 0.34, 'thresholds.signal_adaptation.zones.mid.regime_proba': 0.36, 'thresholds.signal_adaptation.zones.high.entry_conf_overall': 0.43, 'thresholds.signal_adaptation.zones.high.regime_proba': 0.44, 'exit.exit_conf_threshold': 0.42000000000000004, 'exit.max_hold_bars': 12, 'exit.trailing_stop_pct': 0.016, 'multi_timeframe.ltf_override_threshold': 0.5, 'htf_fib.entry.tolerance_atr': 2.0, 'ltf_fib.entry.tolerance_atr': 1.0, 'htf_exit_config.partial_1_pct': 0.69, 'htf_exit_config.partial_2_pct': 0.39999999999999997, 'htf_exit_config.fib_threshold_atr': 0.95, 'htf_exit_config.trail_atr_multiplier': 2.9000000000000004}. Best is trial 12 with value: 1.2623464777026068.
[I 2026-01-19 07:06:13,952] Trial 4142 pruned. 
[I 2026-01-19 07:07:32,534] Trial 4143 pruned. 
[I 2026-01-19 07:08:50,918] Trial 4144 pruned. 
[I 2026-01-19 07:10:10,041] Trial 4145 pruned. 
[I 2026-01-19 07:11:32,413] Trial 4146 pruned. 
[I 2026-01-19 07:12:50,857] Trial 4147 pruned. 
[I 2026-01-19 07:14:07,191] Trial 4148 finished with value: 1.2623464777026068 and parameters: {'thresholds.entry_conf_overall': 0.19999999999999998, 'thresholds.regime_proba.balanced': 0.4, 'thresholds.regime_proba.bull': 0.4, 'thresholds.regime_proba.bear': 0.52, 'thresholds.regime_proba.ranging': 0.46, 'thresholds.signal_adaptation.zones.low.entry_conf_overall': 0.29000000000000004, 'thresholds.signal_adaptation.zones.low.regime_proba': 0.36, 'thresholds.signal_adaptation.zones.mid.entry_conf_overall': 0.33, 'thresholds.signal_adaptation.zones.mid.regime_proba': 0.48, 'thresholds.signal_adaptation.zones.high.entry_conf_overall': 0.43, 'thresholds.signal_adaptation.zones.high.regime_proba': 0.45, 'exit.exit_conf_threshold': 0.42000000000000004, 'exit.max_hold_bars': 9, 'exit.trailing_stop_pct': 0.011, 'multi_timeframe.ltf_override_threshold': 0.45999999999999996, 'htf_fib.entry.tolerance_atr': 2.5, 'ltf_fib.entry.tolerance_atr': 1.0, 'htf_exit_config.partial_1_pct': 0.65, 'htf_exit_config.partial_2_pct': 0.35, 'htf_exit_config.fib_threshold_atr': 0.65, 'htf_exit_config.trail_atr_multiplier': 2.9000000000000004}. Best is trial 12 with value: 1.2623464777026068.
[I 2026-01-19 07:15:25,760] Trial 4149 pruned. 
[I 2026-01-19 07:17:37,821] Trial 4150 pruned. 
[I 2026-01-19 07:18:57,784] Trial 4151 pruned. 
[I 2026-01-19 07:20:49,390] Trial 4152 pruned. 
[I 2026-01-19 07:22:10,989] Trial 4153 pruned. 
[I 2026-01-19 07:23:27,324] Trial 4154 finished with value: 1.2623464777026068 and parameters: {'thresholds.entry_conf_overall': 0.19, 'thresholds.regime_proba.balanced': 0.5800000000000001, 'thresholds.regime_proba.bull': 0.42000000000000004, 'thresholds.regime_proba.bear': 0.48000000000000004, 'thresholds.regime_proba.ranging': 0.4, 'thresholds.signal_adaptation.zones.low.entry_conf_overall': 0.21000000000000002, 'thresholds.signal_adaptation.zones.low.regime_proba': 0.35, 'thresholds.signal_adaptation.zones.mid.entry_conf_overall': 0.32, 'thresholds.signal_adaptation.zones.mid.regime_proba': 0.38, 'thresholds.signal_adaptation.zones.high.entry_conf_overall': 0.44, 'thresholds.signal_adaptation.zones.high.regime_proba': 0.46, 'exit.exit_conf_threshold': 0.42000000000000004, 'exit.max_hold_bars': 15, 'exit.trailing_stop_pct': 0.01, 'multi_timeframe.ltf_override_threshold': 0.5, 'htf_fib.entry.tolerance_atr': 2.0, 'ltf_fib.entry.tolerance_atr': 2.5, 'htf_exit_config.partial_1_pct': 0.47000000000000003, 'htf_exit_config.partial_2_pct': 0.35, 'htf_exit_config.fib_threshold_atr': 0.75, 'htf_exit_config.trail_atr_multiplier': 3.1}. Best is trial 12 with value: 1.2623464777026068.
[I 2026-01-19 07:24:47,069] Trial 4155 pruned. 
[I 2026-01-19 07:26:05,838] Trial 4156 pruned. 
[I 2026-01-19 07:27:28,620] Trial 4157 pruned. 
[I 2026-01-19 07:28:58,918] Trial 4158 pruned. 
[I 2026-01-19 07:30:23,569] Trial 4159 pruned. 
[I 2026-01-19 07:31:48,551] Trial 4160 pruned. 
[I 2026-01-19 07:33:12,051] Trial 4161 finished with value: 1.2623464777026068 and parameters: {'thresholds.entry_conf_overall': 0.31, 'thresholds.regime_proba.balanced': 0.6, 'thresholds.regime_proba.bull': 0.5, 'thresholds.regime_proba.bear': 0.42000000000000004, 'thresholds.regime_proba.ranging': 0.46, 'thresholds.signal_adaptation.zones.low.entry_conf_overall': 0.23, 'thresholds.signal_adaptation.zones.low.regime_proba': 0.33999999999999997, 'thresholds.signal_adaptation.zones.mid.entry_conf_overall': 0.26, 'thresholds.signal_adaptation.zones.mid.regime_proba': 0.39999999999999997, 'thresholds.signal_adaptation.zones.high.entry_conf_overall': 0.38, 'thresholds.signal_adaptation.zones.high.regime_proba': 0.47, 'exit.exit_conf_threshold': 0.42000000000000004, 'exit.max_hold_bars': 24, 'exit.trailing_stop_pct': 0.01, 'multi_timeframe.ltf_override_threshold': 0.4, 'htf_fib.entry.tolerance_atr': 2.0, 'ltf_fib.entry.tolerance_atr': 1.75, 'htf_exit_config.partial_1_pct': 0.5700000000000001, 'htf_exit_config.partial_2_pct': 0.39999999999999997, 'htf_exit_config.fib_threshold_atr': 0.75, 'htf_exit_config.trail_atr_multiplier': 2.5}. Best is trial 12 with value: 1.2623464777026068.
[I 2026-01-19 07:34:34,992] Trial 4162 pruned. 
[I 2026-01-19 07:36:30,862] Trial 4163 pruned. 
[I 2026-01-19 07:37:49,731] Trial 4164 pruned. 
[I 2026-01-19 07:39:10,675] Trial 4165 pruned. 
[I 2026-01-19 07:40:34,233] Trial 4166 pruned. 
[I 2026-01-19 07:41:55,104] Trial 4167 pruned. 
[I 2026-01-19 07:43:54,201] Trial 4168 pruned. 
[I 2026-01-19 07:45:18,234] Trial 4169 pruned. 
[I 2026-01-19 07:46:37,806] Trial 4170 pruned. 
[I 2026-01-19 07:48:27,554] Trial 4171 pruned. 
[I 2026-01-19 07:49:45,126] Trial 4172 pruned. 
[I 2026-01-19 07:51:00,264] Trial 4173 pruned. 
