[I 2026-01-16 22:43:10,765] Trial 705 finished with value: 1.2623464777026068 and parameters: {'thresholds.entry_conf_overall': 0.28, 'thresholds.regime_proba.balanced': 0.52, 'thresholds.regime_proba.bull': 0.56, 'thresholds.regime_proba.bear': 0.44, 'thresholds.regime_proba.ranging': 0.4, 'thresholds.signal_adaptation.zones.low.entry_conf_overall': 0.29000000000000004, 'thresholds.signal_adaptation.zones.low.regime_proba': 0.4, 'thresholds.signal_adaptation.zones.mid.entry_conf_overall': 0.27, 'thresholds.signal_adaptation.zones.mid.regime_proba': 0.45999999999999996, 'thresholds.signal_adaptation.zones.high.entry_conf_overall': 0.37, 'thresholds.signal_adaptation.zones.high.regime_proba': 0.46, 'exit.exit_conf_threshold': 0.42000000000000004, 'exit.max_hold_bars': 18, 'exit.trailing_stop_pct': 0.016, 'multi_timeframe.ltf_override_threshold': 0.45999999999999996, 'htf_fib.entry.tolerance_atr': 2.0, 'ltf_fib.entry.tolerance_atr': 1.25, 'htf_exit_config.partial_1_pct': 0.51, 'htf_exit_config.partial_2_pct': 0.5, 'htf_exit_config.fib_threshold_atr': 0.6, 'htf_exit_config.trail_atr_multiplier': 3.4000000000000004}. Best is trial 12 with value: 1.2623464777026068.
[I 2026-01-16 22:43:35,723] Trial 706 pruned. 
[I 2026-01-16 22:44:00,974] Trial 707 pruned. 
[I 2026-01-16 22:44:26,279] Trial 708 pruned. 
[I 2026-01-16 22:44:51,698] Trial 709 pruned. 
[I 2026-01-16 22:45:38,830] Trial 710 finished with value: 1.2623464777026068 and parameters: {'thresholds.entry_conf_overall': 0.29, 'thresholds.regime_proba.balanced': 0.46, 'thresholds.regime_proba.bull': 0.5, 'thresholds.regime_proba.bear': 0.44, 'thresholds.regime_proba.ranging': 0.42000000000000004, 'thresholds.signal_adaptation.zones.low.entry_conf_overall': 0.2, 'thresholds.signal_adaptation.zones.low.regime_proba': 0.42, 'thresholds.signal_adaptation.zones.mid.entry_conf_overall': 0.29000000000000004, 'thresholds.signal_adaptation.zones.mid.regime_proba': 0.39, 'thresholds.signal_adaptation.zones.high.entry_conf_overall': 0.43, 'thresholds.signal_adaptation.zones.high.regime_proba': 0.45, 'exit.exit_conf_threshold': 0.42000000000000004, 'exit.max_hold_bars': 20, 'exit.trailing_stop_pct': 0.01, 'multi_timeframe.ltf_override_threshold': 0.45999999999999996, 'htf_fib.entry.tolerance_atr': 2.0, 'ltf_fib.entry.tolerance_atr': 2.25, 'htf_exit_config.partial_1_pct': 0.53, 'htf_exit_config.partial_2_pct': 0.35, 'htf_exit_config.fib_threshold_atr': 0.65, 'htf_exit_config.trail_atr_multiplier': 3.4000000000000004}. Best is trial 12 with value: 1.2623464777026068.
[I 2026-01-16 22:46:07,580] Trial 711 pruned. 
[I 2026-01-16 22:46:32,990] Trial 712 pruned. 
[I 2026-01-16 22:46:58,087] Trial 713 pruned. 
[I 2026-01-16 22:47:24,529] Trial 714 pruned. 
[I 2026-01-16 22:47:50,171] Trial 715 pruned. 
[I 2026-01-16 22:48:15,437] Trial 716 pruned. 
[I 2026-01-16 22:48:41,256] Trial 717 pruned. 
[I 2026-01-16 22:49:28,530] Trial 718 finished with value: 1.2623464777026068 and parameters: {'thresholds.entry_conf_overall': 0.19999999999999998, 'thresholds.regime_proba.balanced': 0.52, 'thresholds.regime_proba.bull': 0.48000000000000004, 'thresholds.regime_proba.bear': 0.46, 'thresholds.regime_proba.ranging': 0.44, 'thresholds.signal_adaptation.zones.low.entry_conf_overall': 0.22, 'thresholds.signal_adaptation.zones.low.regime_proba': 0.36, 'thresholds.signal_adaptation.zones.mid.entry_conf_overall': 0.29000000000000004, 'thresholds.signal_adaptation.zones.mid.regime_proba': 0.45999999999999996, 'thresholds.signal_adaptation.zones.high.entry_conf_overall': 0.39, 'thresholds.signal_adaptation.zones.high.regime_proba': 0.48, 'exit.exit_conf_threshold': 0.42000000000000004, 'exit.max_hold_bars': 23, 'exit.trailing_stop_pct': 0.014, 'multi_timeframe.ltf_override_threshold': 0.38, 'htf_fib.entry.tolerance_atr': 3.5, 'ltf_fib.entry.tolerance_atr': 2.25, 'htf_exit_config.partial_1_pct': 0.5900000000000001, 'htf_exit_config.partial_2_pct': 0.35, 'htf_exit_config.fib_threshold_atr': 0.75, 'htf_exit_config.trail_atr_multiplier': 2.6}. Best is trial 12 with value: 1.2623464777026068.
[I 2026-01-16 22:50:16,219] Trial 719 finished with value: 1.0739050680152373 and parameters: {'thresholds.entry_conf_overall': 0.32, 'thresholds.regime_proba.balanced': 0.42000000000000004, 'thresholds.regime_proba.bull': 0.48000000000000004, 'thresholds.regime_proba.bear': 0.54, 'thresholds.regime_proba.ranging': 0.5800000000000001, 'thresholds.signal_adaptation.zones.low.entry_conf_overall': 0.28, 'thresholds.signal_adaptation.zones.low.regime_proba': 0.38, 'thresholds.signal_adaptation.zones.mid.entry_conf_overall': 0.33, 'thresholds.signal_adaptation.zones.mid.regime_proba': 0.44999999999999996, 'thresholds.signal_adaptation.zones.high.entry_conf_overall': 0.44, 'thresholds.signal_adaptation.zones.high.regime_proba': 0.47, 'exit.exit_conf_threshold': 0.4, 'exit.max_hold_bars': 19, 'exit.trailing_stop_pct': 0.019000000000000003, 'multi_timeframe.ltf_override_threshold': 0.45999999999999996, 'htf_fib.entry.tolerance_atr': 3.5, 'ltf_fib.entry.tolerance_atr': 0.75, 'htf_exit_config.partial_1_pct': 0.53, 'htf_exit_config.partial_2_pct': 0.5, 'htf_exit_config.fib_threshold_atr': 0.7, 'htf_exit_config.trail_atr_multiplier': 3.6}. Best is trial 12 with value: 1.2623464777026068.
[I 2026-01-16 22:50:41,941] Trial 720 pruned. 
[I 2026-01-16 22:51:07,099] Trial 721 pruned. 
[I 2026-01-16 22:51:32,696] Trial 722 pruned. 
[I 2026-01-16 22:51:57,822] Trial 723 pruned. 
[I 2026-01-16 22:52:22,592] Trial 724 pruned. 
[I 2026-01-16 22:53:33,692] Trial 725 pruned. 
[I 2026-01-16 22:53:58,912] Trial 726 pruned. 
[I 2026-01-16 22:54:24,023] Trial 727 pruned. 
[I 2026-01-16 22:55:11,496] Trial 728 finished with value: 1.0739050680152373 and parameters: {'thresholds.entry_conf_overall': 0.29, 'thresholds.regime_proba.balanced': 0.46, 'thresholds.regime_proba.bull': 0.56, 'thresholds.regime_proba.bear': 0.46, 'thresholds.regime_proba.ranging': 0.44, 'thresholds.signal_adaptation.zones.low.entry_conf_overall': 0.2, 'thresholds.signal_adaptation.zones.low.regime_proba': 0.4, 'thresholds.signal_adaptation.zones.mid.entry_conf_overall': 0.26, 'thresholds.signal_adaptation.zones.mid.regime_proba': 0.43, 'thresholds.signal_adaptation.zones.high.entry_conf_overall': 0.44, 'thresholds.signal_adaptation.zones.high.regime_proba': 0.44, 'exit.exit_conf_threshold': 0.4, 'exit.max_hold_bars': 15, 'exit.trailing_stop_pct': 0.013000000000000001, 'multi_timeframe.ltf_override_threshold': 0.48, 'htf_fib.entry.tolerance_atr': 2.0, 'ltf_fib.entry.tolerance_atr': 2.25, 'htf_exit_config.partial_1_pct': 0.53, 'htf_exit_config.partial_2_pct': 0.35, 'htf_exit_config.fib_threshold_atr': 0.7, 'htf_exit_config.trail_atr_multiplier': 3.4000000000000004}. Best is trial 12 with value: 1.2623464777026068.
[I 2026-01-16 22:56:11,427] Trial 729 pruned. 
[I 2026-01-16 22:56:36,975] Trial 730 pruned. 
[I 2026-01-16 22:57:02,304] Trial 731 pruned. 
[I 2026-01-16 22:57:28,634] Trial 732 pruned. 
[I 2026-01-16 22:58:15,453] Trial 733 finished with value: 1.0739050680152373 and parameters: {'thresholds.entry_conf_overall': 0.29, 'thresholds.regime_proba.balanced': 0.46, 'thresholds.regime_proba.bull': 0.4, 'thresholds.regime_proba.bear': 0.5, 'thresholds.regime_proba.ranging': 0.44, 'thresholds.signal_adaptation.zones.low.entry_conf_overall': 0.2, 'thresholds.signal_adaptation.zones.low.regime_proba': 0.3, 'thresholds.signal_adaptation.zones.mid.entry_conf_overall': 0.36, 'thresholds.signal_adaptation.zones.mid.regime_proba': 0.37, 'thresholds.signal_adaptation.zones.high.entry_conf_overall': 0.41000000000000003, 'thresholds.signal_adaptation.zones.high.regime_proba': 0.5, 'exit.exit_conf_threshold': 0.4, 'exit.max_hold_bars': 22, 'exit.trailing_stop_pct': 0.02, 'multi_timeframe.ltf_override_threshold': 0.38, 'htf_fib.entry.tolerance_atr': 2.0, 'ltf_fib.entry.tolerance_atr': 1.0, 'htf_exit_config.partial_1_pct': 0.61, 'htf_exit_config.partial_2_pct': 0.39999999999999997, 'htf_exit_config.fib_threshold_atr': 0.65, 'htf_exit_config.trail_atr_multiplier': 2.8}. Best is trial 12 with value: 1.2623464777026068.
[I 2026-01-16 22:58:42,552] Trial 734 pruned. 
[I 2026-01-16 22:59:40,589] Trial 735 pruned. 
[I 2026-01-16 23:00:27,750] Trial 736 finished with value: 1.2623464777026068 and parameters: {'thresholds.entry_conf_overall': 0.32, 'thresholds.regime_proba.balanced': 0.54, 'thresholds.regime_proba.bull': 0.46, 'thresholds.regime_proba.bear': 0.42000000000000004, 'thresholds.regime_proba.ranging': 0.4, 'thresholds.signal_adaptation.zones.low.entry_conf_overall': 0.25, 'thresholds.signal_adaptation.zones.low.regime_proba': 0.44, 'thresholds.signal_adaptation.zones.mid.entry_conf_overall': 0.27, 'thresholds.signal_adaptation.zones.mid.regime_proba': 0.39999999999999997, 'thresholds.signal_adaptation.zones.high.entry_conf_overall': 0.38, 'thresholds.signal_adaptation.zones.high.regime_proba': 0.44, 'exit.exit_conf_threshold': 0.42000000000000004, 'exit.max_hold_bars': 23, 'exit.trailing_stop_pct': 0.016, 'multi_timeframe.ltf_override_threshold': 0.45999999999999996, 'htf_fib.entry.tolerance_atr': 2.0, 'ltf_fib.entry.tolerance_atr': 1.0, 'htf_exit_config.partial_1_pct': 0.47000000000000003, 'htf_exit_config.partial_2_pct': 0.35, 'htf_exit_config.fib_threshold_atr': 0.75, 'htf_exit_config.trail_atr_multiplier': 2.6}. Best is trial 12 with value: 1.2623464777026068.
[I 2026-01-16 23:01:26,433] Trial 737 pruned. 
[I 2026-01-16 23:01:51,914] Trial 738 pruned. 
[I 2026-01-16 23:02:20,668] Trial 739 pruned. 
[I 2026-01-16 23:02:46,652] Trial 740 pruned. 
[I 2026-01-16 23:03:12,925] Trial 741 pruned. 
[I 2026-01-16 23:04:00,648] Trial 742 finished with value: 1.2623464777026068 and parameters: {'thresholds.entry_conf_overall': 0.26, 'thresholds.regime_proba.balanced': 0.48000000000000004, 'thresholds.regime_proba.bull': 0.52, 'thresholds.regime_proba.bear': 0.4, 'thresholds.regime_proba.ranging': 0.48000000000000004, 'thresholds.signal_adaptation.zones.low.entry_conf_overall': 0.23, 'thresholds.signal_adaptation.zones.low.regime_proba': 0.39, 'thresholds.signal_adaptation.zones.mid.entry_conf_overall': 0.27, 'thresholds.signal_adaptation.zones.mid.regime_proba': 0.44999999999999996, 'thresholds.signal_adaptation.zones.high.entry_conf_overall': 0.43, 'thresholds.signal_adaptation.zones.high.regime_proba': 0.48, 'exit.exit_conf_threshold': 0.42000000000000004, 'exit.max_hold_bars': 23, 'exit.trailing_stop_pct': 0.014, 'multi_timeframe.ltf_override_threshold': 0.5, 'htf_fib.entry.tolerance_atr': 2.0, 'ltf_fib.entry.tolerance_atr': 2.0, 'htf_exit_config.partial_1_pct': 0.65, 'htf_exit_config.partial_2_pct': 0.44999999999999996, 'htf_exit_config.fib_threshold_atr': 0.75, 'htf_exit_config.trail_atr_multiplier': 2.8}. Best is trial 12 with value: 1.2623464777026068.
[I 2026-01-16 23:04:27,492] Trial 743 pruned. 
[I 2026-01-16 23:05:14,498] Trial 744 finished with value: 1.2623464777026068 and parameters: {'thresholds.entry_conf_overall': 0.3, 'thresholds.regime_proba.balanced': 0.4, 'thresholds.regime_proba.bull': 0.4, 'thresholds.regime_proba.bear': 0.6, 'thresholds.regime_proba.ranging': 0.6, 'thresholds.signal_adaptation.zones.low.entry_conf_overall': 0.22, 'thresholds.signal_adaptation.zones.low.regime_proba': 0.44, 'thresholds.signal_adaptation.zones.mid.entry_conf_overall': 0.29000000000000004, 'thresholds.signal_adaptation.zones.mid.regime_proba': 0.5, 'thresholds.signal_adaptation.zones.high.entry_conf_overall': 0.42000000000000004, 'thresholds.signal_adaptation.zones.high.regime_proba': 0.48, 'exit.exit_conf_threshold': 0.42000000000000004, 'exit.max_hold_bars': 14, 'exit.trailing_stop_pct': 0.018000000000000002, 'multi_timeframe.ltf_override_threshold': 0.6, 'htf_fib.entry.tolerance_atr': 5.0, 'ltf_fib.entry.tolerance_atr': 1.0, 'htf_exit_config.partial_1_pct': 0.53, 'htf_exit_config.partial_2_pct': 0.5, 'htf_exit_config.fib_threshold_atr': 0.9, 'htf_exit_config.trail_atr_multiplier': 3.4000000000000004}. Best is trial 12 with value: 1.2623464777026068.
[I 2026-01-16 23:06:01,981] Trial 745 finished with value: 1.2623464777026068 and parameters: {'thresholds.entry_conf_overall': 0.26, 'thresholds.regime_proba.balanced': 0.42000000000000004, 'thresholds.regime_proba.bull': 0.42000000000000004, 'thresholds.regime_proba.bear': 0.52, 'thresholds.regime_proba.ranging': 0.6, 'thresholds.signal_adaptation.zones.low.entry_conf_overall': 0.28, 'thresholds.signal_adaptation.zones.low.regime_proba': 0.39, 'thresholds.signal_adaptation.zones.mid.entry_conf_overall': 0.27, 'thresholds.signal_adaptation.zones.mid.regime_proba': 0.49, 'thresholds.signal_adaptation.zones.high.entry_conf_overall': 0.44, 'thresholds.signal_adaptation.zones.high.regime_proba': 0.47, 'exit.exit_conf_threshold': 0.42000000000000004, 'exit.max_hold_bars': 21, 'exit.trailing_stop_pct': 0.016, 'multi_timeframe.ltf_override_threshold': 0.5800000000000001, 'htf_fib.entry.tolerance_atr': 3.5, 'ltf_fib.entry.tolerance_atr': 1.5, 'htf_exit_config.partial_1_pct': 0.45, 'htf_exit_config.partial_2_pct': 0.55, 'htf_exit_config.fib_threshold_atr': 1.15, 'htf_exit_config.trail_atr_multiplier': 3.1}. Best is trial 12 with value: 1.2623464777026068.
[I 2026-01-16 23:07:00,412] Trial 746 pruned. 
[I 2026-01-16 23:07:26,362] Trial 747 pruned. 
[I 2026-01-16 23:08:13,546] Trial 748 finished with value: 1.0739050680152373 and parameters: {'thresholds.entry_conf_overall': 0.31, 'thresholds.regime_proba.balanced': 0.44, 'thresholds.regime_proba.bull': 0.42000000000000004, 'thresholds.regime_proba.bear': 0.56, 'thresholds.regime_proba.ranging': 0.54, 'thresholds.signal_adaptation.zones.low.entry_conf_overall': 0.23, 'thresholds.signal_adaptation.zones.low.regime_proba': 0.42, 'thresholds.signal_adaptation.zones.mid.entry_conf_overall': 0.28, 'thresholds.signal_adaptation.zones.mid.regime_proba': 0.44999999999999996, 'thresholds.signal_adaptation.zones.high.entry_conf_overall': 0.38, 'thresholds.signal_adaptation.zones.high.regime_proba': 0.44, 'exit.exit_conf_threshold': 0.4, 'exit.max_hold_bars': 21, 'exit.trailing_stop_pct': 0.02, 'multi_timeframe.ltf_override_threshold': 0.6, 'htf_fib.entry.tolerance_atr': 3.5, 'ltf_fib.entry.tolerance_atr': 1.5, 'htf_exit_config.partial_1_pct': 0.5900000000000001, 'htf_exit_config.partial_2_pct': 0.55, 'htf_exit_config.fib_threshold_atr': 1.0, 'htf_exit_config.trail_atr_multiplier': 3.6}. Best is trial 12 with value: 1.2623464777026068.
[I 2026-01-16 23:08:39,937] Trial 749 pruned. 
[I 2026-01-16 23:09:22,201] Trial 750 pruned. 
[I 2026-01-16 23:09:48,104] Trial 751 pruned. 
[I 2026-01-16 23:10:46,660] Trial 752 pruned. 
[I 2026-01-16 23:11:12,377] Trial 753 pruned. 
[I 2026-01-16 23:12:00,629] Trial 754 finished with value: 1.0739050680152373 and parameters: {'thresholds.entry_conf_overall': 0.25, 'thresholds.regime_proba.balanced': 0.5, 'thresholds.regime_proba.bull': 0.42000000000000004, 'thresholds.regime_proba.bear': 0.4, 'thresholds.regime_proba.ranging': 0.44, 'thresholds.signal_adaptation.zones.low.entry_conf_overall': 0.27, 'thresholds.signal_adaptation.zones.low.regime_proba': 0.35, 'thresholds.signal_adaptation.zones.mid.entry_conf_overall': 0.27, 'thresholds.signal_adaptation.zones.mid.regime_proba': 0.44, 'thresholds.signal_adaptation.zones.high.entry_conf_overall': 0.43, 'thresholds.signal_adaptation.zones.high.regime_proba': 0.47, 'exit.exit_conf_threshold': 0.4, 'exit.max_hold_bars': 24, 'exit.trailing_stop_pct': 0.014, 'multi_timeframe.ltf_override_threshold': 0.48, 'htf_fib.entry.tolerance_atr': 2.5, 'ltf_fib.entry.tolerance_atr': 1.5, 'htf_exit_config.partial_1_pct': 0.5700000000000001, 'htf_exit_config.partial_2_pct': 0.35, 'htf_exit_config.fib_threshold_atr': 0.7, 'htf_exit_config.trail_atr_multiplier': 2.4000000000000004}. Best is trial 12 with value: 1.2623464777026068.
[I 2026-01-16 23:12:26,473] Trial 755 pruned. 
[I 2026-01-16 23:13:14,118] Trial 756 finished with value: 1.2623464777026068 and parameters: {'thresholds.entry_conf_overall': 0.3, 'thresholds.regime_proba.balanced': 0.48000000000000004, 'thresholds.regime_proba.bull': 0.42000000000000004, 'thresholds.regime_proba.bear': 0.4, 'thresholds.regime_proba.ranging': 0.4, 'thresholds.signal_adaptation.zones.low.entry_conf_overall': 0.24000000000000002, 'thresholds.signal_adaptation.zones.low.regime_proba': 0.32, 'thresholds.signal_adaptation.zones.mid.entry_conf_overall': 0.33, 'thresholds.signal_adaptation.zones.mid.regime_proba': 0.39999999999999997, 'thresholds.signal_adaptation.zones.high.entry_conf_overall': 0.44, 'thresholds.signal_adaptation.zones.high.regime_proba': 0.47, 'exit.exit_conf_threshold': 0.42000000000000004, 'exit.max_hold_bars': 16, 'exit.trailing_stop_pct': 0.019000000000000003, 'multi_timeframe.ltf_override_threshold': 0.54, 'htf_fib.entry.tolerance_atr': 4.0, 'ltf_fib.entry.tolerance_atr': 1.5, 'htf_exit_config.partial_1_pct': 0.63, 'htf_exit_config.partial_2_pct': 0.44999999999999996, 'htf_exit_config.fib_threshold_atr': 0.6, 'htf_exit_config.trail_atr_multiplier': 2.2}. Best is trial 12 with value: 1.2623464777026068.
[I 2026-01-16 23:14:01,777] Trial 757 finished with value: 1.0739050680152373 and parameters: {'thresholds.entry_conf_overall': 0.3, 'thresholds.regime_proba.balanced': 0.5800000000000001, 'thresholds.regime_proba.bull': 0.54, 'thresholds.regime_proba.bear': 0.4, 'thresholds.regime_proba.ranging': 0.5, 'thresholds.signal_adaptation.zones.low.entry_conf_overall': 0.23, 'thresholds.signal_adaptation.zones.low.regime_proba': 0.4, 'thresholds.signal_adaptation.zones.mid.entry_conf_overall': 0.26, 'thresholds.signal_adaptation.zones.mid.regime_proba': 0.43, 'thresholds.signal_adaptation.zones.high.entry_conf_overall': 0.33, 'thresholds.signal_adaptation.zones.high.regime_proba': 0.48, 'exit.exit_conf_threshold': 0.4, 'exit.max_hold_bars': 21, 'exit.trailing_stop_pct': 0.012, 'multi_timeframe.ltf_override_threshold': 0.38, 'htf_fib.entry.tolerance_atr': 2.5, 'ltf_fib.entry.tolerance_atr': 1.25, 'htf_exit_config.partial_1_pct': 0.5700000000000001, 'htf_exit_config.partial_2_pct': 0.44999999999999996, 'htf_exit_config.fib_threshold_atr': 0.6, 'htf_exit_config.trail_atr_multiplier': 3.0}. Best is trial 12 with value: 1.2623464777026068.
[I 2026-01-16 23:14:49,749] Trial 758 finished with value: 1.2623464777026068 and parameters: {'thresholds.entry_conf_overall': 0.27, 'thresholds.regime_proba.balanced': 0.54, 'thresholds.regime_proba.bull': 0.56, 'thresholds.regime_proba.bear': 0.4, 'thresholds.regime_proba.ranging': 0.4, 'thresholds.signal_adaptation.zones.low.entry_conf_overall': 0.28, 'thresholds.signal_adaptation.zones.low.regime_proba': 0.32999999999999996, 'thresholds.signal_adaptation.zones.mid.entry_conf_overall': 0.28, 'thresholds.signal_adaptation.zones.mid.regime_proba': 0.45999999999999996, 'thresholds.signal_adaptation.zones.high.entry_conf_overall': 0.44, 'thresholds.signal_adaptation.zones.high.regime_proba': 0.44, 'exit.exit_conf_threshold': 0.42000000000000004, 'exit.max_hold_bars': 24, 'exit.trailing_stop_pct': 0.01, 'multi_timeframe.ltf_override_threshold': 0.45999999999999996, 'htf_fib.entry.tolerance_atr': 2.0, 'ltf_fib.entry.tolerance_atr': 2.0, 'htf_exit_config.partial_1_pct': 0.65, 'htf_exit_config.partial_2_pct': 0.44999999999999996, 'htf_exit_config.fib_threshold_atr': 0.6, 'htf_exit_config.trail_atr_multiplier': 3.5}. Best is trial 12 with value: 1.2623464777026068.
[I 2026-01-16 23:15:48,463] Trial 759 pruned. 
[I 2026-01-16 23:16:14,868] Trial 760 pruned. 
[I 2026-01-16 23:17:02,588] Trial 761 finished with value: 1.2623464777026068 and parameters: {'thresholds.entry_conf_overall': 0.3, 'thresholds.regime_proba.balanced': 0.52, 'thresholds.regime_proba.bull': 0.54, 'thresholds.regime_proba.bear': 0.5, 'thresholds.regime_proba.ranging': 0.4, 'thresholds.signal_adaptation.zones.low.entry_conf_overall': 0.2, 'thresholds.signal_adaptation.zones.low.regime_proba': 0.35, 'thresholds.signal_adaptation.zones.mid.entry_conf_overall': 0.26, 'thresholds.signal_adaptation.zones.mid.regime_proba': 0.41, 'thresholds.signal_adaptation.zones.high.entry_conf_overall': 0.44, 'thresholds.signal_adaptation.zones.high.regime_proba': 0.48, 'exit.exit_conf_threshold': 0.42000000000000004, 'exit.max_hold_bars': 19, 'exit.trailing_stop_pct': 0.01, 'multi_timeframe.ltf_override_threshold': 0.42, 'htf_fib.entry.tolerance_atr': 3.5, 'ltf_fib.entry.tolerance_atr': 1.75, 'htf_exit_config.partial_1_pct': 0.53, 'htf_exit_config.partial_2_pct': 0.35, 'htf_exit_config.fib_threshold_atr': 0.75, 'htf_exit_config.trail_atr_multiplier': 3.3}. Best is trial 12 with value: 1.2623464777026068.
[I 2026-01-16 23:17:28,921] Trial 762 pruned. 
[I 2026-01-16 23:18:27,444] Trial 763 pruned. 
[I 2026-01-16 23:19:14,991] Trial 764 finished with value: 1.0739050680152373 and parameters: {'thresholds.entry_conf_overall': 0.31, 'thresholds.regime_proba.balanced': 0.44, 'thresholds.regime_proba.bull': 0.44, 'thresholds.regime_proba.bear': 0.4, 'thresholds.regime_proba.ranging': 0.44, 'thresholds.signal_adaptation.zones.low.entry_conf_overall': 0.22, 'thresholds.signal_adaptation.zones.low.regime_proba': 0.37, 'thresholds.signal_adaptation.zones.mid.entry_conf_overall': 0.36, 'thresholds.signal_adaptation.zones.mid.regime_proba': 0.39999999999999997, 'thresholds.signal_adaptation.zones.high.entry_conf_overall': 0.43, 'thresholds.signal_adaptation.zones.high.regime_proba': 0.47, 'exit.exit_conf_threshold': 0.4, 'exit.max_hold_bars': 17, 'exit.trailing_stop_pct': 0.019000000000000003, 'multi_timeframe.ltf_override_threshold': 0.56, 'htf_fib.entry.tolerance_atr': 3.5, 'ltf_fib.entry.tolerance_atr': 2.0, 'htf_exit_config.partial_1_pct': 0.5900000000000001, 'htf_exit_config.partial_2_pct': 0.39999999999999997, 'htf_exit_config.fib_threshold_atr': 0.65, 'htf_exit_config.trail_atr_multiplier': 2.3}. Best is trial 12 with value: 1.2623464777026068.
