[I 2026-01-18 20:14:21,421] Trial 3657 finished with value: 1.2623464777026068 and parameters: {'thresholds.entry_conf_overall': 0.27, 'thresholds.regime_proba.balanced': 0.52, 'thresholds.regime_proba.bull': 0.46, 'thresholds.regime_proba.bear': 0.4, 'thresholds.regime_proba.ranging': 0.42000000000000004, 'thresholds.signal_adaptation.zones.low.entry_conf_overall': 0.23, 'thresholds.signal_adaptation.zones.low.regime_proba': 0.36, 'thresholds.signal_adaptation.zones.mid.entry_conf_overall': 0.28, 'thresholds.signal_adaptation.zones.mid.regime_proba': 0.43, 'thresholds.signal_adaptation.zones.high.entry_conf_overall': 0.44, 'thresholds.signal_adaptation.zones.high.regime_proba': 0.47, 'exit.exit_conf_threshold': 0.42000000000000004, 'exit.max_hold_bars': 24, 'exit.trailing_stop_pct': 0.015, 'multi_timeframe.ltf_override_threshold': 0.52, 'htf_fib.entry.tolerance_atr': 2.5, 'ltf_fib.entry.tolerance_atr': 2.0, 'htf_exit_config.partial_1_pct': 0.5700000000000001, 'htf_exit_config.partial_2_pct': 0.35, 'htf_exit_config.fib_threshold_atr': 0.65, 'htf_exit_config.trail_atr_multiplier': 2.9000000000000004}. Best is trial 12 with value: 1.2623464777026068.
[I 2026-01-18 20:15:35,069] Trial 3658 pruned. 
[I 2026-01-18 20:16:46,343] Trial 3659 finished with value: 1.0739050680152373 and parameters: {'thresholds.entry_conf_overall': 0.32, 'thresholds.regime_proba.balanced': 0.46, 'thresholds.regime_proba.bull': 0.44, 'thresholds.regime_proba.bear': 0.52, 'thresholds.regime_proba.ranging': 0.56, 'thresholds.signal_adaptation.zones.low.entry_conf_overall': 0.27, 'thresholds.signal_adaptation.zones.low.regime_proba': 0.41, 'thresholds.signal_adaptation.zones.mid.entry_conf_overall': 0.26, 'thresholds.signal_adaptation.zones.mid.regime_proba': 0.44, 'thresholds.signal_adaptation.zones.high.entry_conf_overall': 0.44, 'thresholds.signal_adaptation.zones.high.regime_proba': 0.44, 'exit.exit_conf_threshold': 0.4, 'exit.max_hold_bars': 21, 'exit.trailing_stop_pct': 0.014, 'multi_timeframe.ltf_override_threshold': 0.54, 'htf_fib.entry.tolerance_atr': 6.0, 'ltf_fib.entry.tolerance_atr': 1.5, 'htf_exit_config.partial_1_pct': 0.5700000000000001, 'htf_exit_config.partial_2_pct': 0.5, 'htf_exit_config.fib_threshold_atr': 0.9, 'htf_exit_config.trail_atr_multiplier': 2.7}. Best is trial 12 with value: 1.2623464777026068.
[I 2026-01-18 20:18:01,020] Trial 3660 pruned. 
[I 2026-01-18 20:19:11,403] Trial 3661 pruned. 
[I 2026-01-18 20:20:20,584] Trial 3662 pruned. 
[I 2026-01-18 20:21:29,949] Trial 3663 pruned. 
[I 2026-01-18 20:23:16,772] Trial 3664 pruned. 
[I 2026-01-18 20:24:26,875] Trial 3665 pruned. 
[I 2026-01-18 20:25:36,617] Trial 3666 pruned. 
[I 2026-01-18 20:26:47,356] Trial 3667 pruned. 
[I 2026-01-18 20:28:01,749] Trial 3668 finished with value: 1.0739050680152373 and parameters: {'thresholds.entry_conf_overall': 0.32, 'thresholds.regime_proba.balanced': 0.56, 'thresholds.regime_proba.bull': 0.5, 'thresholds.regime_proba.bear': 0.4, 'thresholds.regime_proba.ranging': 0.4, 'thresholds.signal_adaptation.zones.low.entry_conf_overall': 0.3, 'thresholds.signal_adaptation.zones.low.regime_proba': 0.44, 'thresholds.signal_adaptation.zones.mid.entry_conf_overall': 0.26, 'thresholds.signal_adaptation.zones.mid.regime_proba': 0.45999999999999996, 'thresholds.signal_adaptation.zones.high.entry_conf_overall': 0.42000000000000004, 'thresholds.signal_adaptation.zones.high.regime_proba': 0.5, 'exit.exit_conf_threshold': 0.4, 'exit.max_hold_bars': 23, 'exit.trailing_stop_pct': 0.017, 'multi_timeframe.ltf_override_threshold': 0.45999999999999996, 'htf_fib.entry.tolerance_atr': 2.0, 'ltf_fib.entry.tolerance_atr': 1.75, 'htf_exit_config.partial_1_pct': 0.61, 'htf_exit_config.partial_2_pct': 0.35, 'htf_exit_config.fib_threshold_atr': 0.75, 'htf_exit_config.trail_atr_multiplier': 2.3}. Best is trial 12 with value: 1.2623464777026068.
[I 2026-01-18 20:29:47,973] Trial 3669 pruned. 
[I 2026-01-18 20:31:01,513] Trial 3670 pruned. 
[I 2026-01-18 20:32:46,788] Trial 3671 pruned. 
[I 2026-01-18 20:33:59,893] Trial 3672 finished with value: 1.0739050680152373 and parameters: {'thresholds.entry_conf_overall': 0.25, 'thresholds.regime_proba.balanced': 0.54, 'thresholds.regime_proba.bull': 0.48000000000000004, 'thresholds.regime_proba.bear': 0.44, 'thresholds.regime_proba.ranging': 0.44, 'thresholds.signal_adaptation.zones.low.entry_conf_overall': 0.22, 'thresholds.signal_adaptation.zones.low.regime_proba': 0.4, 'thresholds.signal_adaptation.zones.mid.entry_conf_overall': 0.29000000000000004, 'thresholds.signal_adaptation.zones.mid.regime_proba': 0.38, 'thresholds.signal_adaptation.zones.high.entry_conf_overall': 0.44, 'thresholds.signal_adaptation.zones.high.regime_proba': 0.44, 'exit.exit_conf_threshold': 0.4, 'exit.max_hold_bars': 16, 'exit.trailing_stop_pct': 0.01, 'multi_timeframe.ltf_override_threshold': 0.48, 'htf_fib.entry.tolerance_atr': 2.0, 'ltf_fib.entry.tolerance_atr': 1.75, 'htf_exit_config.partial_1_pct': 0.5900000000000001, 'htf_exit_config.partial_2_pct': 0.35, 'htf_exit_config.fib_threshold_atr': 0.65, 'htf_exit_config.trail_atr_multiplier': 3.0}. Best is trial 12 with value: 1.2623464777026068.
[I 2026-01-18 20:35:12,414] Trial 3673 finished with value: 1.0739050680152373 and parameters: {'thresholds.entry_conf_overall': 0.32, 'thresholds.regime_proba.balanced': 0.44, 'thresholds.regime_proba.bull': 0.44, 'thresholds.regime_proba.bear': 0.48000000000000004, 'thresholds.regime_proba.ranging': 0.6, 'thresholds.signal_adaptation.zones.low.entry_conf_overall': 0.27, 'thresholds.signal_adaptation.zones.low.regime_proba': 0.38, 'thresholds.signal_adaptation.zones.mid.entry_conf_overall': 0.27, 'thresholds.signal_adaptation.zones.mid.regime_proba': 0.45999999999999996, 'thresholds.signal_adaptation.zones.high.entry_conf_overall': 0.44, 'thresholds.signal_adaptation.zones.high.regime_proba': 0.45, 'exit.exit_conf_threshold': 0.4, 'exit.max_hold_bars': 23, 'exit.trailing_stop_pct': 0.018000000000000002, 'multi_timeframe.ltf_override_threshold': 0.44, 'htf_fib.entry.tolerance_atr': 5.5, 'ltf_fib.entry.tolerance_atr': 1.25, 'htf_exit_config.partial_1_pct': 0.51, 'htf_exit_config.partial_2_pct': 0.6, 'htf_exit_config.fib_threshold_atr': 0.95, 'htf_exit_config.trail_atr_multiplier': 3.5}. Best is trial 12 with value: 1.2623464777026068.
[I 2026-01-18 20:36:23,372] Trial 3674 pruned. 
[I 2026-01-18 20:38:51,609] Trial 3675 pruned. 
[I 2026-01-18 20:40:02,273] Trial 3676 pruned. 
[I 2026-01-18 20:41:12,655] Trial 3677 pruned. 
[I 2026-01-18 20:42:22,188] Trial 3678 pruned. 
[I 2026-01-18 20:43:32,631] Trial 3679 pruned. 
[I 2026-01-18 20:44:45,310] Trial 3680 pruned. 
[I 2026-01-18 20:45:58,225] Trial 3681 pruned. 
[I 2026-01-18 20:47:09,165] Trial 3682 pruned. 
[I 2026-01-18 20:48:18,856] Trial 3683 pruned. 
[I 2026-01-18 20:49:28,603] Trial 3684 pruned. 
[I 2026-01-18 20:50:40,687] Trial 3685 finished with value: 1.2623464777026068 and parameters: {'thresholds.entry_conf_overall': 0.31, 'thresholds.regime_proba.balanced': 0.52, 'thresholds.regime_proba.bull': 0.52, 'thresholds.regime_proba.bear': 0.5, 'thresholds.regime_proba.ranging': 0.44, 'thresholds.signal_adaptation.zones.low.entry_conf_overall': 0.23, 'thresholds.signal_adaptation.zones.low.regime_proba': 0.37, 'thresholds.signal_adaptation.zones.mid.entry_conf_overall': 0.27, 'thresholds.signal_adaptation.zones.mid.regime_proba': 0.42, 'thresholds.signal_adaptation.zones.high.entry_conf_overall': 0.37, 'thresholds.signal_adaptation.zones.high.regime_proba': 0.45, 'exit.exit_conf_threshold': 0.42000000000000004, 'exit.max_hold_bars': 21, 'exit.trailing_stop_pct': 0.01, 'multi_timeframe.ltf_override_threshold': 0.38, 'htf_fib.entry.tolerance_atr': 2.5, 'ltf_fib.entry.tolerance_atr': 2.0, 'htf_exit_config.partial_1_pct': 0.5700000000000001, 'htf_exit_config.partial_2_pct': 0.5, 'htf_exit_config.fib_threshold_atr': 0.9, 'htf_exit_config.trail_atr_multiplier': 2.9000000000000004}. Best is trial 12 with value: 1.2623464777026068.
[I 2026-01-18 20:51:54,139] Trial 3686 pruned. 
[I 2026-01-18 20:53:38,494] Trial 3687 pruned. 
[I 2026-01-18 20:55:21,866] Trial 3688 pruned. 
[I 2026-01-18 20:56:32,496] Trial 3689 pruned. 
[I 2026-01-18 20:58:16,615] Trial 3690 pruned. 
[I 2026-01-18 20:59:26,286] Trial 3691 pruned. 
[I 2026-01-18 21:00:38,086] Trial 3692 finished with value: 1.0739050680152373 and parameters: {'thresholds.entry_conf_overall': 0.22999999999999998, 'thresholds.regime_proba.balanced': 0.42000000000000004, 'thresholds.regime_proba.bull': 0.44, 'thresholds.regime_proba.bear': 0.5, 'thresholds.regime_proba.ranging': 0.42000000000000004, 'thresholds.signal_adaptation.zones.low.entry_conf_overall': 0.25, 'thresholds.signal_adaptation.zones.low.regime_proba': 0.41, 'thresholds.signal_adaptation.zones.mid.entry_conf_overall': 0.3, 'thresholds.signal_adaptation.zones.mid.regime_proba': 0.43, 'thresholds.signal_adaptation.zones.high.entry_conf_overall': 0.4, 'thresholds.signal_adaptation.zones.high.regime_proba': 0.45, 'exit.exit_conf_threshold': 0.4, 'exit.max_hold_bars': 18, 'exit.trailing_stop_pct': 0.016, 'multi_timeframe.ltf_override_threshold': 0.45999999999999996, 'htf_fib.entry.tolerance_atr': 2.5, 'ltf_fib.entry.tolerance_atr': 2.5, 'htf_exit_config.partial_1_pct': 0.61, 'htf_exit_config.partial_2_pct': 0.35, 'htf_exit_config.fib_threshold_atr': 0.9, 'htf_exit_config.trail_atr_multiplier': 2.0}. Best is trial 12 with value: 1.2623464777026068.
[I 2026-01-18 21:01:49,473] Trial 3693 pruned. 
[I 2026-01-18 21:03:03,760] Trial 3694 finished with value: 1.0739050680152373 and parameters: {'thresholds.entry_conf_overall': 0.31, 'thresholds.regime_proba.balanced': 0.54, 'thresholds.regime_proba.bull': 0.6, 'thresholds.regime_proba.bear': 0.46, 'thresholds.regime_proba.ranging': 0.42000000000000004, 'thresholds.signal_adaptation.zones.low.entry_conf_overall': 0.28, 'thresholds.signal_adaptation.zones.low.regime_proba': 0.44999999999999996, 'thresholds.signal_adaptation.zones.mid.entry_conf_overall': 0.26, 'thresholds.signal_adaptation.zones.mid.regime_proba': 0.42, 'thresholds.signal_adaptation.zones.high.entry_conf_overall': 0.36, 'thresholds.signal_adaptation.zones.high.regime_proba': 0.45, 'exit.exit_conf_threshold': 0.4, 'exit.max_hold_bars': 16, 'exit.trailing_stop_pct': 0.019000000000000003, 'multi_timeframe.ltf_override_threshold': 0.36, 'htf_fib.entry.tolerance_atr': 2.0, 'ltf_fib.entry.tolerance_atr': 1.25, 'htf_exit_config.partial_1_pct': 0.51, 'htf_exit_config.partial_2_pct': 0.5, 'htf_exit_config.fib_threshold_atr': 0.6, 'htf_exit_config.trail_atr_multiplier': 2.5}. Best is trial 12 with value: 1.2623464777026068.
[I 2026-01-18 21:04:14,253] Trial 3695 pruned. 
[I 2026-01-18 21:05:25,236] Trial 3696 pruned. 
[I 2026-01-18 21:06:38,115] Trial 3697 finished with value: 1.2623464777026068 and parameters: {'thresholds.entry_conf_overall': 0.28, 'thresholds.regime_proba.balanced': 0.42000000000000004, 'thresholds.regime_proba.bull': 0.52, 'thresholds.regime_proba.bear': 0.6, 'thresholds.regime_proba.ranging': 0.44, 'thresholds.signal_adaptation.zones.low.entry_conf_overall': 0.2, 'thresholds.signal_adaptation.zones.low.regime_proba': 0.38, 'thresholds.signal_adaptation.zones.mid.entry_conf_overall': 0.27, 'thresholds.signal_adaptation.zones.mid.regime_proba': 0.38, 'thresholds.signal_adaptation.zones.high.entry_conf_overall': 0.33, 'thresholds.signal_adaptation.zones.high.regime_proba': 0.44, 'exit.exit_conf_threshold': 0.42000000000000004, 'exit.max_hold_bars': 16, 'exit.trailing_stop_pct': 0.011, 'multi_timeframe.ltf_override_threshold': 0.36, 'htf_fib.entry.tolerance_atr': 6.0, 'ltf_fib.entry.tolerance_atr': 1.25, 'htf_exit_config.partial_1_pct': 0.47000000000000003, 'htf_exit_config.partial_2_pct': 0.35, 'htf_exit_config.fib_threshold_atr': 0.95, 'htf_exit_config.trail_atr_multiplier': 2.3}. Best is trial 12 with value: 1.2623464777026068.
[I 2026-01-18 21:07:49,136] Trial 3698 pruned. 
[I 2026-01-18 21:09:02,048] Trial 3699 pruned. 
[I 2026-01-18 21:10:59,877] Trial 3700 pruned. 
[I 2026-01-18 21:12:11,976] Trial 3701 pruned. 
[I 2026-01-18 21:13:25,466] Trial 3702 pruned. 
[I 2026-01-18 21:14:37,142] Trial 3703 pruned. 
[I 2026-01-18 21:16:23,057] Trial 3704 pruned. 
[I 2026-01-18 21:17:35,270] Trial 3705 pruned. 
[I 2026-01-18 21:18:44,272] Trial 3706 pruned. 
[I 2026-01-18 21:20:31,348] Trial 3707 pruned. 
[I 2026-01-18 21:21:42,842] Trial 3708 pruned. 
[I 2026-01-18 21:22:54,768] Trial 3709 pruned. 
[I 2026-01-18 21:24:05,493] Trial 3710 pruned. 
[I 2026-01-18 21:25:16,286] Trial 3711 pruned. 
[I 2026-01-18 21:26:28,619] Trial 3712 pruned. 
[I 2026-01-18 21:27:39,219] Trial 3713 pruned. 
[I 2026-01-18 21:28:50,118] Trial 3714 pruned. 
[I 2026-01-18 21:30:03,765] Trial 3715 pruned. 
[I 2026-01-18 21:31:49,760] Trial 3716 pruned. 
[I 2026-01-18 21:33:00,677] Trial 3717 pruned. 
[I 2026-01-18 21:34:11,586] Trial 3718 pruned. 
[I 2026-01-18 21:35:24,565] Trial 3719 finished with value: 1.0739050680152373 and parameters: {'thresholds.entry_conf_overall': 0.29, 'thresholds.regime_proba.balanced': 0.4, 'thresholds.regime_proba.bull': 0.4, 'thresholds.regime_proba.bear': 0.5, 'thresholds.regime_proba.ranging': 0.52, 'thresholds.signal_adaptation.zones.low.entry_conf_overall': 0.27, 'thresholds.signal_adaptation.zones.low.regime_proba': 0.4, 'thresholds.signal_adaptation.zones.mid.entry_conf_overall': 0.27, 'thresholds.signal_adaptation.zones.mid.regime_proba': 0.39999999999999997, 'thresholds.signal_adaptation.zones.high.entry_conf_overall': 0.4, 'thresholds.signal_adaptation.zones.high.regime_proba': 0.48, 'exit.exit_conf_threshold': 0.4, 'exit.max_hold_bars': 21, 'exit.trailing_stop_pct': 0.016, 'multi_timeframe.ltf_override_threshold': 0.6, 'htf_fib.entry.tolerance_atr': 5.0, 'ltf_fib.entry.tolerance_atr': 1.0, 'htf_exit_config.partial_1_pct': 0.51, 'htf_exit_config.partial_2_pct': 0.39999999999999997, 'htf_exit_config.fib_threshold_atr': 0.75, 'htf_exit_config.trail_atr_multiplier': 3.5}. Best is trial 12 with value: 1.2623464777026068.
[I 2026-01-18 21:36:35,840] Trial 3720 pruned. 
[I 2026-01-18 21:37:44,045] Trial 3721 pruned. 
[I 2026-01-18 21:38:57,085] Trial 3722 pruned. 
[I 2026-01-18 21:40:07,408] Trial 3723 pruned. 
[I 2026-01-18 21:41:23,050] Trial 3724 pruned. 
[I 2026-01-18 21:43:24,543] Trial 3725 finished with value: 1.2623464777026068 and parameters: {'thresholds.entry_conf_overall': 0.26, 'thresholds.regime_proba.balanced': 0.48000000000000004, 'thresholds.regime_proba.bull': 0.48000000000000004, 'thresholds.regime_proba.bear': 0.48000000000000004, 'thresholds.regime_proba.ranging': 0.4, 'thresholds.signal_adaptation.zones.low.entry_conf_overall': 0.22, 'thresholds.signal_adaptation.zones.low.regime_proba': 0.4, 'thresholds.signal_adaptation.zones.mid.entry_conf_overall': 0.29000000000000004, 'thresholds.signal_adaptation.zones.mid.regime_proba': 0.44999999999999996, 'thresholds.signal_adaptation.zones.high.entry_conf_overall': 0.44, 'thresholds.signal_adaptation.zones.high.regime_proba': 0.44, 'exit.exit_conf_threshold': 0.42000000000000004, 'exit.max_hold_bars': 22, 'exit.trailing_stop_pct': 0.01, 'multi_timeframe.ltf_override_threshold': 0.56, 'htf_fib.entry.tolerance_atr': 3.0, 'ltf_fib.entry.tolerance_atr': 2.25, 'htf_exit_config.partial_1_pct': 0.53, 'htf_exit_config.partial_2_pct': 0.35, 'htf_exit_config.fib_threshold_atr': 0.75, 'htf_exit_config.trail_atr_multiplier': 3.4000000000000004}. Best is trial 12 with value: 1.2623464777026068.
[I 2026-01-18 21:44:39,333] Trial 3726 finished with value: 1.2623464777026068 and parameters: {'thresholds.entry_conf_overall': 0.25, 'thresholds.regime_proba.balanced': 0.56, 'thresholds.regime_proba.bull': 0.4, 'thresholds.regime_proba.bear': 0.4, 'thresholds.regime_proba.ranging': 0.5800000000000001, 'thresholds.signal_adaptation.zones.low.entry_conf_overall': 0.2, 'thresholds.signal_adaptation.zones.low.regime_proba': 0.32999999999999996, 'thresholds.signal_adaptation.zones.mid.entry_conf_overall': 0.26, 'thresholds.signal_adaptation.zones.mid.regime_proba': 0.44, 'thresholds.signal_adaptation.zones.high.entry_conf_overall': 0.37, 'thresholds.signal_adaptation.zones.high.regime_proba': 0.47, 'exit.exit_conf_threshold': 0.42000000000000004, 'exit.max_hold_bars': 20, 'exit.trailing_stop_pct': 0.02, 'multi_timeframe.ltf_override_threshold': 0.48, 'htf_fib.entry.tolerance_atr': 2.0, 'ltf_fib.entry.tolerance_atr': 1.5, 'htf_exit_config.partial_1_pct': 0.63, 'htf_exit_config.partial_2_pct': 0.6, 'htf_exit_config.fib_threshold_atr': 0.75, 'htf_exit_config.trail_atr_multiplier': 2.9000000000000004}. Best is trial 12 with value: 1.2623464777026068.
[I 2026-01-18 21:45:54,747] Trial 3727 pruned. 
[I 2026-01-18 21:47:05,591] Trial 3728 pruned. 
[I 2026-01-18 21:48:18,785] Trial 3729 pruned. 
[I 2026-01-18 21:49:33,685] Trial 3730 finished with value: 1.0739050680152373 and parameters: {'thresholds.entry_conf_overall': 0.24, 'thresholds.regime_proba.balanced': 0.46, 'thresholds.regime_proba.bull': 0.5, 'thresholds.regime_proba.bear': 0.46, 'thresholds.regime_proba.ranging': 0.6, 'thresholds.signal_adaptation.zones.low.entry_conf_overall': 0.28, 'thresholds.signal_adaptation.zones.low.regime_proba': 0.41, 'thresholds.signal_adaptation.zones.mid.entry_conf_overall': 0.26, 'thresholds.signal_adaptation.zones.mid.regime_proba': 0.45999999999999996, 'thresholds.signal_adaptation.zones.high.entry_conf_overall': 0.35, 'thresholds.signal_adaptation.zones.high.regime_proba': 0.47, 'exit.exit_conf_threshold': 0.4, 'exit.max_hold_bars': 11, 'exit.trailing_stop_pct': 0.012, 'multi_timeframe.ltf_override_threshold': 0.52, 'htf_fib.entry.tolerance_atr': 3.5, 'ltf_fib.entry.tolerance_atr': 0.75, 'htf_exit_config.partial_1_pct': 0.47000000000000003, 'htf_exit_config.partial_2_pct': 0.55, 'htf_exit_config.fib_threshold_atr': 0.9, 'htf_exit_config.trail_atr_multiplier': 1.9000000000000001}. Best is trial 12 with value: 1.2623464777026068.
[I 2026-01-18 21:50:46,599] Trial 3731 pruned. 
[I 2026-01-18 21:51:59,593] Trial 3732 pruned. 
[I 2026-01-18 21:53:11,220] Trial 3733 pruned. 
[I 2026-01-18 21:54:22,698] Trial 3734 pruned. 
[I 2026-01-18 21:55:35,144] Trial 3735 pruned. 
[I 2026-01-18 21:56:47,338] Trial 3736 finished with value: 1.0739050680152373 and parameters: {'thresholds.entry_conf_overall': 0.32, 'thresholds.regime_proba.balanced': 0.54, 'thresholds.regime_proba.bull': 0.46, 'thresholds.regime_proba.bear': 0.44, 'thresholds.regime_proba.ranging': 0.44, 'thresholds.signal_adaptation.zones.low.entry_conf_overall': 0.25, 'thresholds.signal_adaptation.zones.low.regime_proba': 0.4, 'thresholds.signal_adaptation.zones.mid.entry_conf_overall': 0.26, 'thresholds.signal_adaptation.zones.mid.regime_proba': 0.41, 'thresholds.signal_adaptation.zones.high.entry_conf_overall': 0.39, 'thresholds.signal_adaptation.zones.high.regime_proba': 0.44, 'exit.exit_conf_threshold': 0.4, 'exit.max_hold_bars': 17, 'exit.trailing_stop_pct': 0.015, 'multi_timeframe.ltf_override_threshold': 0.4, 'htf_fib.entry.tolerance_atr': 3.5, 'ltf_fib.entry.tolerance_atr': 1.25, 'htf_exit_config.partial_1_pct': 0.5900000000000001, 'htf_exit_config.partial_2_pct': 0.44999999999999996, 'htf_exit_config.fib_threshold_atr': 0.7, 'htf_exit_config.trail_atr_multiplier': 2.9000000000000004}. Best is trial 12 with value: 1.2623464777026068.
[I 2026-01-18 21:58:01,563] Trial 3737 finished with value: 1.0739050680152373 and parameters: {'thresholds.entry_conf_overall': 0.22999999999999998, 'thresholds.regime_proba.balanced': 0.5, 'thresholds.regime_proba.bull': 0.5, 'thresholds.regime_proba.bear': 0.48000000000000004, 'thresholds.regime_proba.ranging': 0.48000000000000004, 'thresholds.signal_adaptation.zones.low.entry_conf_overall': 0.23, 'thresholds.signal_adaptation.zones.low.regime_proba': 0.33999999999999997, 'thresholds.signal_adaptation.zones.mid.entry_conf_overall': 0.26, 'thresholds.signal_adaptation.zones.mid.regime_proba': 0.48, 'thresholds.signal_adaptation.zones.high.entry_conf_overall': 0.38, 'thresholds.signal_adaptation.zones.high.regime_proba': 0.5, 'exit.exit_conf_threshold': 0.4, 'exit.max_hold_bars': 20, 'exit.trailing_stop_pct': 0.01, 'multi_timeframe.ltf_override_threshold': 0.5, 'htf_fib.entry.tolerance_atr': 3.0, 'ltf_fib.entry.tolerance_atr': 1.75, 'htf_exit_config.partial_1_pct': 0.53, 'htf_exit_config.partial_2_pct': 0.35, 'htf_exit_config.fib_threshold_atr': 0.7, 'htf_exit_config.trail_atr_multiplier': 2.7}. Best is trial 12 with value: 1.2623464777026068.
[I 2026-01-18 21:59:13,929] Trial 3738 pruned. 
[I 2026-01-18 22:00:27,342] Trial 3739 pruned. 
[I 2026-01-18 22:01:39,148] Trial 3740 pruned. 
[I 2026-01-18 22:03:24,422] Trial 3741 pruned. 
[I 2026-01-18 22:04:35,545] Trial 3742 pruned. 
[I 2026-01-18 22:05:46,310] Trial 3743 pruned. 
[I 2026-01-18 22:06:58,660] Trial 3744 pruned. 
[I 2026-01-18 22:08:10,806] Trial 3745 pruned. 
[I 2026-01-18 22:09:24,193] Trial 3746 pruned. 
[I 2026-01-18 22:10:36,476] Trial 3747 pruned. 
[I 2026-01-18 22:11:50,172] Trial 3748 pruned. 
[I 2026-01-18 22:13:01,352] Trial 3749 pruned. 
[I 2026-01-18 22:14:58,458] Trial 3750 pruned. 
[I 2026-01-18 22:16:10,744] Trial 3751 pruned. 
