[I 2026-01-17 03:25:05,132] Trial 1111 finished with value: 1.2623464777026068 and parameters: {'thresholds.entry_conf_overall': 0.31, 'thresholds.regime_proba.balanced': 0.52, 'thresholds.regime_proba.bull': 0.46, 'thresholds.regime_proba.bear': 0.42000000000000004, 'thresholds.regime_proba.ranging': 0.52, 'thresholds.signal_adaptation.zones.low.entry_conf_overall': 0.28, 'thresholds.signal_adaptation.zones.low.regime_proba': 0.37, 'thresholds.signal_adaptation.zones.mid.entry_conf_overall': 0.29000000000000004, 'thresholds.signal_adaptation.zones.mid.regime_proba': 0.39, 'thresholds.signal_adaptation.zones.high.entry_conf_overall': 0.36, 'thresholds.signal_adaptation.zones.high.regime_proba': 0.49, 'exit.exit_conf_threshold': 0.42000000000000004, 'exit.max_hold_bars': 22, 'exit.trailing_stop_pct': 0.01, 'multi_timeframe.ltf_override_threshold': 0.33999999999999997, 'htf_fib.entry.tolerance_atr': 3.0, 'ltf_fib.entry.tolerance_atr': 1.5, 'htf_exit_config.partial_1_pct': 0.53, 'htf_exit_config.partial_2_pct': 0.44999999999999996, 'htf_exit_config.fib_threshold_atr': 0.85, 'htf_exit_config.trail_atr_multiplier': 2.5}. Best is trial 12 with value: 1.2623464777026068.
[I 2026-01-17 03:25:39,318] Trial 1112 pruned. 
[I 2026-01-17 03:26:12,740] Trial 1113 pruned. 
[I 2026-01-17 03:27:05,121] Trial 1114 finished with value: 1.2623464777026068 and parameters: {'thresholds.entry_conf_overall': 0.31, 'thresholds.regime_proba.balanced': 0.5800000000000001, 'thresholds.regime_proba.bull': 0.5, 'thresholds.regime_proba.bear': 0.4, 'thresholds.regime_proba.ranging': 0.44, 'thresholds.signal_adaptation.zones.low.entry_conf_overall': 0.25, 'thresholds.signal_adaptation.zones.low.regime_proba': 0.36, 'thresholds.signal_adaptation.zones.mid.entry_conf_overall': 0.31, 'thresholds.signal_adaptation.zones.mid.regime_proba': 0.45999999999999996, 'thresholds.signal_adaptation.zones.high.entry_conf_overall': 0.41000000000000003, 'thresholds.signal_adaptation.zones.high.regime_proba': 0.46, 'exit.exit_conf_threshold': 0.42000000000000004, 'exit.max_hold_bars': 23, 'exit.trailing_stop_pct': 0.013000000000000001, 'multi_timeframe.ltf_override_threshold': 0.38, 'htf_fib.entry.tolerance_atr': 2.0, 'ltf_fib.entry.tolerance_atr': 2.5, 'htf_exit_config.partial_1_pct': 0.69, 'htf_exit_config.partial_2_pct': 0.44999999999999996, 'htf_exit_config.fib_threshold_atr': 0.75, 'htf_exit_config.trail_atr_multiplier': 3.1}. Best is trial 12 with value: 1.2623464777026068.
[I 2026-01-17 03:27:57,408] Trial 1115 finished with value: 1.0739050680152373 and parameters: {'thresholds.entry_conf_overall': 0.29, 'thresholds.regime_proba.balanced': 0.56, 'thresholds.regime_proba.bull': 0.5800000000000001, 'thresholds.regime_proba.bear': 0.46, 'thresholds.regime_proba.ranging': 0.48000000000000004, 'thresholds.signal_adaptation.zones.low.entry_conf_overall': 0.3, 'thresholds.signal_adaptation.zones.low.regime_proba': 0.41, 'thresholds.signal_adaptation.zones.mid.entry_conf_overall': 0.3, 'thresholds.signal_adaptation.zones.mid.regime_proba': 0.5, 'thresholds.signal_adaptation.zones.high.entry_conf_overall': 0.34, 'thresholds.signal_adaptation.zones.high.regime_proba': 0.46, 'exit.exit_conf_threshold': 0.4, 'exit.max_hold_bars': 10, 'exit.trailing_stop_pct': 0.018000000000000002, 'multi_timeframe.ltf_override_threshold': 0.3, 'htf_fib.entry.tolerance_atr': 6.0, 'ltf_fib.entry.tolerance_atr': 2.5, 'htf_exit_config.partial_1_pct': 0.5900000000000001, 'htf_exit_config.partial_2_pct': 0.6, 'htf_exit_config.fib_threshold_atr': 1.0, 'htf_exit_config.trail_atr_multiplier': 3.6}. Best is trial 12 with value: 1.2623464777026068.
[I 2026-01-17 03:29:04,100] Trial 1116 pruned. 
[I 2026-01-17 03:30:10,795] Trial 1117 pruned. 
[I 2026-01-17 03:31:03,310] Trial 1118 finished with value: 1.2623464777026068 and parameters: {'thresholds.entry_conf_overall': 0.25, 'thresholds.regime_proba.balanced': 0.52, 'thresholds.regime_proba.bull': 0.52, 'thresholds.regime_proba.bear': 0.44, 'thresholds.regime_proba.ranging': 0.42000000000000004, 'thresholds.signal_adaptation.zones.low.entry_conf_overall': 0.21000000000000002, 'thresholds.signal_adaptation.zones.low.regime_proba': 0.36, 'thresholds.signal_adaptation.zones.mid.entry_conf_overall': 0.27, 'thresholds.signal_adaptation.zones.mid.regime_proba': 0.39999999999999997, 'thresholds.signal_adaptation.zones.high.entry_conf_overall': 0.44, 'thresholds.signal_adaptation.zones.high.regime_proba': 0.45, 'exit.exit_conf_threshold': 0.42000000000000004, 'exit.max_hold_bars': 23, 'exit.trailing_stop_pct': 0.014, 'multi_timeframe.ltf_override_threshold': 0.52, 'htf_fib.entry.tolerance_atr': 2.0, 'ltf_fib.entry.tolerance_atr': 2.5, 'htf_exit_config.partial_1_pct': 0.45, 'htf_exit_config.partial_2_pct': 0.35, 'htf_exit_config.fib_threshold_atr': 0.8, 'htf_exit_config.trail_atr_multiplier': 3.6}. Best is trial 12 with value: 1.2623464777026068.
[I 2026-01-17 03:31:55,460] Trial 1119 finished with value: 1.2623464777026068 and parameters: {'thresholds.entry_conf_overall': 0.24, 'thresholds.regime_proba.balanced': 0.5, 'thresholds.regime_proba.bull': 0.44, 'thresholds.regime_proba.bear': 0.4, 'thresholds.regime_proba.ranging': 0.4, 'thresholds.signal_adaptation.zones.low.entry_conf_overall': 0.23, 'thresholds.signal_adaptation.zones.low.regime_proba': 0.36, 'thresholds.signal_adaptation.zones.mid.entry_conf_overall': 0.3, 'thresholds.signal_adaptation.zones.mid.regime_proba': 0.45999999999999996, 'thresholds.signal_adaptation.zones.high.entry_conf_overall': 0.44, 'thresholds.signal_adaptation.zones.high.regime_proba': 0.48, 'exit.exit_conf_threshold': 0.42000000000000004, 'exit.max_hold_bars': 22, 'exit.trailing_stop_pct': 0.013000000000000001, 'multi_timeframe.ltf_override_threshold': 0.54, 'htf_fib.entry.tolerance_atr': 2.0, 'ltf_fib.entry.tolerance_atr': 1.0, 'htf_exit_config.partial_1_pct': 0.63, 'htf_exit_config.partial_2_pct': 0.35, 'htf_exit_config.fib_threshold_atr': 0.7, 'htf_exit_config.trail_atr_multiplier': 2.5}. Best is trial 12 with value: 1.2623464777026068.
[I 2026-01-17 03:32:28,640] Trial 1120 pruned. 
[I 2026-01-17 03:33:02,700] Trial 1121 pruned. 
[I 2026-01-17 03:33:54,906] Trial 1122 finished with value: 1.0739050680152373 and parameters: {'thresholds.entry_conf_overall': 0.3, 'thresholds.regime_proba.balanced': 0.48000000000000004, 'thresholds.regime_proba.bull': 0.48000000000000004, 'thresholds.regime_proba.bear': 0.5, 'thresholds.regime_proba.ranging': 0.44, 'thresholds.signal_adaptation.zones.low.entry_conf_overall': 0.2, 'thresholds.signal_adaptation.zones.low.regime_proba': 0.44999999999999996, 'thresholds.signal_adaptation.zones.mid.entry_conf_overall': 0.28, 'thresholds.signal_adaptation.zones.mid.regime_proba': 0.37, 'thresholds.signal_adaptation.zones.high.entry_conf_overall': 0.44, 'thresholds.signal_adaptation.zones.high.regime_proba': 0.44, 'exit.exit_conf_threshold': 0.4, 'exit.max_hold_bars': 22, 'exit.trailing_stop_pct': 0.01, 'multi_timeframe.ltf_override_threshold': 0.48, 'htf_fib.entry.tolerance_atr': 2.5, 'ltf_fib.entry.tolerance_atr': 1.25, 'htf_exit_config.partial_1_pct': 0.51, 'htf_exit_config.partial_2_pct': 0.35, 'htf_exit_config.fib_threshold_atr': 0.8, 'htf_exit_config.trail_atr_multiplier': 3.2}. Best is trial 12 with value: 1.2623464777026068.
[I 2026-01-17 03:34:28,423] Trial 1123 pruned. 
[I 2026-01-17 03:35:20,084] Trial 1124 finished with value: 1.0739050680152373 and parameters: {'thresholds.entry_conf_overall': 0.21, 'thresholds.regime_proba.balanced': 0.5800000000000001, 'thresholds.regime_proba.bull': 0.5, 'thresholds.regime_proba.bear': 0.5, 'thresholds.regime_proba.ranging': 0.42000000000000004, 'thresholds.signal_adaptation.zones.low.entry_conf_overall': 0.22, 'thresholds.signal_adaptation.zones.low.regime_proba': 0.37, 'thresholds.signal_adaptation.zones.mid.entry_conf_overall': 0.26, 'thresholds.signal_adaptation.zones.mid.regime_proba': 0.47, 'thresholds.signal_adaptation.zones.high.entry_conf_overall': 0.41000000000000003, 'thresholds.signal_adaptation.zones.high.regime_proba': 0.5, 'exit.exit_conf_threshold': 0.4, 'exit.max_hold_bars': 23, 'exit.trailing_stop_pct': 0.013000000000000001, 'multi_timeframe.ltf_override_threshold': 0.52, 'htf_fib.entry.tolerance_atr': 3.5, 'ltf_fib.entry.tolerance_atr': 2.25, 'htf_exit_config.partial_1_pct': 0.5700000000000001, 'htf_exit_config.partial_2_pct': 0.39999999999999997, 'htf_exit_config.fib_threshold_atr': 0.7, 'htf_exit_config.trail_atr_multiplier': 2.8}. Best is trial 12 with value: 1.2623464777026068.
[I 2026-01-17 03:36:14,026] Trial 1125 pruned. 
[I 2026-01-17 03:36:47,558] Trial 1126 pruned. 
[I 2026-01-17 03:37:24,144] Trial 1127 pruned. 
[I 2026-01-17 03:37:57,894] Trial 1128 pruned. 
[I 2026-01-17 03:39:04,903] Trial 1129 pruned. 
[I 2026-01-17 03:39:38,657] Trial 1130 pruned. 
[I 2026-01-17 03:40:11,757] Trial 1131 pruned. 
[I 2026-01-17 03:40:45,306] Trial 1132 pruned. 
[I 2026-01-17 03:41:18,372] Trial 1133 pruned. 
[I 2026-01-17 03:41:52,407] Trial 1134 pruned. 
[I 2026-01-17 03:42:45,178] Trial 1135 finished with value: 1.2623464777026068 and parameters: {'thresholds.entry_conf_overall': 0.25, 'thresholds.regime_proba.balanced': 0.52, 'thresholds.regime_proba.bull': 0.44, 'thresholds.regime_proba.bear': 0.44, 'thresholds.regime_proba.ranging': 0.48000000000000004, 'thresholds.signal_adaptation.zones.low.entry_conf_overall': 0.22, 'thresholds.signal_adaptation.zones.low.regime_proba': 0.32, 'thresholds.signal_adaptation.zones.mid.entry_conf_overall': 0.26, 'thresholds.signal_adaptation.zones.mid.regime_proba': 0.43, 'thresholds.signal_adaptation.zones.high.entry_conf_overall': 0.43, 'thresholds.signal_adaptation.zones.high.regime_proba': 0.45, 'exit.exit_conf_threshold': 0.42000000000000004, 'exit.max_hold_bars': 24, 'exit.trailing_stop_pct': 0.014, 'multi_timeframe.ltf_override_threshold': 0.44, 'htf_fib.entry.tolerance_atr': 4.0, 'ltf_fib.entry.tolerance_atr': 2.25, 'htf_exit_config.partial_1_pct': 0.61, 'htf_exit_config.partial_2_pct': 0.39999999999999997, 'htf_exit_config.fib_threshold_atr': 0.6, 'htf_exit_config.trail_atr_multiplier': 3.0}. Best is trial 12 with value: 1.2623464777026068.
[I 2026-01-17 03:43:52,187] Trial 1136 pruned. 
[I 2026-01-17 03:44:25,563] Trial 1137 pruned. 
[I 2026-01-17 03:44:58,882] Trial 1138 pruned. 
[I 2026-01-17 03:46:05,982] Trial 1139 pruned. 
[I 2026-01-17 03:47:14,503] Trial 1140 pruned. 
[I 2026-01-17 03:47:48,725] Trial 1141 pruned. 
[I 2026-01-17 03:48:40,902] Trial 1142 finished with value: 1.2623464777026068 and parameters: {'thresholds.entry_conf_overall': 0.28, 'thresholds.regime_proba.balanced': 0.5, 'thresholds.regime_proba.bull': 0.4, 'thresholds.regime_proba.bear': 0.4, 'thresholds.regime_proba.ranging': 0.42000000000000004, 'thresholds.signal_adaptation.zones.low.entry_conf_overall': 0.21000000000000002, 'thresholds.signal_adaptation.zones.low.regime_proba': 0.3, 'thresholds.signal_adaptation.zones.mid.entry_conf_overall': 0.29000000000000004, 'thresholds.signal_adaptation.zones.mid.regime_proba': 0.39999999999999997, 'thresholds.signal_adaptation.zones.high.entry_conf_overall': 0.43, 'thresholds.signal_adaptation.zones.high.regime_proba': 0.47, 'exit.exit_conf_threshold': 0.42000000000000004, 'exit.max_hold_bars': 17, 'exit.trailing_stop_pct': 0.014, 'multi_timeframe.ltf_override_threshold': 0.52, 'htf_fib.entry.tolerance_atr': 2.0, 'ltf_fib.entry.tolerance_atr': 1.5, 'htf_exit_config.partial_1_pct': 0.5900000000000001, 'htf_exit_config.partial_2_pct': 0.35, 'htf_exit_config.fib_threshold_atr': 0.6, 'htf_exit_config.trail_atr_multiplier': 2.9000000000000004}. Best is trial 12 with value: 1.2623464777026068.
[I 2026-01-17 03:49:33,068] Trial 1143 finished with value: 1.0739050680152373 and parameters: {'thresholds.entry_conf_overall': 0.24, 'thresholds.regime_proba.balanced': 0.56, 'thresholds.regime_proba.bull': 0.54, 'thresholds.regime_proba.bear': 0.42000000000000004, 'thresholds.regime_proba.ranging': 0.52, 'thresholds.signal_adaptation.zones.low.entry_conf_overall': 0.29000000000000004, 'thresholds.signal_adaptation.zones.low.regime_proba': 0.44, 'thresholds.signal_adaptation.zones.mid.entry_conf_overall': 0.3, 'thresholds.signal_adaptation.zones.mid.regime_proba': 0.47, 'thresholds.signal_adaptation.zones.high.entry_conf_overall': 0.34, 'thresholds.signal_adaptation.zones.high.regime_proba': 0.5, 'exit.exit_conf_threshold': 0.4, 'exit.max_hold_bars': 11, 'exit.trailing_stop_pct': 0.015, 'multi_timeframe.ltf_override_threshold': 0.3, 'htf_fib.entry.tolerance_atr': 6.0, 'ltf_fib.entry.tolerance_atr': 2.5, 'htf_exit_config.partial_1_pct': 0.61, 'htf_exit_config.partial_2_pct': 0.5, 'htf_exit_config.fib_threshold_atr': 0.7, 'htf_exit_config.trail_atr_multiplier': 3.2}. Best is trial 12 with value: 1.2623464777026068.
[I 2026-01-17 03:50:07,583] Trial 1144 pruned. 
[I 2026-01-17 03:50:59,678] Trial 1145 finished with value: 1.2623464777026068 and parameters: {'thresholds.entry_conf_overall': 0.28, 'thresholds.regime_proba.balanced': 0.52, 'thresholds.regime_proba.bull': 0.6, 'thresholds.regime_proba.bear': 0.42000000000000004, 'thresholds.regime_proba.ranging': 0.4, 'thresholds.signal_adaptation.zones.low.entry_conf_overall': 0.21000000000000002, 'thresholds.signal_adaptation.zones.low.regime_proba': 0.4, 'thresholds.signal_adaptation.zones.mid.entry_conf_overall': 0.3, 'thresholds.signal_adaptation.zones.mid.regime_proba': 0.48, 'thresholds.signal_adaptation.zones.high.entry_conf_overall': 0.41000000000000003, 'thresholds.signal_adaptation.zones.high.regime_proba': 0.5, 'exit.exit_conf_threshold': 0.42000000000000004, 'exit.max_hold_bars': 22, 'exit.trailing_stop_pct': 0.013000000000000001, 'multi_timeframe.ltf_override_threshold': 0.48, 'htf_fib.entry.tolerance_atr': 2.0, 'ltf_fib.entry.tolerance_atr': 2.0, 'htf_exit_config.partial_1_pct': 0.49, 'htf_exit_config.partial_2_pct': 0.35, 'htf_exit_config.fib_threshold_atr': 0.8, 'htf_exit_config.trail_atr_multiplier': 3.5}. Best is trial 12 with value: 1.2623464777026068.
[I 2026-01-17 03:51:52,136] Trial 1146 finished with value: 1.0739050680152373 and parameters: {'thresholds.entry_conf_overall': 0.29, 'thresholds.regime_proba.balanced': 0.54, 'thresholds.regime_proba.bull': 0.5800000000000001, 'thresholds.regime_proba.bear': 0.42000000000000004, 'thresholds.regime_proba.ranging': 0.44, 'thresholds.signal_adaptation.zones.low.entry_conf_overall': 0.29000000000000004, 'thresholds.signal_adaptation.zones.low.regime_proba': 0.42, 'thresholds.signal_adaptation.zones.mid.entry_conf_overall': 0.32, 'thresholds.signal_adaptation.zones.mid.regime_proba': 0.44999999999999996, 'thresholds.signal_adaptation.zones.high.entry_conf_overall': 0.35, 'thresholds.signal_adaptation.zones.high.regime_proba': 0.5, 'exit.exit_conf_threshold': 0.4, 'exit.max_hold_bars': 12, 'exit.trailing_stop_pct': 0.016, 'multi_timeframe.ltf_override_threshold': 0.32, 'htf_fib.entry.tolerance_atr': 6.0, 'ltf_fib.entry.tolerance_atr': 2.5, 'htf_exit_config.partial_1_pct': 0.63, 'htf_exit_config.partial_2_pct': 0.44999999999999996, 'htf_exit_config.fib_threshold_atr': 0.7, 'htf_exit_config.trail_atr_multiplier': 3.1}. Best is trial 12 with value: 1.2623464777026068.
[I 2026-01-17 03:52:25,732] Trial 1147 pruned. 
[I 2026-01-17 03:52:59,923] Trial 1148 pruned. 
[I 2026-01-17 03:53:52,086] Trial 1149 finished with value: 1.0739050680152373 and parameters: {'thresholds.entry_conf_overall': 0.32, 'thresholds.regime_proba.balanced': 0.54, 'thresholds.regime_proba.bull': 0.5800000000000001, 'thresholds.regime_proba.bear': 0.5, 'thresholds.regime_proba.ranging': 0.4, 'thresholds.signal_adaptation.zones.low.entry_conf_overall': 0.21000000000000002, 'thresholds.signal_adaptation.zones.low.regime_proba': 0.35, 'thresholds.signal_adaptation.zones.mid.entry_conf_overall': 0.26, 'thresholds.signal_adaptation.zones.mid.regime_proba': 0.47, 'thresholds.signal_adaptation.zones.high.entry_conf_overall': 0.44, 'thresholds.signal_adaptation.zones.high.regime_proba': 0.5, 'exit.exit_conf_threshold': 0.4, 'exit.max_hold_bars': 22, 'exit.trailing_stop_pct': 0.016, 'multi_timeframe.ltf_override_threshold': 0.5, 'htf_fib.entry.tolerance_atr': 2.0, 'ltf_fib.entry.tolerance_atr': 2.25, 'htf_exit_config.partial_1_pct': 0.49, 'htf_exit_config.partial_2_pct': 0.35, 'htf_exit_config.fib_threshold_atr': 0.65, 'htf_exit_config.trail_atr_multiplier': 3.3}. Best is trial 12 with value: 1.2623464777026068.
[I 2026-01-17 03:54:46,717] Trial 1150 pruned. 
[I 2026-01-17 03:55:38,939] Trial 1151 finished with value: 1.2623464777026068 and parameters: {'thresholds.entry_conf_overall': 0.22, 'thresholds.regime_proba.balanced': 0.56, 'thresholds.regime_proba.bull': 0.46, 'thresholds.regime_proba.bear': 0.42000000000000004, 'thresholds.regime_proba.ranging': 0.5, 'thresholds.signal_adaptation.zones.low.entry_conf_overall': 0.21000000000000002, 'thresholds.signal_adaptation.zones.low.regime_proba': 0.32999999999999996, 'thresholds.signal_adaptation.zones.mid.entry_conf_overall': 0.28, 'thresholds.signal_adaptation.zones.mid.regime_proba': 0.48, 'thresholds.signal_adaptation.zones.high.entry_conf_overall': 0.42000000000000004, 'thresholds.signal_adaptation.zones.high.regime_proba': 0.5, 'exit.exit_conf_threshold': 0.42000000000000004, 'exit.max_hold_bars': 19, 'exit.trailing_stop_pct': 0.015, 'multi_timeframe.ltf_override_threshold': 0.44, 'htf_fib.entry.tolerance_atr': 2.5, 'ltf_fib.entry.tolerance_atr': 2.25, 'htf_exit_config.partial_1_pct': 0.55, 'htf_exit_config.partial_2_pct': 0.44999999999999996, 'htf_exit_config.fib_threshold_atr': 0.8, 'htf_exit_config.trail_atr_multiplier': 3.1}. Best is trial 12 with value: 1.2623464777026068.
[I 2026-01-17 03:56:12,148] Trial 1152 pruned. 
[I 2026-01-17 03:57:19,136] Trial 1153 pruned. 
[I 2026-01-17 03:57:52,986] Trial 1154 pruned. 
[I 2026-01-17 03:58:46,100] Trial 1155 finished with value: 1.0739050680152373 and parameters: {'thresholds.entry_conf_overall': 0.31, 'thresholds.regime_proba.balanced': 0.42000000000000004, 'thresholds.regime_proba.bull': 0.4, 'thresholds.regime_proba.bear': 0.5800000000000001, 'thresholds.regime_proba.ranging': 0.56, 'thresholds.signal_adaptation.zones.low.entry_conf_overall': 0.24000000000000002, 'thresholds.signal_adaptation.zones.low.regime_proba': 0.43, 'thresholds.signal_adaptation.zones.mid.entry_conf_overall': 0.26, 'thresholds.signal_adaptation.zones.mid.regime_proba': 0.42, 'thresholds.signal_adaptation.zones.high.entry_conf_overall': 0.37, 'thresholds.signal_adaptation.zones.high.regime_proba': 0.44, 'exit.exit_conf_threshold': 0.4, 'exit.max_hold_bars': 20, 'exit.trailing_stop_pct': 0.02, 'multi_timeframe.ltf_override_threshold': 0.5800000000000001, 'htf_fib.entry.tolerance_atr': 5.0, 'ltf_fib.entry.tolerance_atr': 1.0, 'htf_exit_config.partial_1_pct': 0.51, 'htf_exit_config.partial_2_pct': 0.44999999999999996, 'htf_exit_config.fib_threshold_atr': 0.95, 'htf_exit_config.trail_atr_multiplier': 3.6}. Best is trial 12 with value: 1.2623464777026068.
[I 2026-01-17 03:59:19,558] Trial 1156 pruned. 
[I 2026-01-17 04:00:11,826] Trial 1157 finished with value: 1.0739050680152373 and parameters: {'thresholds.entry_conf_overall': 0.32, 'thresholds.regime_proba.balanced': 0.42000000000000004, 'thresholds.regime_proba.bull': 0.44, 'thresholds.regime_proba.bear': 0.48000000000000004, 'thresholds.regime_proba.ranging': 0.5800000000000001, 'thresholds.signal_adaptation.zones.low.entry_conf_overall': 0.23, 'thresholds.signal_adaptation.zones.low.regime_proba': 0.41, 'thresholds.signal_adaptation.zones.mid.entry_conf_overall': 0.27, 'thresholds.signal_adaptation.zones.mid.regime_proba': 0.45999999999999996, 'thresholds.signal_adaptation.zones.high.entry_conf_overall': 0.44, 'thresholds.signal_adaptation.zones.high.regime_proba': 0.47, 'exit.exit_conf_threshold': 0.4, 'exit.max_hold_bars': 18, 'exit.trailing_stop_pct': 0.02, 'multi_timeframe.ltf_override_threshold': 0.6, 'htf_fib.entry.tolerance_atr': 4.0, 'ltf_fib.entry.tolerance_atr': 1.25, 'htf_exit_config.partial_1_pct': 0.45, 'htf_exit_config.partial_2_pct': 0.39999999999999997, 'htf_exit_config.fib_threshold_atr': 0.9, 'htf_exit_config.trail_atr_multiplier': 3.5}. Best is trial 12 with value: 1.2623464777026068.
[I 2026-01-17 04:01:04,338] Trial 1158 finished with value: 1.2623464777026068 and parameters: {'thresholds.entry_conf_overall': 0.3, 'thresholds.regime_proba.balanced': 0.44, 'thresholds.regime_proba.bull': 0.42000000000000004, 'thresholds.regime_proba.bear': 0.52, 'thresholds.regime_proba.ranging': 0.54, 'thresholds.signal_adaptation.zones.low.entry_conf_overall': 0.23, 'thresholds.signal_adaptation.zones.low.regime_proba': 0.41, 'thresholds.signal_adaptation.zones.mid.entry_conf_overall': 0.27, 'thresholds.signal_adaptation.zones.mid.regime_proba': 0.45999999999999996, 'thresholds.signal_adaptation.zones.high.entry_conf_overall': 0.42000000000000004, 'thresholds.signal_adaptation.zones.high.regime_proba': 0.45, 'exit.exit_conf_threshold': 0.42000000000000004, 'exit.max_hold_bars': 23, 'exit.trailing_stop_pct': 0.018000000000000002, 'multi_timeframe.ltf_override_threshold': 0.45999999999999996, 'htf_fib.entry.tolerance_atr': 4.5, 'ltf_fib.entry.tolerance_atr': 1.5, 'htf_exit_config.partial_1_pct': 0.49, 'htf_exit_config.partial_2_pct': 0.44999999999999996, 'htf_exit_config.fib_threshold_atr': 0.8, 'htf_exit_config.trail_atr_multiplier': 3.4000000000000004}. Best is trial 12 with value: 1.2623464777026068.
[I 2026-01-17 04:01:39,938] Trial 1159 pruned. 
