[I 2026-01-17 07:09:25,645] Trial 1411 finished with value: 1.2623464777026068 and parameters: {'thresholds.entry_conf_overall': 0.24, 'thresholds.regime_proba.balanced': 0.44, 'thresholds.regime_proba.bull': 0.5800000000000001, 'thresholds.regime_proba.bear': 0.6, 'thresholds.regime_proba.ranging': 0.52, 'thresholds.signal_adaptation.zones.low.entry_conf_overall': 0.25, 'thresholds.signal_adaptation.zones.low.regime_proba': 0.32999999999999996, 'thresholds.signal_adaptation.zones.mid.entry_conf_overall': 0.35, 'thresholds.signal_adaptation.zones.mid.regime_proba': 0.42, 'thresholds.signal_adaptation.zones.high.entry_conf_overall': 0.43, 'thresholds.signal_adaptation.zones.high.regime_proba': 0.45, 'exit.exit_conf_threshold': 0.42000000000000004, 'exit.max_hold_bars': 12, 'exit.trailing_stop_pct': 0.013000000000000001, 'multi_timeframe.ltf_override_threshold': 0.33999999999999997, 'htf_fib.entry.tolerance_atr': 5.0, 'ltf_fib.entry.tolerance_atr': 1.75, 'htf_exit_config.partial_1_pct': 0.69, 'htf_exit_config.partial_2_pct': 0.39999999999999997, 'htf_exit_config.fib_threshold_atr': 0.9, 'htf_exit_config.trail_atr_multiplier': 3.5}. Best is trial 12 with value: 1.2623464777026068.
[I 2026-01-17 07:10:06,554] Trial 1412 pruned. 
[I 2026-01-17 07:10:44,152] Trial 1413 pruned. 
[I 2026-01-17 07:11:21,266] Trial 1414 pruned. 
[I 2026-01-17 07:11:58,408] Trial 1415 pruned. 
[I 2026-01-17 07:12:35,439] Trial 1416 pruned. 
[I 2026-01-17 07:13:13,759] Trial 1417 pruned. 
[I 2026-01-17 07:13:51,059] Trial 1418 pruned. 
[I 2026-01-17 07:14:27,756] Trial 1419 pruned. 
[I 2026-01-17 07:15:22,521] Trial 1420 finished with value: 1.2623464777026068 and parameters: {'thresholds.entry_conf_overall': 0.32, 'thresholds.regime_proba.balanced': 0.42000000000000004, 'thresholds.regime_proba.bull': 0.44, 'thresholds.regime_proba.bear': 0.5800000000000001, 'thresholds.regime_proba.ranging': 0.54, 'thresholds.signal_adaptation.zones.low.entry_conf_overall': 0.27, 'thresholds.signal_adaptation.zones.low.regime_proba': 0.36, 'thresholds.signal_adaptation.zones.mid.entry_conf_overall': 0.33, 'thresholds.signal_adaptation.zones.mid.regime_proba': 0.45999999999999996, 'thresholds.signal_adaptation.zones.high.entry_conf_overall': 0.4, 'thresholds.signal_adaptation.zones.high.regime_proba': 0.5, 'exit.exit_conf_threshold': 0.42000000000000004, 'exit.max_hold_bars': 15, 'exit.trailing_stop_pct': 0.02, 'multi_timeframe.ltf_override_threshold': 0.5, 'htf_fib.entry.tolerance_atr': 4.5, 'ltf_fib.entry.tolerance_atr': 1.0, 'htf_exit_config.partial_1_pct': 0.51, 'htf_exit_config.partial_2_pct': 0.44999999999999996, 'htf_exit_config.fib_threshold_atr': 0.8, 'htf_exit_config.trail_atr_multiplier': 3.5}. Best is trial 12 with value: 1.2623464777026068.
[I 2026-01-17 07:16:16,932] Trial 1421 finished with value: 1.2623464777026068 and parameters: {'thresholds.entry_conf_overall': 0.31, 'thresholds.regime_proba.balanced': 0.54, 'thresholds.regime_proba.bull': 0.54, 'thresholds.regime_proba.bear': 0.4, 'thresholds.regime_proba.ranging': 0.4, 'thresholds.signal_adaptation.zones.low.entry_conf_overall': 0.24000000000000002, 'thresholds.signal_adaptation.zones.low.regime_proba': 0.44999999999999996, 'thresholds.signal_adaptation.zones.mid.entry_conf_overall': 0.26, 'thresholds.signal_adaptation.zones.mid.regime_proba': 0.44999999999999996, 'thresholds.signal_adaptation.zones.high.entry_conf_overall': 0.4, 'thresholds.signal_adaptation.zones.high.regime_proba': 0.49, 'exit.exit_conf_threshold': 0.42000000000000004, 'exit.max_hold_bars': 23, 'exit.trailing_stop_pct': 0.015, 'multi_timeframe.ltf_override_threshold': 0.44, 'htf_fib.entry.tolerance_atr': 2.5, 'ltf_fib.entry.tolerance_atr': 1.5, 'htf_exit_config.partial_1_pct': 0.49, 'htf_exit_config.partial_2_pct': 0.44999999999999996, 'htf_exit_config.fib_threshold_atr': 0.7, 'htf_exit_config.trail_atr_multiplier': 3.1}. Best is trial 12 with value: 1.2623464777026068.
[I 2026-01-17 07:16:54,357] Trial 1422 pruned. 
[I 2026-01-17 07:17:49,737] Trial 1423 finished with value: 1.2623464777026068 and parameters: {'thresholds.entry_conf_overall': 0.25, 'thresholds.regime_proba.balanced': 0.54, 'thresholds.regime_proba.bull': 0.56, 'thresholds.regime_proba.bear': 0.44, 'thresholds.regime_proba.ranging': 0.4, 'thresholds.signal_adaptation.zones.low.entry_conf_overall': 0.3, 'thresholds.signal_adaptation.zones.low.regime_proba': 0.44999999999999996, 'thresholds.signal_adaptation.zones.mid.entry_conf_overall': 0.27, 'thresholds.signal_adaptation.zones.mid.regime_proba': 0.47, 'thresholds.signal_adaptation.zones.high.entry_conf_overall': 0.38, 'thresholds.signal_adaptation.zones.high.regime_proba': 0.5, 'exit.exit_conf_threshold': 0.42000000000000004, 'exit.max_hold_bars': 23, 'exit.trailing_stop_pct': 0.014, 'multi_timeframe.ltf_override_threshold': 0.38, 'htf_fib.entry.tolerance_atr': 2.0, 'ltf_fib.entry.tolerance_atr': 1.25, 'htf_exit_config.partial_1_pct': 0.49, 'htf_exit_config.partial_2_pct': 0.5, 'htf_exit_config.fib_threshold_atr': 0.75, 'htf_exit_config.trail_atr_multiplier': 2.8}. Best is trial 12 with value: 1.2623464777026068.
[I 2026-01-17 07:18:50,398] Trial 1424 finished with value: 1.0739050680152373 and parameters: {'thresholds.entry_conf_overall': 0.32, 'thresholds.regime_proba.balanced': 0.46, 'thresholds.regime_proba.bull': 0.4, 'thresholds.regime_proba.bear': 0.5800000000000001, 'thresholds.regime_proba.ranging': 0.52, 'thresholds.signal_adaptation.zones.low.entry_conf_overall': 0.25, 'thresholds.signal_adaptation.zones.low.regime_proba': 0.36, 'thresholds.signal_adaptation.zones.mid.entry_conf_overall': 0.31, 'thresholds.signal_adaptation.zones.mid.regime_proba': 0.5, 'thresholds.signal_adaptation.zones.high.entry_conf_overall': 0.44, 'thresholds.signal_adaptation.zones.high.regime_proba': 0.47, 'exit.exit_conf_threshold': 0.4, 'exit.max_hold_bars': 18, 'exit.trailing_stop_pct': 0.02, 'multi_timeframe.ltf_override_threshold': 0.56, 'htf_fib.entry.tolerance_atr': 3.5, 'ltf_fib.entry.tolerance_atr': 0.75, 'htf_exit_config.partial_1_pct': 0.5700000000000001, 'htf_exit_config.partial_2_pct': 0.5, 'htf_exit_config.fib_threshold_atr': 0.75, 'htf_exit_config.trail_atr_multiplier': 3.6}. Best is trial 12 with value: 1.2623464777026068.
[I 2026-01-17 07:20:14,577] Trial 1425 finished with value: 1.0739050680152373 and parameters: {'thresholds.entry_conf_overall': 0.32, 'thresholds.regime_proba.balanced': 0.44, 'thresholds.regime_proba.bull': 0.42000000000000004, 'thresholds.regime_proba.bear': 0.5, 'thresholds.regime_proba.ranging': 0.56, 'thresholds.signal_adaptation.zones.low.entry_conf_overall': 0.25, 'thresholds.signal_adaptation.zones.low.regime_proba': 0.43, 'thresholds.signal_adaptation.zones.mid.entry_conf_overall': 0.26, 'thresholds.signal_adaptation.zones.mid.regime_proba': 0.44, 'thresholds.signal_adaptation.zones.high.entry_conf_overall': 0.4, 'thresholds.signal_adaptation.zones.high.regime_proba': 0.46, 'exit.exit_conf_threshold': 0.4, 'exit.max_hold_bars': 14, 'exit.trailing_stop_pct': 0.017, 'multi_timeframe.ltf_override_threshold': 0.54, 'htf_fib.entry.tolerance_atr': 5.5, 'ltf_fib.entry.tolerance_atr': 1.25, 'htf_exit_config.partial_1_pct': 0.61, 'htf_exit_config.partial_2_pct': 0.44999999999999996, 'htf_exit_config.fib_threshold_atr': 0.95, 'htf_exit_config.trail_atr_multiplier': 3.1}. Best is trial 12 with value: 1.2623464777026068.
[I 2026-01-17 07:21:31,815] Trial 1426 pruned. 
[I 2026-01-17 07:22:26,247] Trial 1427 finished with value: 1.0739050680152373 and parameters: {'thresholds.entry_conf_overall': 0.3, 'thresholds.regime_proba.balanced': 0.44, 'thresholds.regime_proba.bull': 0.44, 'thresholds.regime_proba.bear': 0.54, 'thresholds.regime_proba.ranging': 0.5, 'thresholds.signal_adaptation.zones.low.entry_conf_overall': 0.24000000000000002, 'thresholds.signal_adaptation.zones.low.regime_proba': 0.43, 'thresholds.signal_adaptation.zones.mid.entry_conf_overall': 0.26, 'thresholds.signal_adaptation.zones.mid.regime_proba': 0.44999999999999996, 'thresholds.signal_adaptation.zones.high.entry_conf_overall': 0.42000000000000004, 'thresholds.signal_adaptation.zones.high.regime_proba': 0.44, 'exit.exit_conf_threshold': 0.4, 'exit.max_hold_bars': 23, 'exit.trailing_stop_pct': 0.02, 'multi_timeframe.ltf_override_threshold': 0.5800000000000001, 'htf_fib.entry.tolerance_atr': 5.0, 'ltf_fib.entry.tolerance_atr': 1.25, 'htf_exit_config.partial_1_pct': 0.5700000000000001, 'htf_exit_config.partial_2_pct': 0.5, 'htf_exit_config.fib_threshold_atr': 1.0, 'htf_exit_config.trail_atr_multiplier': 3.1}. Best is trial 12 with value: 1.2623464777026068.
[I 2026-01-17 07:23:04,160] Trial 1428 pruned. 
[I 2026-01-17 07:23:42,395] Trial 1429 pruned. 
[I 2026-01-17 07:24:19,776] Trial 1430 pruned. 
[I 2026-01-17 07:25:14,656] Trial 1431 finished with value: 1.0739050680152373 and parameters: {'thresholds.entry_conf_overall': 0.22, 'thresholds.regime_proba.balanced': 0.5, 'thresholds.regime_proba.bull': 0.5, 'thresholds.regime_proba.bear': 0.44, 'thresholds.regime_proba.ranging': 0.48000000000000004, 'thresholds.signal_adaptation.zones.low.entry_conf_overall': 0.22, 'thresholds.signal_adaptation.zones.low.regime_proba': 0.31, 'thresholds.signal_adaptation.zones.mid.entry_conf_overall': 0.27, 'thresholds.signal_adaptation.zones.mid.regime_proba': 0.45999999999999996, 'thresholds.signal_adaptation.zones.high.entry_conf_overall': 0.41000000000000003, 'thresholds.signal_adaptation.zones.high.regime_proba': 0.5, 'exit.exit_conf_threshold': 0.4, 'exit.max_hold_bars': 21, 'exit.trailing_stop_pct': 0.015, 'multi_timeframe.ltf_override_threshold': 0.4, 'htf_fib.entry.tolerance_atr': 3.5, 'ltf_fib.entry.tolerance_atr': 2.0, 'htf_exit_config.partial_1_pct': 0.53, 'htf_exit_config.partial_2_pct': 0.35, 'htf_exit_config.fib_threshold_atr': 0.75, 'htf_exit_config.trail_atr_multiplier': 2.7}. Best is trial 12 with value: 1.2623464777026068.
[I 2026-01-17 07:25:53,112] Trial 1432 pruned. 
[I 2026-01-17 07:26:48,382] Trial 1433 finished with value: 1.0739050680152373 and parameters: {'thresholds.entry_conf_overall': 0.29, 'thresholds.regime_proba.balanced': 0.42000000000000004, 'thresholds.regime_proba.bull': 0.44, 'thresholds.regime_proba.bear': 0.52, 'thresholds.regime_proba.ranging': 0.48000000000000004, 'thresholds.signal_adaptation.zones.low.entry_conf_overall': 0.26, 'thresholds.signal_adaptation.zones.low.regime_proba': 0.43, 'thresholds.signal_adaptation.zones.mid.entry_conf_overall': 0.26, 'thresholds.signal_adaptation.zones.mid.regime_proba': 0.47, 'thresholds.signal_adaptation.zones.high.entry_conf_overall': 0.39, 'thresholds.signal_adaptation.zones.high.regime_proba': 0.46, 'exit.exit_conf_threshold': 0.4, 'exit.max_hold_bars': 19, 'exit.trailing_stop_pct': 0.019000000000000003, 'multi_timeframe.ltf_override_threshold': 0.56, 'htf_fib.entry.tolerance_atr': 6.0, 'ltf_fib.entry.tolerance_atr': 1.5, 'htf_exit_config.partial_1_pct': 0.5900000000000001, 'htf_exit_config.partial_2_pct': 0.35, 'htf_exit_config.fib_threshold_atr': 0.9, 'htf_exit_config.trail_atr_multiplier': 3.4000000000000004}. Best is trial 12 with value: 1.2623464777026068.
[I 2026-01-17 07:27:25,885] Trial 1434 pruned. 
[I 2026-01-17 07:28:37,893] Trial 1435 pruned. 
[I 2026-01-17 07:29:16,539] Trial 1436 pruned. 
[I 2026-01-17 07:30:11,935] Trial 1437 finished with value: 1.2623464777026068 and parameters: {'thresholds.entry_conf_overall': 0.29, 'thresholds.regime_proba.balanced': 0.4, 'thresholds.regime_proba.bull': 0.44, 'thresholds.regime_proba.bear': 0.6, 'thresholds.regime_proba.ranging': 0.5, 'thresholds.signal_adaptation.zones.low.entry_conf_overall': 0.25, 'thresholds.signal_adaptation.zones.low.regime_proba': 0.4, 'thresholds.signal_adaptation.zones.mid.entry_conf_overall': 0.34, 'thresholds.signal_adaptation.zones.mid.regime_proba': 0.44999999999999996, 'thresholds.signal_adaptation.zones.high.entry_conf_overall': 0.44, 'thresholds.signal_adaptation.zones.high.regime_proba': 0.5, 'exit.exit_conf_threshold': 0.42000000000000004, 'exit.max_hold_bars': 19, 'exit.trailing_stop_pct': 0.019000000000000003, 'multi_timeframe.ltf_override_threshold': 0.52, 'htf_fib.entry.tolerance_atr': 3.0, 'ltf_fib.entry.tolerance_atr': 1.0, 'htf_exit_config.partial_1_pct': 0.61, 'htf_exit_config.partial_2_pct': 0.5, 'htf_exit_config.fib_threshold_atr': 0.65, 'htf_exit_config.trail_atr_multiplier': 3.5}. Best is trial 12 with value: 1.2623464777026068.
[I 2026-01-17 07:30:50,300] Trial 1438 pruned. 
[I 2026-01-17 07:32:01,291] Trial 1439 pruned. 
[I 2026-01-17 07:32:56,893] Trial 1440 finished with value: 1.0739050680152373 and parameters: {'thresholds.entry_conf_overall': 0.31, 'thresholds.regime_proba.balanced': 0.56, 'thresholds.regime_proba.bull': 0.54, 'thresholds.regime_proba.bear': 0.42000000000000004, 'thresholds.regime_proba.ranging': 0.42000000000000004, 'thresholds.signal_adaptation.zones.low.entry_conf_overall': 0.25, 'thresholds.signal_adaptation.zones.low.regime_proba': 0.44999999999999996, 'thresholds.signal_adaptation.zones.mid.entry_conf_overall': 0.26, 'thresholds.signal_adaptation.zones.mid.regime_proba': 0.45999999999999996, 'thresholds.signal_adaptation.zones.high.entry_conf_overall': 0.38, 'thresholds.signal_adaptation.zones.high.regime_proba': 0.46, 'exit.exit_conf_threshold': 0.4, 'exit.max_hold_bars': 18, 'exit.trailing_stop_pct': 0.015, 'multi_timeframe.ltf_override_threshold': 0.44, 'htf_fib.entry.tolerance_atr': 2.0, 'ltf_fib.entry.tolerance_atr': 1.75, 'htf_exit_config.partial_1_pct': 0.5900000000000001, 'htf_exit_config.partial_2_pct': 0.35, 'htf_exit_config.fib_threshold_atr': 0.6, 'htf_exit_config.trail_atr_multiplier': 2.9000000000000004}. Best is trial 12 with value: 1.2623464777026068.
[I 2026-01-17 07:33:51,942] Trial 1441 finished with value: 1.0739050680152373 and parameters: {'thresholds.entry_conf_overall': 0.24, 'thresholds.regime_proba.balanced': 0.5800000000000001, 'thresholds.regime_proba.bull': 0.42000000000000004, 'thresholds.regime_proba.bear': 0.4, 'thresholds.regime_proba.ranging': 0.6, 'thresholds.signal_adaptation.zones.low.entry_conf_overall': 0.28, 'thresholds.signal_adaptation.zones.low.regime_proba': 0.38, 'thresholds.signal_adaptation.zones.mid.entry_conf_overall': 0.33, 'thresholds.signal_adaptation.zones.mid.regime_proba': 0.42, 'thresholds.signal_adaptation.zones.high.entry_conf_overall': 0.38, 'thresholds.signal_adaptation.zones.high.regime_proba': 0.45, 'exit.exit_conf_threshold': 0.4, 'exit.max_hold_bars': 18, 'exit.trailing_stop_pct': 0.01, 'multi_timeframe.ltf_override_threshold': 0.54, 'htf_fib.entry.tolerance_atr': 5.0, 'ltf_fib.entry.tolerance_atr': 1.0, 'htf_exit_config.partial_1_pct': 0.69, 'htf_exit_config.partial_2_pct': 0.44999999999999996, 'htf_exit_config.fib_threshold_atr': 0.6, 'htf_exit_config.trail_atr_multiplier': 3.1}. Best is trial 12 with value: 1.2623464777026068.
[I 2026-01-17 07:34:29,195] Trial 1442 pruned. 
[I 2026-01-17 07:35:07,561] Trial 1443 pruned. 
[I 2026-01-17 07:35:45,173] Trial 1444 pruned. 
[I 2026-01-17 07:36:22,458] Trial 1445 pruned. 
[I 2026-01-17 07:37:34,544] Trial 1446 pruned. 
[I 2026-01-17 07:38:45,750] Trial 1447 pruned. 
[I 2026-01-17 07:39:22,945] Trial 1448 pruned. 
[I 2026-01-17 07:40:34,795] Trial 1449 pruned. 
[I 2026-01-17 07:41:37,145] Trial 1450 pruned. 
[I 2026-01-17 07:42:15,879] Trial 1451 pruned. 
[I 2026-01-17 07:42:55,842] Trial 1452 pruned. 
[I 2026-01-17 07:43:34,187] Trial 1453 pruned. 
[I 2026-01-17 07:44:11,800] Trial 1454 pruned. 
[I 2026-01-17 07:45:06,463] Trial 1455 finished with value: 1.2623464777026068 and parameters: {'thresholds.entry_conf_overall': 0.28, 'thresholds.regime_proba.balanced': 0.48000000000000004, 'thresholds.regime_proba.bull': 0.48000000000000004, 'thresholds.regime_proba.bear': 0.52, 'thresholds.regime_proba.ranging': 0.4, 'thresholds.signal_adaptation.zones.low.entry_conf_overall': 0.21000000000000002, 'thresholds.signal_adaptation.zones.low.regime_proba': 0.4, 'thresholds.signal_adaptation.zones.mid.entry_conf_overall': 0.27, 'thresholds.signal_adaptation.zones.mid.regime_proba': 0.42, 'thresholds.signal_adaptation.zones.high.entry_conf_overall': 0.44, 'thresholds.signal_adaptation.zones.high.regime_proba': 0.46, 'exit.exit_conf_threshold': 0.42000000000000004, 'exit.max_hold_bars': 19, 'exit.trailing_stop_pct': 0.01, 'multi_timeframe.ltf_override_threshold': 0.4, 'htf_fib.entry.tolerance_atr': 2.0, 'ltf_fib.entry.tolerance_atr': 1.75, 'htf_exit_config.partial_1_pct': 0.51, 'htf_exit_config.partial_2_pct': 0.35, 'htf_exit_config.fib_threshold_atr': 0.6, 'htf_exit_config.trail_atr_multiplier': 3.4000000000000004}. Best is trial 12 with value: 1.2623464777026068.
[I 2026-01-17 07:45:44,673] Trial 1456 pruned. 
[I 2026-01-17 07:46:39,709] Trial 1457 finished with value: 1.0739050680152373 and parameters: {'thresholds.entry_conf_overall': 0.22999999999999998, 'thresholds.regime_proba.balanced': 0.52, 'thresholds.regime_proba.bull': 0.56, 'thresholds.regime_proba.bear': 0.4, 'thresholds.regime_proba.ranging': 0.46, 'thresholds.signal_adaptation.zones.low.entry_conf_overall': 0.26, 'thresholds.signal_adaptation.zones.low.regime_proba': 0.42, 'thresholds.signal_adaptation.zones.mid.entry_conf_overall': 0.33, 'thresholds.signal_adaptation.zones.mid.regime_proba': 0.47, 'thresholds.signal_adaptation.zones.high.entry_conf_overall': 0.37, 'thresholds.signal_adaptation.zones.high.regime_proba': 0.46, 'exit.exit_conf_threshold': 0.4, 'exit.max_hold_bars': 14, 'exit.trailing_stop_pct': 0.016, 'multi_timeframe.ltf_override_threshold': 0.33999999999999997, 'htf_fib.entry.tolerance_atr': 6.0, 'ltf_fib.entry.tolerance_atr': 2.5, 'htf_exit_config.partial_1_pct': 0.69, 'htf_exit_config.partial_2_pct': 0.55, 'htf_exit_config.fib_threshold_atr': 1.0, 'htf_exit_config.trail_atr_multiplier': 2.8}. Best is trial 12 with value: 1.2623464777026068.
[I 2026-01-17 07:47:34,594] Trial 1458 finished with value: 1.2623464777026068 and parameters: {'thresholds.entry_conf_overall': 0.26, 'thresholds.regime_proba.balanced': 0.48000000000000004, 'thresholds.regime_proba.bull': 0.52, 'thresholds.regime_proba.bear': 0.4, 'thresholds.regime_proba.ranging': 0.4, 'thresholds.signal_adaptation.zones.low.entry_conf_overall': 0.21000000000000002, 'thresholds.signal_adaptation.zones.low.regime_proba': 0.32, 'thresholds.signal_adaptation.zones.mid.entry_conf_overall': 0.31, 'thresholds.signal_adaptation.zones.mid.regime_proba': 0.41, 'thresholds.signal_adaptation.zones.high.entry_conf_overall': 0.44, 'thresholds.signal_adaptation.zones.high.regime_proba': 0.48, 'exit.exit_conf_threshold': 0.42000000000000004, 'exit.max_hold_bars': 15, 'exit.trailing_stop_pct': 0.02, 'multi_timeframe.ltf_override_threshold': 0.56, 'htf_fib.entry.tolerance_atr': 2.0, 'ltf_fib.entry.tolerance_atr': 1.75, 'htf_exit_config.partial_1_pct': 0.65, 'htf_exit_config.partial_2_pct': 0.39999999999999997, 'htf_exit_config.fib_threshold_atr': 0.75, 'htf_exit_config.trail_atr_multiplier': 2.5}. Best is trial 12 with value: 1.2623464777026068.
[I 2026-01-17 07:48:29,364] Trial 1459 finished with value: 1.2623464777026068 and parameters: {'thresholds.entry_conf_overall': 0.22999999999999998, 'thresholds.regime_proba.balanced': 0.52, 'thresholds.regime_proba.bull': 0.44, 'thresholds.regime_proba.bear': 0.4, 'thresholds.regime_proba.ranging': 0.4, 'thresholds.signal_adaptation.zones.low.entry_conf_overall': 0.22, 'thresholds.signal_adaptation.zones.low.regime_proba': 0.35, 'thresholds.signal_adaptation.zones.mid.entry_conf_overall': 0.34, 'thresholds.signal_adaptation.zones.mid.regime_proba': 0.41, 'thresholds.signal_adaptation.zones.high.entry_conf_overall': 0.4, 'thresholds.signal_adaptation.zones.high.regime_proba': 0.49, 'exit.exit_conf_threshold': 0.42000000000000004, 'exit.max_hold_bars': 24, 'exit.trailing_stop_pct': 0.01, 'multi_timeframe.ltf_override_threshold': 0.54, 'htf_fib.entry.tolerance_atr': 4.0, 'ltf_fib.entry.tolerance_atr': 2.5, 'htf_exit_config.partial_1_pct': 0.55, 'htf_exit_config.partial_2_pct': 0.35, 'htf_exit_config.fib_threshold_atr': 0.75, 'htf_exit_config.trail_atr_multiplier': 3.1}. Best is trial 12 with value: 1.2623464777026068.
[I 2026-01-17 07:49:07,931] Trial 1460 pruned. 
[I 2026-01-17 07:50:02,888] Trial 1461 finished with value: 1.2623464777026068 and parameters: {'thresholds.entry_conf_overall': 0.31, 'thresholds.regime_proba.balanced': 0.48000000000000004, 'thresholds.regime_proba.bull': 0.44, 'thresholds.regime_proba.bear': 0.52, 'thresholds.regime_proba.ranging': 0.6, 'thresholds.signal_adaptation.zones.low.entry_conf_overall': 0.25, 'thresholds.signal_adaptation.zones.low.regime_proba': 0.38, 'thresholds.signal_adaptation.zones.mid.entry_conf_overall': 0.27, 'thresholds.signal_adaptation.zones.mid.regime_proba': 0.48, 'thresholds.signal_adaptation.zones.high.entry_conf_overall': 0.44, 'thresholds.signal_adaptation.zones.high.regime_proba': 0.5, 'exit.exit_conf_threshold': 0.42000000000000004, 'exit.max_hold_bars': 19, 'exit.trailing_stop_pct': 0.016, 'multi_timeframe.ltf_override_threshold': 0.54, 'htf_fib.entry.tolerance_atr': 4.5, 'ltf_fib.entry.tolerance_atr': 0.75, 'htf_exit_config.partial_1_pct': 0.49, 'htf_exit_config.partial_2_pct': 0.6, 'htf_exit_config.fib_threshold_atr': 1.15, 'htf_exit_config.trail_atr_multiplier': 3.3}. Best is trial 12 with value: 1.2623464777026068.
[I 2026-01-17 07:50:41,423] Trial 1462 pruned. 
[I 2026-01-17 07:51:19,676] Trial 1463 pruned. 
[I 2026-01-17 07:51:58,320] Trial 1464 pruned. 
[I 2026-01-17 07:52:36,651] Trial 1465 pruned. 
