[I 2026-01-16 18:06:15,184] Trial 220 finished with value: 1.0739050680152373 and parameters: {'thresholds.entry_conf_overall': 0.32, 'thresholds.regime_proba.balanced': 0.44, 'thresholds.regime_proba.bull': 0.44, 'thresholds.regime_proba.bear': 0.42000000000000004, 'thresholds.regime_proba.ranging': 0.4, 'thresholds.signal_adaptation.zones.low.entry_conf_overall': 0.22, 'thresholds.signal_adaptation.zones.low.regime_proba': 0.32999999999999996, 'thresholds.signal_adaptation.zones.mid.entry_conf_overall': 0.36, 'thresholds.signal_adaptation.zones.mid.regime_proba': 0.38, 'thresholds.signal_adaptation.zones.high.entry_conf_overall': 0.41000000000000003, 'thresholds.signal_adaptation.zones.high.regime_proba': 0.46, 'exit.exit_conf_threshold': 0.4, 'exit.max_hold_bars': 20, 'exit.trailing_stop_pct': 0.018000000000000002, 'multi_timeframe.ltf_override_threshold': 0.56, 'htf_fib.entry.tolerance_atr': 3.5, 'ltf_fib.entry.tolerance_atr': 1.5, 'htf_exit_config.partial_1_pct': 0.65, 'htf_exit_config.partial_2_pct': 0.5, 'htf_exit_config.fib_threshold_atr': 0.65, 'htf_exit_config.trail_atr_multiplier': 2.0}. Best is trial 12 with value: 1.2623464777026068.
[I 2026-01-16 18:06:32,407] Trial 221 pruned. 
[I 2026-01-16 18:06:48,067] Trial 222 pruned. 
[I 2026-01-16 18:07:29,753] Trial 223 finished with value: 1.2623464777026068 and parameters: {'thresholds.entry_conf_overall': 0.29, 'thresholds.regime_proba.balanced': 0.56, 'thresholds.regime_proba.bull': 0.52, 'thresholds.regime_proba.bear': 0.42000000000000004, 'thresholds.regime_proba.ranging': 0.4, 'thresholds.signal_adaptation.zones.low.entry_conf_overall': 0.27, 'thresholds.signal_adaptation.zones.low.regime_proba': 0.44999999999999996, 'thresholds.signal_adaptation.zones.mid.entry_conf_overall': 0.26, 'thresholds.signal_adaptation.zones.mid.regime_proba': 0.44999999999999996, 'thresholds.signal_adaptation.zones.high.entry_conf_overall': 0.39, 'thresholds.signal_adaptation.zones.high.regime_proba': 0.49, 'exit.exit_conf_threshold': 0.42000000000000004, 'exit.max_hold_bars': 11, 'exit.trailing_stop_pct': 0.012, 'multi_timeframe.ltf_override_threshold': 0.5, 'htf_fib.entry.tolerance_atr': 2.0, 'ltf_fib.entry.tolerance_atr': 1.25, 'htf_exit_config.partial_1_pct': 0.55, 'htf_exit_config.partial_2_pct': 0.55, 'htf_exit_config.fib_threshold_atr': 0.65, 'htf_exit_config.trail_atr_multiplier': 3.2}. Best is trial 12 with value: 1.2623464777026068.
[I 2026-01-16 18:07:45,599] Trial 224 pruned. 
[I 2026-01-16 18:08:08,540] Trial 225 pruned. 
[I 2026-01-16 18:08:50,374] Trial 226 finished with value: 1.0739050680152373 and parameters: {'thresholds.entry_conf_overall': 0.27, 'thresholds.regime_proba.balanced': 0.56, 'thresholds.regime_proba.bull': 0.56, 'thresholds.regime_proba.bear': 0.42000000000000004, 'thresholds.regime_proba.ranging': 0.42000000000000004, 'thresholds.signal_adaptation.zones.low.entry_conf_overall': 0.27, 'thresholds.signal_adaptation.zones.low.regime_proba': 0.42, 'thresholds.signal_adaptation.zones.mid.entry_conf_overall': 0.33, 'thresholds.signal_adaptation.zones.mid.regime_proba': 0.48, 'thresholds.signal_adaptation.zones.high.entry_conf_overall': 0.35, 'thresholds.signal_adaptation.zones.high.regime_proba': 0.49, 'exit.exit_conf_threshold': 0.4, 'exit.max_hold_bars': 14, 'exit.trailing_stop_pct': 0.016, 'multi_timeframe.ltf_override_threshold': 0.48, 'htf_fib.entry.tolerance_atr': 2.5, 'ltf_fib.entry.tolerance_atr': 1.25, 'htf_exit_config.partial_1_pct': 0.51, 'htf_exit_config.partial_2_pct': 0.44999999999999996, 'htf_exit_config.fib_threshold_atr': 0.6, 'htf_exit_config.trail_atr_multiplier': 3.1}. Best is trial 12 with value: 1.2623464777026068.
[I 2026-01-16 18:09:32,491] Trial 227 finished with value: 1.0739050680152373 and parameters: {'thresholds.entry_conf_overall': 0.25, 'thresholds.regime_proba.balanced': 0.44, 'thresholds.regime_proba.bull': 0.42000000000000004, 'thresholds.regime_proba.bear': 0.56, 'thresholds.regime_proba.ranging': 0.6, 'thresholds.signal_adaptation.zones.low.entry_conf_overall': 0.21000000000000002, 'thresholds.signal_adaptation.zones.low.regime_proba': 0.42, 'thresholds.signal_adaptation.zones.mid.entry_conf_overall': 0.27, 'thresholds.signal_adaptation.zones.mid.regime_proba': 0.44999999999999996, 'thresholds.signal_adaptation.zones.high.entry_conf_overall': 0.43, 'thresholds.signal_adaptation.zones.high.regime_proba': 0.48, 'exit.exit_conf_threshold': 0.4, 'exit.max_hold_bars': 16, 'exit.trailing_stop_pct': 0.019000000000000003, 'multi_timeframe.ltf_override_threshold': 0.6, 'htf_fib.entry.tolerance_atr': 6.0, 'ltf_fib.entry.tolerance_atr': 1.5, 'htf_exit_config.partial_1_pct': 0.47000000000000003, 'htf_exit_config.partial_2_pct': 0.55, 'htf_exit_config.fib_threshold_atr': 0.9, 'htf_exit_config.trail_atr_multiplier': 3.1}. Best is trial 12 with value: 1.2623464777026068.
[I 2026-01-16 18:10:13,443] Trial 228 finished with value: 1.2623464777026068 and parameters: {'thresholds.entry_conf_overall': 0.28, 'thresholds.regime_proba.balanced': 0.52, 'thresholds.regime_proba.bull': 0.54, 'thresholds.regime_proba.bear': 0.42000000000000004, 'thresholds.regime_proba.ranging': 0.42000000000000004, 'thresholds.signal_adaptation.zones.low.entry_conf_overall': 0.3, 'thresholds.signal_adaptation.zones.low.regime_proba': 0.44, 'thresholds.signal_adaptation.zones.mid.entry_conf_overall': 0.26, 'thresholds.signal_adaptation.zones.mid.regime_proba': 0.48, 'thresholds.signal_adaptation.zones.high.entry_conf_overall': 0.34, 'thresholds.signal_adaptation.zones.high.regime_proba': 0.49, 'exit.exit_conf_threshold': 0.42000000000000004, 'exit.max_hold_bars': 16, 'exit.trailing_stop_pct': 0.016, 'multi_timeframe.ltf_override_threshold': 0.42, 'htf_fib.entry.tolerance_atr': 3.0, 'ltf_fib.entry.tolerance_atr': 1.25, 'htf_exit_config.partial_1_pct': 0.53, 'htf_exit_config.partial_2_pct': 0.39999999999999997, 'htf_exit_config.fib_threshold_atr': 0.65, 'htf_exit_config.trail_atr_multiplier': 2.6}. Best is trial 12 with value: 1.2623464777026068.
[I 2026-01-16 18:10:55,491] Trial 229 finished with value: 1.2623464777026068 and parameters: {'thresholds.entry_conf_overall': 0.26, 'thresholds.regime_proba.balanced': 0.4, 'thresholds.regime_proba.bull': 0.42000000000000004, 'thresholds.regime_proba.bear': 0.5800000000000001, 'thresholds.regime_proba.ranging': 0.56, 'thresholds.signal_adaptation.zones.low.entry_conf_overall': 0.25, 'thresholds.signal_adaptation.zones.low.regime_proba': 0.38, 'thresholds.signal_adaptation.zones.mid.entry_conf_overall': 0.28, 'thresholds.signal_adaptation.zones.mid.regime_proba': 0.42, 'thresholds.signal_adaptation.zones.high.entry_conf_overall': 0.4, 'thresholds.signal_adaptation.zones.high.regime_proba': 0.47, 'exit.exit_conf_threshold': 0.42000000000000004, 'exit.max_hold_bars': 19, 'exit.trailing_stop_pct': 0.018000000000000002, 'multi_timeframe.ltf_override_threshold': 0.6, 'htf_fib.entry.tolerance_atr': 6.0, 'ltf_fib.entry.tolerance_atr': 1.0, 'htf_exit_config.partial_1_pct': 0.51, 'htf_exit_config.partial_2_pct': 0.55, 'htf_exit_config.fib_threshold_atr': 0.9, 'htf_exit_config.trail_atr_multiplier': 3.4000000000000004}. Best is trial 12 with value: 1.2623464777026068.
[I 2026-01-16 18:11:14,884] Trial 230 pruned. 
[I 2026-01-16 18:11:31,273] Trial 231 pruned. 
[I 2026-01-16 18:11:47,184] Trial 232 pruned. 
[I 2026-01-16 18:12:29,033] Trial 233 finished with value: 1.2623464777026068 and parameters: {'thresholds.entry_conf_overall': 0.31, 'thresholds.regime_proba.balanced': 0.48000000000000004, 'thresholds.regime_proba.bull': 0.52, 'thresholds.regime_proba.bear': 0.5, 'thresholds.regime_proba.ranging': 0.46, 'thresholds.signal_adaptation.zones.low.entry_conf_overall': 0.21000000000000002, 'thresholds.signal_adaptation.zones.low.regime_proba': 0.44999999999999996, 'thresholds.signal_adaptation.zones.mid.entry_conf_overall': 0.29000000000000004, 'thresholds.signal_adaptation.zones.mid.regime_proba': 0.38, 'thresholds.signal_adaptation.zones.high.entry_conf_overall': 0.42000000000000004, 'thresholds.signal_adaptation.zones.high.regime_proba': 0.49, 'exit.exit_conf_threshold': 0.42000000000000004, 'exit.max_hold_bars': 20, 'exit.trailing_stop_pct': 0.011, 'multi_timeframe.ltf_override_threshold': 0.42, 'htf_fib.entry.tolerance_atr': 2.0, 'ltf_fib.entry.tolerance_atr': 2.25, 'htf_exit_config.partial_1_pct': 0.55, 'htf_exit_config.partial_2_pct': 0.35, 'htf_exit_config.fib_threshold_atr': 0.8, 'htf_exit_config.trail_atr_multiplier': 3.5}. Best is trial 12 with value: 1.2623464777026068.
[I 2026-01-16 18:13:10,587] Trial 234 finished with value: 1.0739050680152373 and parameters: {'thresholds.entry_conf_overall': 0.28, 'thresholds.regime_proba.balanced': 0.46, 'thresholds.regime_proba.bull': 0.42000000000000004, 'thresholds.regime_proba.bear': 0.42000000000000004, 'thresholds.regime_proba.ranging': 0.4, 'thresholds.signal_adaptation.zones.low.entry_conf_overall': 0.21000000000000002, 'thresholds.signal_adaptation.zones.low.regime_proba': 0.44999999999999996, 'thresholds.signal_adaptation.zones.mid.entry_conf_overall': 0.26, 'thresholds.signal_adaptation.zones.mid.regime_proba': 0.42, 'thresholds.signal_adaptation.zones.high.entry_conf_overall': 0.41000000000000003, 'thresholds.signal_adaptation.zones.high.regime_proba': 0.48, 'exit.exit_conf_threshold': 0.4, 'exit.max_hold_bars': 21, 'exit.trailing_stop_pct': 0.01, 'multi_timeframe.ltf_override_threshold': 0.52, 'htf_fib.entry.tolerance_atr': 2.0, 'ltf_fib.entry.tolerance_atr': 2.5, 'htf_exit_config.partial_1_pct': 0.53, 'htf_exit_config.partial_2_pct': 0.35, 'htf_exit_config.fib_threshold_atr': 0.7, 'htf_exit_config.trail_atr_multiplier': 3.5}. Best is trial 12 with value: 1.2623464777026068.
[I 2026-01-16 18:13:52,902] Trial 235 finished with value: 1.0739050680152373 and parameters: {'thresholds.entry_conf_overall': 0.27, 'thresholds.regime_proba.balanced': 0.48000000000000004, 'thresholds.regime_proba.bull': 0.42000000000000004, 'thresholds.regime_proba.bear': 0.44, 'thresholds.regime_proba.ranging': 0.42000000000000004, 'thresholds.signal_adaptation.zones.low.entry_conf_overall': 0.24000000000000002, 'thresholds.signal_adaptation.zones.low.regime_proba': 0.3, 'thresholds.signal_adaptation.zones.mid.entry_conf_overall': 0.35, 'thresholds.signal_adaptation.zones.mid.regime_proba': 0.45999999999999996, 'thresholds.signal_adaptation.zones.high.entry_conf_overall': 0.43, 'thresholds.signal_adaptation.zones.high.regime_proba': 0.45, 'exit.exit_conf_threshold': 0.4, 'exit.max_hold_bars': 15, 'exit.trailing_stop_pct': 0.019000000000000003, 'multi_timeframe.ltf_override_threshold': 0.54, 'htf_fib.entry.tolerance_atr': 2.5, 'ltf_fib.entry.tolerance_atr': 1.25, 'htf_exit_config.partial_1_pct': 0.55, 'htf_exit_config.partial_2_pct': 0.55, 'htf_exit_config.fib_threshold_atr': 0.65, 'htf_exit_config.trail_atr_multiplier': 2.4000000000000004}. Best is trial 12 with value: 1.2623464777026068.
[I 2026-01-16 18:14:41,006] Trial 236 pruned. 
[I 2026-01-16 18:14:57,048] Trial 237 pruned. 
[I 2026-01-16 18:15:39,026] Trial 238 finished with value: 1.2623464777026068 and parameters: {'thresholds.entry_conf_overall': 0.32, 'thresholds.regime_proba.balanced': 0.5800000000000001, 'thresholds.regime_proba.bull': 0.46, 'thresholds.regime_proba.bear': 0.42000000000000004, 'thresholds.regime_proba.ranging': 0.52, 'thresholds.signal_adaptation.zones.low.entry_conf_overall': 0.26, 'thresholds.signal_adaptation.zones.low.regime_proba': 0.37, 'thresholds.signal_adaptation.zones.mid.entry_conf_overall': 0.27, 'thresholds.signal_adaptation.zones.mid.regime_proba': 0.44999999999999996, 'thresholds.signal_adaptation.zones.high.entry_conf_overall': 0.38, 'thresholds.signal_adaptation.zones.high.regime_proba': 0.44, 'exit.exit_conf_threshold': 0.42000000000000004, 'exit.max_hold_bars': 23, 'exit.trailing_stop_pct': 0.013000000000000001, 'multi_timeframe.ltf_override_threshold': 0.4, 'htf_fib.entry.tolerance_atr': 2.5, 'ltf_fib.entry.tolerance_atr': 1.75, 'htf_exit_config.partial_1_pct': 0.55, 'htf_exit_config.partial_2_pct': 0.39999999999999997, 'htf_exit_config.fib_threshold_atr': 0.95, 'htf_exit_config.trail_atr_multiplier': 2.8}. Best is trial 12 with value: 1.2623464777026068.
[I 2026-01-16 18:15:58,610] Trial 239 pruned. 
[I 2026-01-16 18:16:14,742] Trial 240 pruned. 
[I 2026-01-16 18:17:03,338] Trial 241 pruned. 
[I 2026-01-16 18:17:45,507] Trial 242 finished with value: 1.0739050680152373 and parameters: {'thresholds.entry_conf_overall': 0.24, 'thresholds.regime_proba.balanced': 0.56, 'thresholds.regime_proba.bull': 0.54, 'thresholds.regime_proba.bear': 0.5, 'thresholds.regime_proba.ranging': 0.46, 'thresholds.signal_adaptation.zones.low.entry_conf_overall': 0.23, 'thresholds.signal_adaptation.zones.low.regime_proba': 0.37, 'thresholds.signal_adaptation.zones.mid.entry_conf_overall': 0.26, 'thresholds.signal_adaptation.zones.mid.regime_proba': 0.42, 'thresholds.signal_adaptation.zones.high.entry_conf_overall': 0.36, 'thresholds.signal_adaptation.zones.high.regime_proba': 0.5, 'exit.exit_conf_threshold': 0.4, 'exit.max_hold_bars': 23, 'exit.trailing_stop_pct': 0.012, 'multi_timeframe.ltf_override_threshold': 0.36, 'htf_fib.entry.tolerance_atr': 2.5, 'ltf_fib.entry.tolerance_atr': 1.5, 'htf_exit_config.partial_1_pct': 0.5900000000000001, 'htf_exit_config.partial_2_pct': 0.5, 'htf_exit_config.fib_threshold_atr': 0.6, 'htf_exit_config.trail_atr_multiplier': 2.6}. Best is trial 12 with value: 1.2623464777026068.
[I 2026-01-16 18:18:01,368] Trial 243 pruned. 
[I 2026-01-16 18:18:17,073] Trial 244 pruned. 
[I 2026-01-16 18:18:59,076] Trial 245 finished with value: 1.0739050680152373 and parameters: {'thresholds.entry_conf_overall': 0.29, 'thresholds.regime_proba.balanced': 0.48000000000000004, 'thresholds.regime_proba.bull': 0.5, 'thresholds.regime_proba.bear': 0.46, 'thresholds.regime_proba.ranging': 0.42000000000000004, 'thresholds.signal_adaptation.zones.low.entry_conf_overall': 0.2, 'thresholds.signal_adaptation.zones.low.regime_proba': 0.41, 'thresholds.signal_adaptation.zones.mid.entry_conf_overall': 0.27, 'thresholds.signal_adaptation.zones.mid.regime_proba': 0.36, 'thresholds.signal_adaptation.zones.high.entry_conf_overall': 0.44, 'thresholds.signal_adaptation.zones.high.regime_proba': 0.47, 'exit.exit_conf_threshold': 0.4, 'exit.max_hold_bars': 24, 'exit.trailing_stop_pct': 0.01, 'multi_timeframe.ltf_override_threshold': 0.54, 'htf_fib.entry.tolerance_atr': 2.0, 'ltf_fib.entry.tolerance_atr': 1.75, 'htf_exit_config.partial_1_pct': 0.53, 'htf_exit_config.partial_2_pct': 0.44999999999999996, 'htf_exit_config.fib_threshold_atr': 0.6, 'htf_exit_config.trail_atr_multiplier': 3.6}. Best is trial 12 with value: 1.2623464777026068.
[I 2026-01-16 18:19:41,330] Trial 246 finished with value: 1.0739050680152373 and parameters: {'thresholds.entry_conf_overall': 0.32, 'thresholds.regime_proba.balanced': 0.42000000000000004, 'thresholds.regime_proba.bull': 0.42000000000000004, 'thresholds.regime_proba.bear': 0.5800000000000001, 'thresholds.regime_proba.ranging': 0.56, 'thresholds.signal_adaptation.zones.low.entry_conf_overall': 0.3, 'thresholds.signal_adaptation.zones.low.regime_proba': 0.39, 'thresholds.signal_adaptation.zones.mid.entry_conf_overall': 0.31, 'thresholds.signal_adaptation.zones.mid.regime_proba': 0.49, 'thresholds.signal_adaptation.zones.high.entry_conf_overall': 0.43, 'thresholds.signal_adaptation.zones.high.regime_proba': 0.44, 'exit.exit_conf_threshold': 0.4, 'exit.max_hold_bars': 20, 'exit.trailing_stop_pct': 0.02, 'multi_timeframe.ltf_override_threshold': 0.54, 'htf_fib.entry.tolerance_atr': 5.0, 'ltf_fib.entry.tolerance_atr': 1.75, 'htf_exit_config.partial_1_pct': 0.5700000000000001, 'htf_exit_config.partial_2_pct': 0.5, 'htf_exit_config.fib_threshold_atr': 0.8, 'htf_exit_config.trail_atr_multiplier': 3.4000000000000004}. Best is trial 12 with value: 1.2623464777026068.
[I 2026-01-16 18:20:23,300] Trial 247 finished with value: 1.0739050680152373 and parameters: {'thresholds.entry_conf_overall': 0.28, 'thresholds.regime_proba.balanced': 0.54, 'thresholds.regime_proba.bull': 0.56, 'thresholds.regime_proba.bear': 0.44, 'thresholds.regime_proba.ranging': 0.54, 'thresholds.signal_adaptation.zones.low.entry_conf_overall': 0.25, 'thresholds.signal_adaptation.zones.low.regime_proba': 0.37, 'thresholds.signal_adaptation.zones.mid.entry_conf_overall': 0.28, 'thresholds.signal_adaptation.zones.mid.regime_proba': 0.41, 'thresholds.signal_adaptation.zones.high.entry_conf_overall': 0.35, 'thresholds.signal_adaptation.zones.high.regime_proba': 0.49, 'exit.exit_conf_threshold': 0.4, 'exit.max_hold_bars': 22, 'exit.trailing_stop_pct': 0.012, 'multi_timeframe.ltf_override_threshold': 0.3, 'htf_fib.entry.tolerance_atr': 3.0, 'ltf_fib.entry.tolerance_atr': 1.0, 'htf_exit_config.partial_1_pct': 0.53, 'htf_exit_config.partial_2_pct': 0.5, 'htf_exit_config.fib_threshold_atr': 0.85, 'htf_exit_config.trail_atr_multiplier': 2.4000000000000004}. Best is trial 12 with value: 1.2623464777026068.
[I 2026-01-16 18:20:40,005] Trial 248 pruned. 
[I 2026-01-16 18:20:56,399] Trial 249 pruned. 
[I 2026-01-16 18:21:43,180] Trial 250 finished with value: 1.0739050680152373 and parameters: {'thresholds.entry_conf_overall': 0.28, 'thresholds.regime_proba.balanced': 0.54, 'thresholds.regime_proba.bull': 0.46, 'thresholds.regime_proba.bear': 0.48000000000000004, 'thresholds.regime_proba.ranging': 0.46, 'thresholds.signal_adaptation.zones.low.entry_conf_overall': 0.25, 'thresholds.signal_adaptation.zones.low.regime_proba': 0.3, 'thresholds.signal_adaptation.zones.mid.entry_conf_overall': 0.26, 'thresholds.signal_adaptation.zones.mid.regime_proba': 0.39999999999999997, 'thresholds.signal_adaptation.zones.high.entry_conf_overall': 0.34, 'thresholds.signal_adaptation.zones.high.regime_proba': 0.48, 'exit.exit_conf_threshold': 0.4, 'exit.max_hold_bars': 20, 'exit.trailing_stop_pct': 0.011, 'multi_timeframe.ltf_override_threshold': 0.5, 'htf_fib.entry.tolerance_atr': 2.0, 'ltf_fib.entry.tolerance_atr': 1.25, 'htf_exit_config.partial_1_pct': 0.5900000000000001, 'htf_exit_config.partial_2_pct': 0.5, 'htf_exit_config.fib_threshold_atr': 1.0, 'htf_exit_config.trail_atr_multiplier': 2.4000000000000004}. Best is trial 12 with value: 1.2623464777026068.
[I 2026-01-16 18:22:24,861] Trial 251 finished with value: 1.0739050680152373 and parameters: {'thresholds.entry_conf_overall': 0.3, 'thresholds.regime_proba.balanced': 0.42000000000000004, 'thresholds.regime_proba.bull': 0.54, 'thresholds.regime_proba.bear': 0.46, 'thresholds.regime_proba.ranging': 0.44, 'thresholds.signal_adaptation.zones.low.entry_conf_overall': 0.25, 'thresholds.signal_adaptation.zones.low.regime_proba': 0.41, 'thresholds.signal_adaptation.zones.mid.entry_conf_overall': 0.26, 'thresholds.signal_adaptation.zones.mid.regime_proba': 0.39, 'thresholds.signal_adaptation.zones.high.entry_conf_overall': 0.43, 'thresholds.signal_adaptation.zones.high.regime_proba': 0.45, 'exit.exit_conf_threshold': 0.4, 'exit.max_hold_bars': 15, 'exit.trailing_stop_pct': 0.012, 'multi_timeframe.ltf_override_threshold': 0.45999999999999996, 'htf_fib.entry.tolerance_atr': 3.0, 'ltf_fib.entry.tolerance_atr': 2.0, 'htf_exit_config.partial_1_pct': 0.51, 'htf_exit_config.partial_2_pct': 0.35, 'htf_exit_config.fib_threshold_atr': 0.65, 'htf_exit_config.trail_atr_multiplier': 3.1}. Best is trial 12 with value: 1.2623464777026068.
[I 2026-01-16 18:23:13,050] Trial 252 pruned. 
[I 2026-01-16 18:23:30,049] Trial 253 pruned. 
[I 2026-01-16 18:23:46,023] Trial 254 pruned. 
[I 2026-01-16 18:24:27,985] Trial 255 finished with value: 1.2623464777026068 and parameters: {'thresholds.entry_conf_overall': 0.28, 'thresholds.regime_proba.balanced': 0.4, 'thresholds.regime_proba.bull': 0.48000000000000004, 'thresholds.regime_proba.bear': 0.48000000000000004, 'thresholds.regime_proba.ranging': 0.56, 'thresholds.signal_adaptation.zones.low.entry_conf_overall': 0.27, 'thresholds.signal_adaptation.zones.low.regime_proba': 0.44999999999999996, 'thresholds.signal_adaptation.zones.mid.entry_conf_overall': 0.28, 'thresholds.signal_adaptation.zones.mid.regime_proba': 0.44, 'thresholds.signal_adaptation.zones.high.entry_conf_overall': 0.37, 'thresholds.signal_adaptation.zones.high.regime_proba': 0.48, 'exit.exit_conf_threshold': 0.42000000000000004, 'exit.max_hold_bars': 16, 'exit.trailing_stop_pct': 0.02, 'multi_timeframe.ltf_override_threshold': 0.56, 'htf_fib.entry.tolerance_atr': 6.0, 'ltf_fib.entry.tolerance_atr': 1.75, 'htf_exit_config.partial_1_pct': 0.61, 'htf_exit_config.partial_2_pct': 0.35, 'htf_exit_config.fib_threshold_atr': 0.95, 'htf_exit_config.trail_atr_multiplier': 3.5}. Best is trial 12 with value: 1.2623464777026068.
[I 2026-01-16 18:25:09,411] Trial 256 finished with value: 1.2623464777026068 and parameters: {'thresholds.entry_conf_overall': 0.29, 'thresholds.regime_proba.balanced': 0.5800000000000001, 'thresholds.regime_proba.bull': 0.56, 'thresholds.regime_proba.bear': 0.42000000000000004, 'thresholds.regime_proba.ranging': 0.42000000000000004, 'thresholds.signal_adaptation.zones.low.entry_conf_overall': 0.23, 'thresholds.signal_adaptation.zones.low.regime_proba': 0.39, 'thresholds.signal_adaptation.zones.mid.entry_conf_overall': 0.26, 'thresholds.signal_adaptation.zones.mid.regime_proba': 0.43, 'thresholds.signal_adaptation.zones.high.entry_conf_overall': 0.37, 'thresholds.signal_adaptation.zones.high.regime_proba': 0.46, 'exit.exit_conf_threshold': 0.42000000000000004, 'exit.max_hold_bars': 23, 'exit.trailing_stop_pct': 0.01, 'multi_timeframe.ltf_override_threshold': 0.42, 'htf_fib.entry.tolerance_atr': 2.5, 'ltf_fib.entry.tolerance_atr': 1.25, 'htf_exit_config.partial_1_pct': 0.47000000000000003, 'htf_exit_config.partial_2_pct': 0.39999999999999997, 'htf_exit_config.fib_threshold_atr': 0.65, 'htf_exit_config.trail_atr_multiplier': 2.9000000000000004}. Best is trial 12 with value: 1.2623464777026068.
[I 2026-01-16 18:25:26,962] Trial 257 pruned. 
